Log file open, 08/18/24 22:17:33
LogInit: Display: Running engine for game: GMTK2024
LogPlatformFile: Not using cached read wrapper
LogTaskGraph: Started task graph with 5 named threads and 47 total threads with 3 sets of task threads.
LogStats: Stats thread started at 0.210521
LogD3D11RHI: Loaded GFSDK_Aftermath_Lib.x64.dll
LogICUInternationalization: ICU TimeZone Detection - Raw Offset: +0:00, Platform Override: ''
LogPluginManager: Mounting plugin Paper2D
LogPluginManager: Mounting plugin AISupport
LogPluginManager: Mounting plugin LightPropagationVolume
LogPluginManager: Mounting plugin CameraShakePreviewer
LogPluginManager: Mounting plugin ActorLayerUtilities
LogPluginManager: Mounting plugin AnimationSharing
LogPluginManager: Mounting plugin CLionSourceCodeAccess
LogPluginManager: Mounting plugin CodeLiteSourceCodeAccess
LogPluginManager: Mounting plugin GitSourceControl
LogPluginManager: Mounting plugin KDevelopSourceCodeAccess
LogPluginManager: Mounting plugin NullSourceCodeAccess
LogPluginManager: Mounting plugin PerforceSourceControl
LogPluginManager: Mounting plugin PlasticSourceControl
LogPluginManager: Mounting plugin RiderSourceCodeAccess
LogPluginManager: Mounting plugin SubversionSourceControl
LogPluginManager: Mounting plugin UObjectPlugin
LogPluginManager: Mounting plugin VisualStudioCodeSourceCodeAccess
LogPluginManager: Mounting plugin VisualStudioSourceCodeAccess
LogPluginManager: Mounting plugin XCodeSourceCodeAccess
LogPluginManager: Mounting plugin AssetManagerEditor
LogPluginManager: Mounting plugin CryptoKeys
LogPluginManager: Mounting plugin CurveEditorTools
LogPluginManager: Mounting plugin DataValidation
LogPluginManager: Mounting plugin EditorScriptingUtilities
LogPluginManager: Mounting plugin FacialAnimation
LogPluginManager: Mounting plugin GameplayTagsEditor
LogPluginManager: Mounting plugin GeometryMode
LogPluginManager: Mounting plugin MacGraphicsSwitching
LogPluginManager: Mounting plugin MaterialAnalyzer
LogPluginManager: Mounting plugin MobileLauncherProfileWizard
LogPluginManager: Mounting plugin PluginBrowser
LogPluginManager: Mounting plugin SpeedTreeImporter
LogPluginManager: Mounting plugin DatasmithContent
LogPluginManager: Mounting plugin VariantManagerContent
LogPluginManager: Mounting plugin AlembicImporter
LogPluginManager: Mounting plugin AutomationUtils
LogPluginManager: Mounting plugin BackChannel
LogPluginManager: Mounting plugin ChaosCloth
LogPluginManager: Mounting plugin ChaosClothEditor
LogPluginManager: Mounting plugin ChaosEditor
LogPluginManager: Mounting plugin ChaosNiagara
LogPluginManager: Mounting plugin ChaosSolverPlugin
LogPluginManager: Mounting plugin CharacterAI
LogPluginManager: Mounting plugin GeometryCache
LogPluginManager: Mounting plugin GeometryCollectionPlugin
LogPluginManager: Mounting plugin GeometryProcessing
LogPluginManager: Mounting plugin PlanarCut
LogPluginManager: Mounting plugin PlatformCrypto
LogPluginManager: Mounting plugin ProxyLODPlugin
LogPluginManager: Mounting plugin SkeletalReduction
LogPluginManager: Mounting plugin Niagara
LogPluginManager: Mounting plugin MagicLeap
LogPluginManager: Mounting plugin MagicLeapLightEstimation
LogPluginManager: Mounting plugin MagicLeapMedia
LogPluginManager: Mounting plugin MagicLeapPassableWorld
LogPluginManager: Mounting plugin MLSDK
LogPluginManager: Mounting plugin RiderLink
LogPluginManager: Mounting plugin AndroidMedia
LogPluginManager: Mounting plugin AvfMedia
LogPluginManager: Mounting plugin ImgMedia
LogPluginManager: Mounting plugin MediaCompositing
LogPluginManager: Mounting plugin MediaPlayerEditor
LogPluginManager: Mounting plugin WebMMedia
LogPluginManager: Mounting plugin WmfMedia
LogPluginManager: Mounting plugin MeshPainting
LogPluginManager: Mounting plugin TcpMessaging
LogPluginManager: Mounting plugin UdpMessaging
LogPluginManager: Mounting plugin ActorSequence
LogPluginManager: Mounting plugin LevelSequenceEditor
LogPluginManager: Mounting plugin MatineeToLevelSequence
LogPluginManager: Mounting plugin MovieRenderPipeline
LogPluginManager: Mounting plugin TemplateSequence
LogPluginManager: Mounting plugin NetcodeUnitTest
LogPluginManager: Mounting plugin NUTUnrealEngine4
LogPluginManager: Mounting plugin OnlineSubsystemGooglePlay
LogPluginManager: Mounting plugin OnlineSubsystemIOS
LogPluginManager: Mounting plugin OnlineSubsystem
LogPluginManager: Mounting plugin OnlineSubsystemNull
LogPluginManager: Mounting plugin OnlineSubsystemUtils
LogPluginManager: Mounting plugin LauncherChunkInstaller
LogPluginManager: Mounting plugin AndroidDeviceProfileSelector
LogPluginManager: Mounting plugin AndroidMoviePlayer
LogPluginManager: Mounting plugin AndroidPermission
LogPluginManager: Mounting plugin AppleImageUtils
LogPluginManager: Mounting plugin AppleMoviePlayer
LogPluginManager: Mounting plugin ArchVisCharacter
LogPluginManager: Mounting plugin AssetTags
LogPluginManager: Mounting plugin AudioCapture
LogPluginManager: Mounting plugin CableComponent
LogPluginManager: Mounting plugin CustomMeshComponent
LogPluginManager: Mounting plugin EditableMesh
LogPluginManager: Mounting plugin ExampleDeviceProfileSelector
LogPluginManager: Mounting plugin GoogleCloudMessaging
LogPluginManager: Mounting plugin GooglePAD
LogPluginManager: Mounting plugin IOSDeviceProfileSelector
LogPluginManager: Mounting plugin LinuxDeviceProfileSelector
LogPluginManager: Mounting plugin LocationServicesBPLibrary
LogPluginManager: Mounting plugin MobilePatchingUtils
LogPluginManager: Mounting plugin OculusVR
LogPluginManager: Mounting plugin PhysXVehicles
LogPluginManager: Mounting plugin PostSplashScreen
LogPluginManager: Mounting plugin ProceduralMeshComponent
LogPluginManager: Mounting plugin RuntimePhysXCooking
LogPluginManager: Mounting plugin SignificanceManager
LogPluginManager: Mounting plugin SoundFields
LogPluginManager: Mounting plugin SteamVR
LogPluginManager: Mounting plugin Synthesis
LogPluginManager: Mounting plugin WebMMoviePlayer
LogPluginManager: Mounting plugin WindowsMoviePlayer
LogPluginManager: Mounting plugin ScreenshotTools
LogInit: Using libcurl 7.55.1-DEV
LogInit:  - built for x86_64-pc-win32
LogInit:  - supports SSL with OpenSSL/1.1.1
LogInit:  - supports HTTP deflate (compression) using libz 1.2.8
LogInit:  - other features:
LogInit:      CURL_VERSION_SSL
LogInit:      CURL_VERSION_LIBZ
LogInit:      CURL_VERSION_IPV6
LogInit:      CURL_VERSION_ASYNCHDNS
LogInit:      CURL_VERSION_LARGEFILE
LogInit:      CURL_VERSION_IDN
LogInit:  CurlRequestOptions (configurable via config and command line):
LogInit:  - bVerifyPeer = true  - Libcurl will verify peer certificate
LogInit:  - bUseHttpProxy = false  - Libcurl will NOT use HTTP proxy
LogInit:  - bDontReuseConnections = false  - Libcurl will reuse connections
LogInit:  - MaxHostConnections = 16  - Libcurl will limit the number of connections to a host
LogInit:  - LocalHostAddr = Default
LogInit:  - BufferSize = 65536
LogOnline: OSS: Creating online subsystem instance for: NULL
LogInit: WinSock: version 1.1 (2.2), MaxSocks=32767, MaxUdp=65467
LogOnline: OSS: TryLoadSubsystemAndSetDefault: Loaded subsystem for module [NULL]
LogInit: Build: ++UE4+Release-4.25-CL-14469661
LogInit: Engine Version: 4.25.4-14469661+++UE4+Release-4.25
LogInit: Compatible Engine Version: 4.25.0-13144385+++UE4+Release-4.25
LogInit: Net CL: 13144385
LogInit: OS: Windows 10 (Release 2009) (), CPU: AMD Ryzen 7 3700X 8-Core Processor             , GPU: AMD Radeon RX 5700 XT
LogInit: Compiled (64-bit): Oct 11 2020 08:10:49
LogInit: Compiled with Visual C++: 19.24.28315.00
LogInit: Build Configuration: Development
LogInit: Branch Name: ++UE4+Release-4.25
LogInit: Command Line:  -skipcompile
LogInit: Base Directory: D:/Program Files (x86)/Epic Games/Games/UE_4.25/Engine/Binaries/Win64/
LogInit: Allocator: TBB
LogInit: Installed Engine Build: 1
LogDevObjectVersion: Number of dev versions registered: 26
LogDevObjectVersion:   Dev-Blueprints (B0D832E4-1F89-4F0D-ACCF-7EB736FD4AA2): 10
LogDevObjectVersion:   Dev-Build (E1C64328-A22C-4D53-A36C-8E866417BD8C): 0
LogDevObjectVersion:   Dev-Core (375EC13C-06E4-48FB-B500-84F0262A717E): 4
LogDevObjectVersion:   Dev-Editor (E4B068ED-F494-42E9-A231-DA0B2E46BB41): 38
LogDevObjectVersion:   Dev-Framework (CFFC743F-43B0-4480-9391-14DF171D2073): 37
LogDevObjectVersion:   Dev-Mobile (B02B49B5-BB20-44E9-A304-32B752E40360): 2
LogDevObjectVersion:   Dev-Networking (A4E4105C-59A1-49B5-A7C5-40C4547EDFEE): 0
LogDevObjectVersion:   Dev-Online (39C831C9-5AE6-47DC-9A44-9C173E1C8E7C): 0
LogDevObjectVersion:   Dev-Physics (78F01B33-EBEA-4F98-B9B4-84EACCB95AA2): 4
LogDevObjectVersion:   Dev-Platform (6631380F-2D4D-43E0-8009-CF276956A95A): 0
LogDevObjectVersion:   Dev-Rendering (12F88B9F-8875-4AFC-A67C-D90C383ABD29): 43
LogDevObjectVersion:   Dev-Sequencer (7B5AE74C-D270-4C10-A958-57980B212A5A): 12
LogDevObjectVersion:   Dev-VR (D7296918-1DD6-4BDD-9DE2-64A83CC13884): 3
LogDevObjectVersion:   Dev-LoadTimes (C2A15278-BFE7-4AFE-6C17-90FF531DF755): 1
LogDevObjectVersion:   Private-Geometry (6EACA3D4-40EC-4CC1-B786-8BED09428FC5): 3
LogDevObjectVersion:   Dev-AnimPhys (29E575DD-E0A3-4627-9D10-D276232CDCEA): 17
LogDevObjectVersion:   Dev-Anim (AF43A65D-7FD3-4947-9873-3E8ED9C1BB05): 7
LogDevObjectVersion:   Dev-ReflectionCapture (6B266CEC-1EC7-4B8F-A30B-E4D90942FC07): 1
LogDevObjectVersion:   Dev-Automation (0DF73D61-A23F-47EA-B727-89E90C41499A): 1
LogDevObjectVersion:   FortniteMain (601D1886-AC64-4F84-AA16-D3DE0DEAC7D6): 31
LogDevObjectVersion:   Dev-Enterprise (9DFFBCD6-494F-0158-E221-12823C92A888): 10
LogDevObjectVersion:   Dev-Niagara (F2AED0AC-9AFE-416F-8664-AA7FFA26D6FC): 1
LogDevObjectVersion:   Dev-Destruction (174F1F0B-B4C6-45A5-B13F-2EE8D0FB917D): 10
LogDevObjectVersion:   Dev-Physics-Ext (35F94A83-E258-406C-A318-09F59610247C): 37
LogDevObjectVersion:   Dev-PhysicsMaterial-Chaos (B68FC16E-8B1B-42E2-B453-215C058844FE): 1
LogDevObjectVersion:   Dev-CineCamera (B2E18506-4273-CFC2-A54E-F4BB758BBA07): 1
LogInit: Presizing for max 25165824 objects, including 0 objects not considered by GC, pre-allocating 0 bytes for permanent pool.
LogConfig: Applying CVar settings from Section [/Script/Engine.StreamingSettings] File [D:/Unreal Projects/Github/GMTKJam2024/GMTK2024/Saved/Config/Windows/Engine.ini]
LogConfig: Setting CVar [[s.MinBulkDataSizeForAsyncLoading:131072]]
LogConfig: Setting CVar [[s.AsyncLoadingThreadEnabled:0]]
LogConfig: Setting CVar [[s.EventDrivenLoaderEnabled:1]]
LogConfig: Setting CVar [[s.WarnIfTimeLimitExceeded:0]]
LogConfig: Setting CVar [[s.TimeLimitExceededMultiplier:1.5]]
LogConfig: Setting CVar [[s.TimeLimitExceededMinTime:0.005]]
LogConfig: Setting CVar [[s.UseBackgroundLevelStreaming:1]]
LogConfig: Setting CVar [[s.PriorityAsyncLoadingExtraTime:15.0]]
LogConfig: Setting CVar [[s.LevelStreamingActorsUpdateTimeLimit:5.0]]
LogConfig: Setting CVar [[s.PriorityLevelStreamingActorsUpdateExtraTime:5.0]]
LogConfig: Setting CVar [[s.LevelStreamingComponentsRegistrationGranularity:10]]
LogConfig: Setting CVar [[s.UnregisterComponentsTimeLimit:1.0]]
LogConfig: Setting CVar [[s.LevelStreamingComponentsUnregistrationGranularity:5]]
LogConfig: Setting CVar [[s.FlushStreamingOnExit:1]]
LogInit: Object subsystem initialized
LogConfig: Setting CVar [[con.DebugEarlyDefault:1]]
LogConfig: Setting CVar [[r.setres:1280x720]]
[2024.08.18-21.17.33:747][  0]LogConfig: Setting CVar [[r.VSync:0]]
[2024.08.18-21.17.33:747][  0]LogConfig: Setting CVar [[r.RHICmdBypass:0]]
[2024.08.18-21.17.33:747][  0]LogConfig: Applying CVar settings from Section [/Script/Engine.RendererSettings] File [D:/Unreal Projects/Github/GMTKJam2024/GMTK2024/Saved/Config/Windows/Engine.ini]
[2024.08.18-21.17.33:747][  0]LogConfig: Setting CVar [[r.GPUCrashDebugging:0]]
[2024.08.18-21.17.33:747][  0]LogConfig: Setting CVar [[r.Mobile.DisableVertexFog:1]]
[2024.08.18-21.17.33:747][  0]LogConfig: Setting CVar [[r.Shadow.CSM.MaxMobileCascades:2]]
[2024.08.18-21.17.33:747][  0]LogConfig: Setting CVar [[r.MobileMSAA:1]]
[2024.08.18-21.17.33:747][  0]LogConfig: Setting CVar [[r.Mobile.UseLegacyShadingModel:0]]
[2024.08.18-21.17.33:747][  0]LogConfig: Setting CVar [[r.Mobile.AllowDitheredLODTransition:0]]
[2024.08.18-21.17.33:747][  0]LogConfig: Setting CVar [[r.Mobile.AllowSoftwareOcclusion:0]]
[2024.08.18-21.17.33:747][  0]LogConfig: Setting CVar [[r.Mobile.VirtualTextures:0]]
[2024.08.18-21.17.33:747][  0]LogConfig: Setting CVar [[r.DiscardUnusedQuality:0]]
[2024.08.18-21.17.33:747][  0]LogConfig: Setting CVar [[r.AllowOcclusionQueries:1]]
[2024.08.18-21.17.33:747][  0]LogConfig: Setting CVar [[r.MinScreenRadiusForLights:0.030000]]
[2024.08.18-21.17.33:747][  0]LogConfig: Setting CVar [[r.MinScreenRadiusForDepthPrepass:0.030000]]
[2024.08.18-21.17.33:747][  0]LogConfig: Setting CVar [[r.MinScreenRadiusForCSMDepth:0.010000]]
[2024.08.18-21.17.33:747][  0]LogConfig: Setting CVar [[r.PrecomputedVisibilityWarning:0]]
[2024.08.18-21.17.33:747][  0]LogConfig: Setting CVar [[r.TextureStreaming:1]]
[2024.08.18-21.17.33:747][  0]LogConfig: Setting CVar [[Compat.UseDXT5NormalMaps:0]]
[2024.08.18-21.17.33:747][  0]LogConfig: Setting CVar [[r.VirtualTextures:0]]
[2024.08.18-21.17.33:747][  0]LogConfig: Setting CVar [[r.VirtualTexturedLightmaps:0]]
[2024.08.18-21.17.33:747][  0]LogConfig: Setting CVar [[r.VT.TileSize:128]]
[2024.08.18-21.17.33:747][  0]LogConfig: Setting CVar [[r.VT.TileBorderSize:4]]
[2024.08.18-21.17.33:747][  0]LogConfig: Setting CVar [[r.vt.FeedbackFactor:16]]
[2024.08.18-21.17.33:747][  0]LogConfig: Setting CVar [[r.VT.EnableCompressZlib:1]]
[2024.08.18-21.17.33:747][  0]LogConfig: Setting CVar [[r.VT.EnableCompressCrunch:0]]
[2024.08.18-21.17.33:747][  0]LogConfig: Setting CVar [[r.ClearCoatNormal:0]]
[2024.08.18-21.17.33:747][  0]LogConfig: Setting CVar [[r.AnisotropicBRDF:0]]
[2024.08.18-21.17.33:747][  0]LogConfig: Setting CVar [[r.ReflectionCaptureResolution:128]]
[2024.08.18-21.17.33:747][  0]LogConfig: Setting CVar [[r.ReflectionEnvironmentLightmapMixBasedOnRoughness:1]]
[2024.08.18-21.17.33:747][  0]LogConfig: Setting CVar [[r.ForwardShading:0]]
[2024.08.18-21.17.33:747][  0]LogConfig: Setting CVar [[r.VertexFoggingForOpaque:1]]
[2024.08.18-21.17.33:747][  0]LogConfig: Setting CVar [[r.AllowStaticLighting:1]]
[2024.08.18-21.17.33:747][  0]LogConfig: Setting CVar [[r.NormalMapsForStaticLighting:0]]
[2024.08.18-21.17.33:747][  0]LogConfig: Setting CVar [[r.GenerateMeshDistanceFields:0]]
[2024.08.18-21.17.33:747][  0]LogConfig: Setting CVar [[r.DistanceFieldBuild.EightBit:0]]
[2024.08.18-21.17.33:747][  0]LogConfig: Setting CVar [[r.GenerateLandscapeGIData:0]]
[2024.08.18-21.17.33:747][  0]LogConfig: Setting CVar [[r.DistanceFieldBuild.Compress:0]]
[2024.08.18-21.17.33:747][  0]LogConfig: Setting CVar [[r.TessellationAdaptivePixelsPerTriangle:48.000000]]
[2024.08.18-21.17.33:747][  0]LogConfig: Setting CVar [[r.SeparateTranslucency:1]]
[2024.08.18-21.17.33:747][  0]LogConfig: Setting CVar [[r.TranslucentSortPolicy:0]]
[2024.08.18-21.17.33:747][  0]LogConfig: Setting CVar [[r.CustomDepth:1]]
[2024.08.18-21.17.33:747][  0]LogConfig: Setting CVar [[r.CustomDepthTemporalAAJitter:1]]
[2024.08.18-21.17.33:748][  0]LogConfig: Setting CVar [[r.PostProcessing.PropagateAlpha:0]]
[2024.08.18-21.17.33:748][  0]LogConfig: Setting CVar [[r.DefaultFeature.Bloom:1]]
[2024.08.18-21.17.33:748][  0]LogConfig: Setting CVar [[r.DefaultFeature.AmbientOcclusion:1]]
[2024.08.18-21.17.33:748][  0]LogConfig: Setting CVar [[r.DefaultFeature.AmbientOcclusionStaticFraction:1]]
[2024.08.18-21.17.33:748][  0]LogConfig: Setting CVar [[r.DefaultFeature.AutoExposure:0]]
[2024.08.18-21.17.33:748][  0]LogConfig: Setting CVar [[r.DefaultFeature.AutoExposure.Method:0]]
[2024.08.18-21.17.33:748][  0]LogConfig: Setting CVar [[r.DefaultFeature.AutoExposure.Bias:1.000000]]
[2024.08.18-21.17.33:748][  0]LogConfig: Setting CVar [[r.DefaultFeature.AutoExposure.ExtendDefaultLuminanceRange:0]]
[2024.08.18-21.17.33:748][  0]LogConfig: Setting CVar [[r.UsePreExposure:1]]
[2024.08.18-21.17.33:748][  0]LogConfig: Setting CVar [[r.EyeAdaptation.EditorOnly:0]]
[2024.08.18-21.17.33:748][  0]LogConfig: Setting CVar [[r.DefaultFeature.MotionBlur:0]]
[2024.08.18-21.17.33:748][  0]LogConfig: Setting CVar [[r.DefaultFeature.LensFlare:0]]
[2024.08.18-21.17.33:748][  0]LogConfig: Setting CVar [[r.TemporalAA.Upsampling:0]]
[2024.08.18-21.17.33:748][  0]LogConfig: Setting CVar [[r.SSGI.Enable:0]]
[2024.08.18-21.17.33:748][  0]LogConfig: Setting CVar [[r.DefaultFeature.AntiAliasing:0]]
[2024.08.18-21.17.33:748][  0]LogConfig: Setting CVar [[r.DefaultFeature.LightUnits:1]]
[2024.08.18-21.17.33:748][  0]LogConfig: Setting CVar [[r.DefaultBackBufferPixelFormat:4]]
[2024.08.18-21.17.33:748][  0]LogConfig: Setting CVar [[r.Shadow.UnbuiltPreviewInGame:1]]
[2024.08.18-21.17.33:748][  0]LogConfig: Setting CVar [[r.StencilForLODDither:0]]
[2024.08.18-21.17.33:748][  0]LogConfig: Setting CVar [[r.EarlyZPass:3]]
[2024.08.18-21.17.33:748][  0]LogConfig: Setting CVar [[r.EarlyZPassOnlyMaterialMasking:0]]
[2024.08.18-21.17.33:748][  0]LogConfig: Setting CVar [[r.DBuffer:1]]
[2024.08.18-21.17.33:748][  0]LogConfig: Setting CVar [[r.ClearSceneMethod:1]]
[2024.08.18-21.17.33:748][  0]LogConfig: Setting CVar [[r.BasePassOutputsVelocity:0]]
[2024.08.18-21.17.33:748][  0]LogConfig: Setting CVar [[r.VertexDeformationOutputsVelocity:0]]
[2024.08.18-21.17.33:748][  0]LogConfig: Setting CVar [[r.SelectiveBasePassOutputs:0]]
[2024.08.18-21.17.33:748][  0]LogConfig: Setting CVar [[fx.GPUSimulationTextureSizeX:1024]]
[2024.08.18-21.17.33:748][  0]LogConfig: Setting CVar [[fx.GPUSimulationTextureSizeY:1024]]
[2024.08.18-21.17.33:748][  0]LogConfig: Setting CVar [[r.AllowGlobalClipPlane:0]]
[2024.08.18-21.17.33:748][  0]LogConfig: Setting CVar [[r.GBufferFormat:1]]
[2024.08.18-21.17.33:748][  0]LogConfig: Setting CVar [[r.MorphTarget.Mode:1]]
[2024.08.18-21.17.33:748][  0]LogConfig: Setting CVar [[vr.InstancedStereo:0]]
[2024.08.18-21.17.33:748][  0]LogConfig: Setting CVar [[r.MobileHDR:1]]
[2024.08.18-21.17.33:748][  0]LogConfig: Setting CVar [[vr.MobileMultiView:0]]
[2024.08.18-21.17.33:748][  0]LogConfig: Setting CVar [[r.Mobile.UseHWsRGBEncoding:0]]
[2024.08.18-21.17.33:748][  0]LogConfig: Setting CVar [[vr.RoundRobinOcclusion:0]]
[2024.08.18-21.17.33:748][  0]LogConfig: Setting CVar [[vr.ODSCapture:0]]
[2024.08.18-21.17.33:748][  0]LogConfig: Setting CVar [[r.MeshStreaming:0]]
[2024.08.18-21.17.33:748][  0]LogConfig: Setting CVar [[r.WireframeCullThreshold:5.000000]]
[2024.08.18-21.17.33:748][  0]LogConfig: Setting CVar [[r.RayTracing:0]]
[2024.08.18-21.17.33:748][  0]LogConfig: Setting CVar [[r.RayTracing.UseTextureLod:0]]
[2024.08.18-21.17.33:748][  0]LogConfig: Setting CVar [[r.SupportStationarySkylight:1]]
[2024.08.18-21.17.33:748][  0]LogConfig: Setting CVar [[r.SupportLowQualityLightmaps:1]]
[2024.08.18-21.17.33:748][  0]LogConfig: Setting CVar [[r.SupportPointLightWholeSceneShadows:1]]
[2024.08.18-21.17.33:748][  0]LogConfig: Setting CVar [[r.SupportAtmosphericFog:1]]
[2024.08.18-21.17.33:748][  0]LogConfig: Setting CVar [[r.SupportSkyAtmosphere:1]]
[2024.08.18-21.17.33:748][  0]LogConfig: Setting CVar [[r.SupportSkyAtmosphereAffectsHeightFog:0]]
[2024.08.18-21.17.33:748][  0]LogConfig: Setting CVar [[r.SkinCache.CompileShaders:0]]
[2024.08.18-21.17.33:748][  0]LogConfig: Setting CVar [[r.SkinCache.DefaultBehavior:1]]
[2024.08.18-21.17.33:748][  0]LogConfig: Setting CVar [[r.SkinCache.SceneMemoryLimitInMB:128.000000]]
[2024.08.18-21.17.33:748][  0]LogConfig: Setting CVar [[r.Mobile.EnableStaticAndCSMShadowReceivers:1]]
[2024.08.18-21.17.33:748][  0]LogConfig: Setting CVar [[r.Mobile.EnableMovableLightCSMShaderCulling:1]]
[2024.08.18-21.17.33:748][  0]LogConfig: Setting CVar [[r.Mobile.AllowDistanceFieldShadows:1]]
[2024.08.18-21.17.33:748][  0]LogConfig: Setting CVar [[r.Mobile.AllowMovableDirectionalLights:1]]
[2024.08.18-21.17.33:748][  0]LogConfig: Setting CVar [[r.MobileNumDynamicPointLights:4]]
[2024.08.18-21.17.33:748][  0]LogConfig: Setting CVar [[r.MobileDynamicPointLightsUseStaticBranch:1]]
[2024.08.18-21.17.33:748][  0]LogConfig: Setting CVar [[r.Mobile.EnableMovableSpotlights:0]]
[2024.08.18-21.17.33:748][  0]LogConfig: Setting CVar [[r.GPUSkin.Support16BitBoneIndex:0]]
[2024.08.18-21.17.33:748][  0]LogConfig: Setting CVar [[r.GPUSkin.Limit2BoneInfluences:0]]
[2024.08.18-21.17.33:749][  0]LogConfig: Setting CVar [[r.SupportDepthOnlyIndexBuffers:1]]
[2024.08.18-21.17.33:749][  0]LogConfig: Setting CVar [[r.SupportReversedIndexBuffers:1]]
[2024.08.18-21.17.33:749][  0]LogConfig: Setting CVar [[r.SupportMaterialLayers:0]]
[2024.08.18-21.17.33:749][  0]LogConfig: Setting CVar [[r.LightPropagationVolume:0]]
[2024.08.18-21.17.33:749][  0]LogConfig: Applying CVar settings from Section [/Script/Engine.RendererOverrideSettings] File [D:/Unreal Projects/Github/GMTKJam2024/GMTK2024/Saved/Config/Windows/Engine.ini]
[2024.08.18-21.17.33:749][  0]LogConfig: Applying CVar settings from Section [/Script/Engine.StreamingSettings] File [D:/Unreal Projects/Github/GMTKJam2024/GMTK2024/Saved/Config/Windows/Engine.ini]
[2024.08.18-21.17.33:749][  0]LogConfig: Setting CVar [[s.MinBulkDataSizeForAsyncLoading:131072]]
[2024.08.18-21.17.33:749][  0]LogConfig: Setting CVar [[s.AsyncLoadingThreadEnabled:0]]
[2024.08.18-21.17.33:749][  0]LogConfig: Setting CVar [[s.EventDrivenLoaderEnabled:1]]
[2024.08.18-21.17.33:749][  0]LogConfig: Setting CVar [[s.WarnIfTimeLimitExceeded:0]]
[2024.08.18-21.17.33:749][  0]LogConfig: Setting CVar [[s.TimeLimitExceededMultiplier:1.5]]
[2024.08.18-21.17.33:749][  0]LogConfig: Setting CVar [[s.TimeLimitExceededMinTime:0.005]]
[2024.08.18-21.17.33:749][  0]LogConfig: Setting CVar [[s.UseBackgroundLevelStreaming:1]]
[2024.08.18-21.17.33:749][  0]LogConfig: Setting CVar [[s.PriorityAsyncLoadingExtraTime:15.0]]
[2024.08.18-21.17.33:749][  0]LogConfig: Setting CVar [[s.LevelStreamingActorsUpdateTimeLimit:5.0]]
[2024.08.18-21.17.33:749][  0]LogConfig: Setting CVar [[s.PriorityLevelStreamingActorsUpdateExtraTime:5.0]]
[2024.08.18-21.17.33:749][  0]LogConfig: Setting CVar [[s.LevelStreamingComponentsRegistrationGranularity:10]]
[2024.08.18-21.17.33:749][  0]LogConfig: Setting CVar [[s.UnregisterComponentsTimeLimit:1.0]]
[2024.08.18-21.17.33:749][  0]LogConfig: Setting CVar [[s.LevelStreamingComponentsUnregistrationGranularity:5]]
[2024.08.18-21.17.33:749][  0]LogConfig: Setting CVar [[s.FlushStreamingOnExit:1]]
[2024.08.18-21.17.33:749][  0]LogConfig: Applying CVar settings from Section [/Script/Engine.GarbageCollectionSettings] File [D:/Unreal Projects/Github/GMTKJam2024/GMTK2024/Saved/Config/Windows/Engine.ini]
[2024.08.18-21.17.33:749][  0]LogConfig: Setting CVar [[gc.MaxObjectsNotConsideredByGC:1]]
[2024.08.18-21.17.33:749][  0]LogConfig: Setting CVar [[gc.SizeOfPermanentObjectPool:0]]
[2024.08.18-21.17.33:749][  0]LogConfig: Setting CVar [[gc.FlushStreamingOnGC:0]]
[2024.08.18-21.17.33:749][  0]LogConfig: Setting CVar [[gc.NumRetriesBeforeForcingGC:10]]
[2024.08.18-21.17.33:749][  0]LogConfig: Setting CVar [[gc.AllowParallelGC:1]]
[2024.08.18-21.17.33:749][  0]LogConfig: Setting CVar [[gc.TimeBetweenPurgingPendingKillObjects:61.1]]
[2024.08.18-21.17.33:749][  0]LogConfig: Setting CVar [[gc.MaxObjectsInEditor:25165824]]
[2024.08.18-21.17.33:749][  0]LogConfig: Setting CVar [[gc.IncrementalBeginDestroyEnabled:1]]
[2024.08.18-21.17.33:749][  0]LogConfig: Setting CVar [[gc.CreateGCClusters:1]]
[2024.08.18-21.17.33:749][  0]LogConfig: Setting CVar [[gc.MinGCClusterSize:5]]
[2024.08.18-21.17.33:749][  0]LogConfig: Setting CVar [[gc.ActorClusteringEnabled:0]]
[2024.08.18-21.17.33:749][  0]LogConfig: Setting CVar [[gc.BlueprintClusteringEnabled:0]]
[2024.08.18-21.17.33:749][  0]LogConfig: Setting CVar [[gc.UseDisregardForGCOnDedicatedServers:0]]
[2024.08.18-21.17.33:749][  0]LogConfig: Applying CVar settings from Section [/Script/Engine.NetworkSettings] File [D:/Unreal Projects/Github/GMTKJam2024/GMTK2024/Saved/Config/Windows/Engine.ini]
[2024.08.18-21.17.33:749][  0]LogConfig: Applying CVar settings from Section [/Script/UnrealEd.CookerSettings] File [D:/Unreal Projects/Github/GMTKJam2024/GMTK2024/Saved/Config/Windows/Engine.ini]
[2024.08.18-21.17.33:756][  0]LogConfig: Applying CVar settings from Section [ViewDistanceQuality@3] File [D:/Unreal Projects/Github/GMTKJam2024/GMTK2024/Saved/Config/Windows/Scalability.ini]
[2024.08.18-21.17.33:756][  0]LogConfig: Setting CVar [[r.SkeletalMeshLODBias:0]]
[2024.08.18-21.17.33:756][  0]LogConfig: Setting CVar [[r.ViewDistanceScale:1.0]]
[2024.08.18-21.17.33:756][  0]LogConfig: Applying CVar settings from Section [AntiAliasingQuality@3] File [D:/Unreal Projects/Github/GMTKJam2024/GMTK2024/Saved/Config/Windows/Scalability.ini]
[2024.08.18-21.17.33:756][  0]LogConfig: Setting CVar [[r.PostProcessAAQuality:4]]
[2024.08.18-21.17.33:756][  0]LogConfig: Applying CVar settings from Section [ShadowQuality@3] File [D:/Unreal Projects/Github/GMTKJam2024/GMTK2024/Saved/Config/Windows/Scalability.ini]
[2024.08.18-21.17.33:756][  0]LogConfig: Setting CVar [[r.LightFunctionQuality:1]]
[2024.08.18-21.17.33:756][  0]LogConfig: Setting CVar [[r.ShadowQuality:5]]
[2024.08.18-21.17.33:756][  0]LogConfig: Setting CVar [[r.Shadow.CSM.MaxCascades:10]]
[2024.08.18-21.17.33:756][  0]LogConfig: Setting CVar [[r.Shadow.MaxResolution:2048]]
[2024.08.18-21.17.33:756][  0]LogConfig: Setting CVar [[r.Shadow.MaxCSMResolution:2048]]
[2024.08.18-21.17.33:756][  0]LogConfig: Setting CVar [[r.Shadow.RadiusThreshold:0.01]]
[2024.08.18-21.17.33:756][  0]LogConfig: Setting CVar [[r.Shadow.DistanceScale:1.0]]
[2024.08.18-21.17.33:756][  0]LogConfig: Setting CVar [[r.Shadow.CSM.TransitionScale:1.0]]
[2024.08.18-21.17.33:756][  0]LogConfig: Setting CVar [[r.Shadow.PreShadowResolutionFactor:1.0]]
[2024.08.18-21.17.33:756][  0]LogConfig: Setting CVar [[r.DistanceFieldShadowing:1]]
[2024.08.18-21.17.33:756][  0]LogConfig: Setting CVar [[r.DistanceFieldAO:1]]
[2024.08.18-21.17.33:756][  0]LogConfig: Setting CVar [[r.AOQuality:2]]
[2024.08.18-21.17.33:756][  0]LogConfig: Setting CVar [[r.VolumetricFog:1]]
[2024.08.18-21.17.33:756][  0]LogConfig: Setting CVar [[r.VolumetricFog.GridPixelSize:8]]
[2024.08.18-21.17.33:756][  0]LogConfig: Setting CVar [[r.VolumetricFog.GridSizeZ:128]]
[2024.08.18-21.17.33:756][  0]LogConfig: Setting CVar [[r.VolumetricFog.HistoryMissSupersampleCount:4]]
[2024.08.18-21.17.33:756][  0]LogConfig: Setting CVar [[r.LightMaxDrawDistanceScale:1]]
[2024.08.18-21.17.33:756][  0]LogConfig: Setting CVar [[r.CapsuleShadows:1]]
[2024.08.18-21.17.33:756][  0]LogConfig: Applying CVar settings from Section [PostProcessQuality@3] File [D:/Unreal Projects/Github/GMTKJam2024/GMTK2024/Saved/Config/Windows/Scalability.ini]
[2024.08.18-21.17.33:756][  0]LogConfig: Setting CVar [[r.MotionBlurQuality:4]]
[2024.08.18-21.17.33:756][  0]LogConfig: Setting CVar [[r.AmbientOcclusionMipLevelFactor:0.4]]
[2024.08.18-21.17.33:756][  0]LogConfig: Setting CVar [[r.AmbientOcclusionMaxQuality:100]]
[2024.08.18-21.17.33:756][  0]LogConfig: Setting CVar [[r.AmbientOcclusionLevels:-1]]
[2024.08.18-21.17.33:756][  0]LogConfig: Setting CVar [[r.AmbientOcclusionRadiusScale:1.0]]
[2024.08.18-21.17.33:756][  0]LogConfig: Setting CVar [[r.DepthOfFieldQuality:2]]
[2024.08.18-21.17.33:756][  0]LogConfig: Setting CVar [[r.RenderTargetPoolMin:400]]
[2024.08.18-21.17.33:756][  0]LogConfig: Setting CVar [[r.LensFlareQuality:2]]
[2024.08.18-21.17.33:756][  0]LogConfig: Setting CVar [[r.SceneColorFringeQuality:1]]
[2024.08.18-21.17.33:756][  0]LogConfig: Setting CVar [[r.EyeAdaptationQuality:2]]
[2024.08.18-21.17.33:756][  0]LogConfig: Setting CVar [[r.BloomQuality:5]]
[2024.08.18-21.17.33:756][  0]LogConfig: Setting CVar [[r.FastBlurThreshold:100]]
[2024.08.18-21.17.33:756][  0]LogConfig: Setting CVar [[r.Upscale.Quality:3]]
[2024.08.18-21.17.33:756][  0]LogConfig: Setting CVar [[r.Tonemapper.GrainQuantization:1]]
[2024.08.18-21.17.33:756][  0]LogConfig: Setting CVar [[r.LightShaftQuality:1]]
[2024.08.18-21.17.33:756][  0]LogConfig: Setting CVar [[r.Filter.SizeScale:1]]
[2024.08.18-21.17.33:756][  0]LogConfig: Setting CVar [[r.Tonemapper.Quality:5]]
[2024.08.18-21.17.33:756][  0]LogConfig: Setting CVar [[r.DOF.Gather.AccumulatorQuality:1        ; higher gathering accumulator quality]]
[2024.08.18-21.17.33:756][  0]LogConfig: Setting CVar [[r.DOF.Gather.PostfilterMethod:1          ; Median3x3 postfilering method]]
[2024.08.18-21.17.33:756][  0]LogConfig: Setting CVar [[r.DOF.Gather.EnableBokehSettings:0       ; no bokeh simulation when gathering]]
[2024.08.18-21.17.33:757][  0]LogConfig: Setting CVar [[r.DOF.Gather.RingCount:4                 ; medium number of samples when gathering]]
[2024.08.18-21.17.33:757][  0]LogConfig: Setting CVar [[r.DOF.Scatter.ForegroundCompositing:1    ; additive foreground scattering]]
[2024.08.18-21.17.33:757][  0]LogConfig: Setting CVar [[r.DOF.Scatter.BackgroundCompositing:2    ; additive background scattering]]
[2024.08.18-21.17.33:757][  0]LogConfig: Setting CVar [[r.DOF.Scatter.EnableBokehSettings:1      ; bokeh simulation when scattering]]
[2024.08.18-21.17.33:757][  0]LogConfig: Setting CVar [[r.DOF.Scatter.MaxSpriteRatio:0.1         ; only a maximum of 10% of scattered bokeh]]
[2024.08.18-21.17.33:757][  0]LogConfig: Setting CVar [[r.DOF.Recombine.Quality:1                ; cheap slight out of focus]]
[2024.08.18-21.17.33:757][  0]LogConfig: Setting CVar [[r.DOF.Recombine.EnableBokehSettings:0    ; no bokeh simulation on slight out of focus]]
[2024.08.18-21.17.33:757][  0]LogConfig: Setting CVar [[r.DOF.TemporalAAQuality:1                ; more stable temporal accumulation]]
[2024.08.18-21.17.33:757][  0]LogConfig: Setting CVar [[r.DOF.Kernel.MaxForegroundRadius:0.025]]
[2024.08.18-21.17.33:757][  0]LogConfig: Setting CVar [[r.DOF.Kernel.MaxBackgroundRadius:0.025]]
[2024.08.18-21.17.33:757][  0]LogConfig: Applying CVar settings from Section [TextureQuality@3] File [D:/Unreal Projects/Github/GMTKJam2024/GMTK2024/Saved/Config/Windows/Scalability.ini]
[2024.08.18-21.17.33:757][  0]LogConfig: Setting CVar [[r.Streaming.MipBias:0]]
[2024.08.18-21.17.33:757][  0]LogConfig: Setting CVar [[r.Streaming.AmortizeCPUToGPUCopy:0]]
[2024.08.18-21.17.33:757][  0]LogConfig: Setting CVar [[r.Streaming.MaxNumTexturesToStreamPerFrame:0]]
[2024.08.18-21.17.33:757][  0]LogConfig: Setting CVar [[r.Streaming.Boost:1]]
[2024.08.18-21.17.33:757][  0]LogConfig: Setting CVar [[r.MaxAnisotropy:8]]
[2024.08.18-21.17.33:757][  0]LogConfig: Setting CVar [[r.VT.MaxAnisotropy:8]]
[2024.08.18-21.17.33:757][  0]LogConfig: Setting CVar [[r.Streaming.LimitPoolSizeToVRAM:0]]
[2024.08.18-21.17.33:757][  0]LogConfig: Setting CVar [[r.Streaming.PoolSize:1000]]
[2024.08.18-21.17.33:757][  0]LogConfig: Setting CVar [[r.Streaming.MaxEffectiveScreenSize:0]]
[2024.08.18-21.17.33:757][  0]LogConfig: Applying CVar settings from Section [EffectsQuality@3] File [D:/Unreal Projects/Github/GMTKJam2024/GMTK2024/Saved/Config/Windows/Scalability.ini]
[2024.08.18-21.17.33:757][  0]LogConfig: Setting CVar [[r.TranslucencyLightingVolumeDim:64]]
[2024.08.18-21.17.33:757][  0]LogConfig: Setting CVar [[r.RefractionQuality:2]]
[2024.08.18-21.17.33:757][  0]LogConfig: Setting CVar [[r.SSR.Quality:3]]
[2024.08.18-21.17.33:757][  0]LogConfig: Setting CVar [[r.SSR.HalfResSceneColor:0]]
[2024.08.18-21.17.33:757][  0]LogConfig: Setting CVar [[r.SceneColorFormat:4]]
[2024.08.18-21.17.33:757][  0]LogConfig: Setting CVar [[r.DetailMode:2]]
[2024.08.18-21.17.33:757][  0]LogConfig: Setting CVar [[r.TranslucencyVolumeBlur:1]]
[2024.08.18-21.17.33:757][  0]LogConfig: Setting CVar [[r.MaterialQualityLevel:1 ; High quality]]
[2024.08.18-21.17.33:757][  0]LogConfig: Setting CVar [[r.SSS.Scale:1]]
[2024.08.18-21.17.33:757][  0]LogConfig: Setting CVar [[r.SSS.SampleSet:2]]
[2024.08.18-21.17.33:757][  0]LogConfig: Setting CVar [[r.SSS.Quality:1]]
[2024.08.18-21.17.33:757][  0]LogConfig: Setting CVar [[r.SSS.HalfRes:0]]
[2024.08.18-21.17.33:757][  0]LogConfig: Setting CVar [[r.SSGI.Quality:3]]
[2024.08.18-21.17.33:757][  0]LogConfig: Setting CVar [[r.EmitterSpawnRateScale:1.0]]
[2024.08.18-21.17.33:757][  0]LogConfig: Setting CVar [[r.ParticleLightQuality:2]]
[2024.08.18-21.17.33:757][  0]LogConfig: Setting CVar [[r.SkyAtmosphere.AerialPerspectiveLUT.FastApplyOnOpaque:1 ; Always have FastSkyLUT 1 in this case to avoid wrong sky]]
[2024.08.18-21.17.33:757][  0]LogConfig: Setting CVar [[r.SkyAtmosphere.AerialPerspectiveLUT.SampleCountPerSlice:1]]
[2024.08.18-21.17.33:757][  0]LogConfig: Setting CVar [[r.SkyAtmosphere.AerialPerspectiveLUT.DepthResolution:16.0]]
[2024.08.18-21.17.33:757][  0]LogConfig: Setting CVar [[r.SkyAtmosphere.FastSkyLUT:1]]
[2024.08.18-21.17.33:757][  0]LogConfig: Setting CVar [[r.SkyAtmosphere.FastSkyLUT.SampleCountMin:4.0]]
[2024.08.18-21.17.33:757][  0]LogConfig: Setting CVar [[r.SkyAtmosphere.FastSkyLUT.SampleCountMax:32.0]]
[2024.08.18-21.17.33:757][  0]LogConfig: Setting CVar [[r.SkyAtmosphere.SampleCountMin:4.0]]
[2024.08.18-21.17.33:757][  0]LogConfig: Setting CVar [[r.SkyAtmosphere.SampleCountMax:32.0]]
[2024.08.18-21.17.33:757][  0]LogConfig: Setting CVar [[r.SkyAtmosphere.TransmittanceLUT.UseSmallFormat:0]]
[2024.08.18-21.17.33:757][  0]LogConfig: Setting CVar [[r.SkyAtmosphere.TransmittanceLUT.SampleCount:10.0]]
[2024.08.18-21.17.33:757][  0]LogConfig: Setting CVar [[r.SkyAtmosphere.MultiScatteringLUT.SampleCount:15.0]]
[2024.08.18-21.17.33:757][  0]LogConfig: Applying CVar settings from Section [FoliageQuality@3] File [D:/Unreal Projects/Github/GMTKJam2024/GMTK2024/Saved/Config/Windows/Scalability.ini]
[2024.08.18-21.17.33:757][  0]LogConfig: Setting CVar [[foliage.DensityScale:1.0]]
[2024.08.18-21.17.33:757][  0]LogConfig: Setting CVar [[grass.DensityScale:1.0]]
[2024.08.18-21.17.33:757][  0]LogConfig: Applying CVar settings from Section [ShadingQuality@3] File [D:/Unreal Projects/Github/GMTKJam2024/GMTK2024/Saved/Config/Windows/Scalability.ini]
[2024.08.18-21.17.33:757][  0]LogConfig: Setting CVar [[r.HairStrands.SkyLighting.SampleCount:16]]
[2024.08.18-21.17.33:757][  0]LogConfig: Setting CVar [[r.HairStrands.SkyLighting.JitterIntegration:0]]
[2024.08.18-21.17.33:757][  0]LogConfig: Setting CVar [[r.HairStrands.SkyAO.SampleCount:16]]
[2024.08.18-21.17.33:757][  0]LogConfig: Setting CVar [[r.HairStrands.DeepShadow.SuperSampling:0]]
[2024.08.18-21.17.33:757][  0]LogConfig: Setting CVar [[r.HairStrands.VisibilityPPLL:0]]
[2024.08.18-21.17.33:758][  0]LogConfig: Setting CVar [[r.HairStrands.RasterizationScale:0.5]]
[2024.08.18-21.17.33:758][  0]LogConfig: Setting CVar [[r.HairStrands.VelocityRasterizationScale:1]]
[2024.08.18-21.17.33:758][  0]LogInit: Selected Device Profile: [Windows]
[2024.08.18-21.17.33:758][  0]LogInit: Applying CVar settings loaded from the selected device profile: [Windows]
[2024.08.18-21.17.33:758][  0]LogHAL: Display: Platform has ~ 24 GB [25694081024 / 34359738368 / 24], which maps to Larger [LargestMinGB=32, LargerMinGB=12, DefaultMinGB=8, SmallerMinGB=6, SmallestMinGB=0)
[2024.08.18-21.17.33:758][  0]LogInit: Going up to parent DeviceProfile []
[2024.08.18-21.17.33:758][  0]LogConfig: Applying CVar settings from Section [ViewDistanceQuality@3] File [D:/Unreal Projects/Github/GMTKJam2024/GMTK2024/Saved/Config/Windows/Scalability.ini]
[2024.08.18-21.17.33:758][  0]LogConfig: Setting CVar [[r.SkeletalMeshLODBias:0]]
[2024.08.18-21.17.33:758][  0]LogConfig: Setting CVar [[r.ViewDistanceScale:1.0]]
[2024.08.18-21.17.33:758][  0]LogConfig: Applying CVar settings from Section [AntiAliasingQuality@3] File [D:/Unreal Projects/Github/GMTKJam2024/GMTK2024/Saved/Config/Windows/Scalability.ini]
[2024.08.18-21.17.33:758][  0]LogConfig: Setting CVar [[r.PostProcessAAQuality:4]]
[2024.08.18-21.17.33:758][  0]LogConfig: Applying CVar settings from Section [ShadowQuality@3] File [D:/Unreal Projects/Github/GMTKJam2024/GMTK2024/Saved/Config/Windows/Scalability.ini]
[2024.08.18-21.17.33:758][  0]LogConfig: Setting CVar [[r.LightFunctionQuality:1]]
[2024.08.18-21.17.33:758][  0]LogConfig: Setting CVar [[r.ShadowQuality:5]]
[2024.08.18-21.17.33:758][  0]LogConfig: Setting CVar [[r.Shadow.CSM.MaxCascades:10]]
[2024.08.18-21.17.33:758][  0]LogConfig: Setting CVar [[r.Shadow.MaxResolution:2048]]
[2024.08.18-21.17.33:758][  0]LogConfig: Setting CVar [[r.Shadow.MaxCSMResolution:2048]]
[2024.08.18-21.17.33:758][  0]LogConfig: Setting CVar [[r.Shadow.RadiusThreshold:0.01]]
[2024.08.18-21.17.33:758][  0]LogConfig: Setting CVar [[r.Shadow.DistanceScale:1.0]]
[2024.08.18-21.17.33:758][  0]LogConfig: Setting CVar [[r.Shadow.CSM.TransitionScale:1.0]]
[2024.08.18-21.17.33:758][  0]LogConfig: Setting CVar [[r.Shadow.PreShadowResolutionFactor:1.0]]
[2024.08.18-21.17.33:758][  0]LogConfig: Setting CVar [[r.DistanceFieldShadowing:1]]
[2024.08.18-21.17.33:758][  0]LogConfig: Setting CVar [[r.DistanceFieldAO:1]]
[2024.08.18-21.17.33:758][  0]LogConfig: Setting CVar [[r.AOQuality:2]]
[2024.08.18-21.17.33:758][  0]LogConfig: Setting CVar [[r.VolumetricFog:1]]
[2024.08.18-21.17.33:758][  0]LogConfig: Setting CVar [[r.VolumetricFog.GridPixelSize:8]]
[2024.08.18-21.17.33:758][  0]LogConfig: Setting CVar [[r.VolumetricFog.GridSizeZ:128]]
[2024.08.18-21.17.33:758][  0]LogConfig: Setting CVar [[r.VolumetricFog.HistoryMissSupersampleCount:4]]
[2024.08.18-21.17.33:758][  0]LogConfig: Setting CVar [[r.LightMaxDrawDistanceScale:1]]
[2024.08.18-21.17.33:758][  0]LogConfig: Setting CVar [[r.CapsuleShadows:1]]
[2024.08.18-21.17.33:758][  0]LogConfig: Applying CVar settings from Section [PostProcessQuality@3] File [D:/Unreal Projects/Github/GMTKJam2024/GMTK2024/Saved/Config/Windows/Scalability.ini]
[2024.08.18-21.17.33:758][  0]LogConfig: Setting CVar [[r.MotionBlurQuality:4]]
[2024.08.18-21.17.33:758][  0]LogConfig: Setting CVar [[r.AmbientOcclusionMipLevelFactor:0.4]]
[2024.08.18-21.17.33:758][  0]LogConfig: Setting CVar [[r.AmbientOcclusionMaxQuality:100]]
[2024.08.18-21.17.33:758][  0]LogConfig: Setting CVar [[r.AmbientOcclusionLevels:-1]]
[2024.08.18-21.17.33:758][  0]LogConfig: Setting CVar [[r.AmbientOcclusionRadiusScale:1.0]]
[2024.08.18-21.17.33:758][  0]LogConfig: Setting CVar [[r.DepthOfFieldQuality:2]]
[2024.08.18-21.17.33:758][  0]LogConfig: Setting CVar [[r.RenderTargetPoolMin:400]]
[2024.08.18-21.17.33:758][  0]LogConfig: Setting CVar [[r.LensFlareQuality:2]]
[2024.08.18-21.17.33:758][  0]LogConfig: Setting CVar [[r.SceneColorFringeQuality:1]]
[2024.08.18-21.17.33:758][  0]LogConfig: Setting CVar [[r.EyeAdaptationQuality:2]]
[2024.08.18-21.17.33:758][  0]LogConfig: Setting CVar [[r.BloomQuality:5]]
[2024.08.18-21.17.33:758][  0]LogConfig: Setting CVar [[r.FastBlurThreshold:100]]
[2024.08.18-21.17.33:758][  0]LogConfig: Setting CVar [[r.Upscale.Quality:3]]
[2024.08.18-21.17.33:758][  0]LogConfig: Setting CVar [[r.Tonemapper.GrainQuantization:1]]
[2024.08.18-21.17.33:758][  0]LogConfig: Setting CVar [[r.LightShaftQuality:1]]
[2024.08.18-21.17.33:758][  0]LogConfig: Setting CVar [[r.Filter.SizeScale:1]]
[2024.08.18-21.17.33:758][  0]LogConfig: Setting CVar [[r.Tonemapper.Quality:5]]
[2024.08.18-21.17.33:758][  0]LogConfig: Setting CVar [[r.DOF.Gather.AccumulatorQuality:1        ; higher gathering accumulator quality]]
[2024.08.18-21.17.33:758][  0]LogConfig: Setting CVar [[r.DOF.Gather.PostfilterMethod:1          ; Median3x3 postfilering method]]
[2024.08.18-21.17.33:758][  0]LogConfig: Setting CVar [[r.DOF.Gather.EnableBokehSettings:0       ; no bokeh simulation when gathering]]
[2024.08.18-21.17.33:758][  0]LogConfig: Setting CVar [[r.DOF.Gather.RingCount:4                 ; medium number of samples when gathering]]
[2024.08.18-21.17.33:758][  0]LogConfig: Setting CVar [[r.DOF.Scatter.ForegroundCompositing:1    ; additive foreground scattering]]
[2024.08.18-21.17.33:758][  0]LogConfig: Setting CVar [[r.DOF.Scatter.BackgroundCompositing:2    ; additive background scattering]]
[2024.08.18-21.17.33:758][  0]LogConfig: Setting CVar [[r.DOF.Scatter.EnableBokehSettings:1      ; bokeh simulation when scattering]]
[2024.08.18-21.17.33:758][  0]LogConfig: Setting CVar [[r.DOF.Scatter.MaxSpriteRatio:0.1         ; only a maximum of 10% of scattered bokeh]]
[2024.08.18-21.17.33:758][  0]LogConfig: Setting CVar [[r.DOF.Recombine.Quality:1                ; cheap slight out of focus]]
[2024.08.18-21.17.33:758][  0]LogConfig: Setting CVar [[r.DOF.Recombine.EnableBokehSettings:0    ; no bokeh simulation on slight out of focus]]
[2024.08.18-21.17.33:758][  0]LogConfig: Setting CVar [[r.DOF.TemporalAAQuality:1                ; more stable temporal accumulation]]
[2024.08.18-21.17.33:758][  0]LogConfig: Setting CVar [[r.DOF.Kernel.MaxForegroundRadius:0.025]]
[2024.08.18-21.17.33:758][  0]LogConfig: Setting CVar [[r.DOF.Kernel.MaxBackgroundRadius:0.025]]
[2024.08.18-21.17.33:758][  0]LogConfig: Applying CVar settings from Section [TextureQuality@3] File [D:/Unreal Projects/Github/GMTKJam2024/GMTK2024/Saved/Config/Windows/Scalability.ini]
[2024.08.18-21.17.33:758][  0]LogConfig: Setting CVar [[r.Streaming.MipBias:0]]
[2024.08.18-21.17.33:758][  0]LogConfig: Setting CVar [[r.Streaming.AmortizeCPUToGPUCopy:0]]
[2024.08.18-21.17.33:758][  0]LogConfig: Setting CVar [[r.Streaming.MaxNumTexturesToStreamPerFrame:0]]
[2024.08.18-21.17.33:758][  0]LogConfig: Setting CVar [[r.Streaming.Boost:1]]
[2024.08.18-21.17.33:758][  0]LogConfig: Setting CVar [[r.MaxAnisotropy:8]]
[2024.08.18-21.17.33:758][  0]LogConfig: Setting CVar [[r.VT.MaxAnisotropy:8]]
[2024.08.18-21.17.33:758][  0]LogConfig: Setting CVar [[r.Streaming.LimitPoolSizeToVRAM:0]]
[2024.08.18-21.17.33:758][  0]LogConfig: Setting CVar [[r.Streaming.PoolSize:1000]]
[2024.08.18-21.17.33:758][  0]LogConfig: Setting CVar [[r.Streaming.MaxEffectiveScreenSize:0]]
[2024.08.18-21.17.33:758][  0]LogConfig: Applying CVar settings from Section [EffectsQuality@3] File [D:/Unreal Projects/Github/GMTKJam2024/GMTK2024/Saved/Config/Windows/Scalability.ini]
[2024.08.18-21.17.33:758][  0]LogConfig: Setting CVar [[r.TranslucencyLightingVolumeDim:64]]
[2024.08.18-21.17.33:758][  0]LogConfig: Setting CVar [[r.RefractionQuality:2]]
[2024.08.18-21.17.33:758][  0]LogConfig: Setting CVar [[r.SSR.Quality:3]]
[2024.08.18-21.17.33:758][  0]LogConfig: Setting CVar [[r.SSR.HalfResSceneColor:0]]
[2024.08.18-21.17.33:758][  0]LogConfig: Setting CVar [[r.SceneColorFormat:4]]
[2024.08.18-21.17.33:758][  0]LogConfig: Setting CVar [[r.DetailMode:2]]
[2024.08.18-21.17.33:758][  0]LogConfig: Setting CVar [[r.TranslucencyVolumeBlur:1]]
[2024.08.18-21.17.33:758][  0]LogConfig: Setting CVar [[r.MaterialQualityLevel:1 ; High quality]]
[2024.08.18-21.17.33:758][  0]LogConfig: Setting CVar [[r.SSS.Scale:1]]
[2024.08.18-21.17.33:759][  0]LogConfig: Setting CVar [[r.SSS.SampleSet:2]]
[2024.08.18-21.17.33:759][  0]LogConfig: Setting CVar [[r.SSS.Quality:1]]
[2024.08.18-21.17.33:759][  0]LogConfig: Setting CVar [[r.SSS.HalfRes:0]]
[2024.08.18-21.17.33:759][  0]LogConfig: Setting CVar [[r.SSGI.Quality:3]]
[2024.08.18-21.17.33:759][  0]LogConfig: Setting CVar [[r.EmitterSpawnRateScale:1.0]]
[2024.08.18-21.17.33:759][  0]LogConfig: Setting CVar [[r.ParticleLightQuality:2]]
[2024.08.18-21.17.33:759][  0]LogConfig: Setting CVar [[r.SkyAtmosphere.AerialPerspectiveLUT.FastApplyOnOpaque:1 ; Always have FastSkyLUT 1 in this case to avoid wrong sky]]
[2024.08.18-21.17.33:759][  0]LogConfig: Setting CVar [[r.SkyAtmosphere.AerialPerspectiveLUT.SampleCountPerSlice:1]]
[2024.08.18-21.17.33:759][  0]LogConfig: Setting CVar [[r.SkyAtmosphere.AerialPerspectiveLUT.DepthResolution:16.0]]
[2024.08.18-21.17.33:759][  0]LogConfig: Setting CVar [[r.SkyAtmosphere.FastSkyLUT:1]]
[2024.08.18-21.17.33:759][  0]LogConfig: Setting CVar [[r.SkyAtmosphere.FastSkyLUT.SampleCountMin:4.0]]
[2024.08.18-21.17.33:759][  0]LogConfig: Setting CVar [[r.SkyAtmosphere.FastSkyLUT.SampleCountMax:32.0]]
[2024.08.18-21.17.33:759][  0]LogConfig: Setting CVar [[r.SkyAtmosphere.SampleCountMin:4.0]]
[2024.08.18-21.17.33:759][  0]LogConfig: Setting CVar [[r.SkyAtmosphere.SampleCountMax:32.0]]
[2024.08.18-21.17.33:759][  0]LogConfig: Setting CVar [[r.SkyAtmosphere.TransmittanceLUT.UseSmallFormat:0]]
[2024.08.18-21.17.33:759][  0]LogConfig: Setting CVar [[r.SkyAtmosphere.TransmittanceLUT.SampleCount:10.0]]
[2024.08.18-21.17.33:759][  0]LogConfig: Setting CVar [[r.SkyAtmosphere.MultiScatteringLUT.SampleCount:15.0]]
[2024.08.18-21.17.33:759][  0]LogConfig: Applying CVar settings from Section [FoliageQuality@3] File [D:/Unreal Projects/Github/GMTKJam2024/GMTK2024/Saved/Config/Windows/Scalability.ini]
[2024.08.18-21.17.33:759][  0]LogConfig: Setting CVar [[foliage.DensityScale:1.0]]
[2024.08.18-21.17.33:759][  0]LogConfig: Setting CVar [[grass.DensityScale:1.0]]
[2024.08.18-21.17.33:759][  0]LogConfig: Applying CVar settings from Section [ShadingQuality@3] File [D:/Unreal Projects/Github/GMTKJam2024/GMTK2024/Saved/Config/Windows/Scalability.ini]
[2024.08.18-21.17.33:759][  0]LogConfig: Setting CVar [[r.HairStrands.SkyLighting.SampleCount:16]]
[2024.08.18-21.17.33:759][  0]LogConfig: Setting CVar [[r.HairStrands.SkyLighting.JitterIntegration:0]]
[2024.08.18-21.17.33:759][  0]LogConfig: Setting CVar [[r.HairStrands.SkyAO.SampleCount:16]]
[2024.08.18-21.17.33:759][  0]LogConfig: Setting CVar [[r.HairStrands.DeepShadow.SuperSampling:0]]
[2024.08.18-21.17.33:759][  0]LogConfig: Setting CVar [[r.HairStrands.VisibilityPPLL:0]]
[2024.08.18-21.17.33:759][  0]LogConfig: Setting CVar [[r.HairStrands.RasterizationScale:0.5]]
[2024.08.18-21.17.33:759][  0]LogConfig: Setting CVar [[r.HairStrands.VelocityRasterizationScale:1]]
[2024.08.18-21.17.33:759][  0]LogConfig: Applying CVar settings from Section [Startup] File [../../../Engine/Config/ConsoleVariables.ini]
[2024.08.18-21.17.33:759][  0]LogConfig: Setting CVar [[net.UseAdaptiveNetUpdateFrequency:0]]
[2024.08.18-21.17.33:759][  0]LogConfig: Setting CVar [[p.chaos.AllowCreatePhysxBodies:1]]
[2024.08.18-21.17.33:759][  0]LogConfig: Setting CVar [[fx.SkipVectorVMBackendOptimizations:1]]
[2024.08.18-21.17.33:759][  0]LogConfig: Applying CVar settings from Section [ConsoleVariables] File [D:/Unreal Projects/Github/GMTKJam2024/GMTK2024/Saved/Config/Windows/Engine.ini]
[2024.08.18-21.17.33:760][  0]LogInit: Computer: DESKTOP-V7FN6FK
[2024.08.18-21.17.33:760][  0]LogInit: User: 12sha
[2024.08.18-21.17.33:760][  0]LogInit: CPU Page size=4096, Cores=8
[2024.08.18-21.17.33:760][  0]LogInit: High frequency timer resolution =10.000000 MHz
[2024.08.18-21.17.33:760][  0]LogMemory: Memory total: Physical=23.9GB (24GB approx)
[2024.08.18-21.17.33:760][  0]LogMemory: Platform Memory Stats for Windows
[2024.08.18-21.17.33:760][  0]LogMemory: Process Physical Memory: 117.68 MB used, 117.68 MB peak
[2024.08.18-21.17.33:760][  0]LogMemory: Process Virtual Memory: 100.21 MB used, 100.21 MB peak
[2024.08.18-21.17.33:760][  0]LogMemory: Physical Memory: 18220.58 MB used,  6283.21 MB free, 24503.79 MB total
[2024.08.18-21.17.33:760][  0]LogMemory: Virtual Memory: 5189.99 MB used,  134212536.00 MB free, 134217728.00 MB total
[2024.08.18-21.17.33:767][  0]LogWindows: WindowsPlatformFeatures enabled
[2024.08.18-21.17.33:810][  0]LogInit: Physics initialised using underlying interface: PhysX
[2024.08.18-21.17.33:817][  0]LogInit: Using OS detected language (en-GB).
[2024.08.18-21.17.33:817][  0]LogInit: Using OS detected locale (en-GB).
[2024.08.18-21.17.33:819][  0]LogTextLocalizationManager: No specific localization for 'en-GB' exists, so the 'en' localization will be used.
[2024.08.18-21.17.34:057][  0]LogInit: Setting process to per monitor DPI aware
[2024.08.18-21.17.34:112][  0]LogSlate: New Slate User Created.  User Index 0, Is Virtual User: 0
[2024.08.18-21.17.34:112][  0]LogSlate: Slate User Registered.  User Index 0, Is Virtual User: 0
[2024.08.18-21.17.34:358][  0]LogHMD: Failed to initialize OpenVR with code 110
[2024.08.18-21.17.34:358][  0]LogD3D11RHI: D3D11 min allowed feature level: 11_0
[2024.08.18-21.17.34:358][  0]LogD3D11RHI: D3D11 max allowed feature level: 11_0
[2024.08.18-21.17.34:358][  0]LogD3D11RHI: D3D11 adapters:
[2024.08.18-21.17.34:425][  0]LogD3D11RHI:    0. 'AMD Radeon RX 5700 XT' (Feature Level 11_0)
[2024.08.18-21.17.34:425][  0]LogD3D11RHI:       8151/0/12251 MB DedicatedVideo/DedicatedSystem/SharedSystem, Outputs:2, VendorId:0x1002
[2024.08.18-21.17.34:428][  0]LogD3D11RHI:    1. 'Microsoft Basic Render Driver' (Feature Level 11_0)
[2024.08.18-21.17.34:428][  0]LogD3D11RHI:       0/0/12251 MB DedicatedVideo/DedicatedSystem/SharedSystem, Outputs:0, VendorId:0x1414
[2024.08.18-21.17.34:428][  0]LogD3D11RHI: Chosen D3D11 Adapter: 0
[2024.08.18-21.17.34:443][  0]LogD3D11RHI: Creating new Direct3DDevice
[2024.08.18-21.17.34:443][  0]LogD3D11RHI:     GPU DeviceId: 0x731f (for the marketing name, search the web for "GPU Device Id")
[2024.08.18-21.17.34:443][  0]LogWindows: EnumDisplayDevices:
[2024.08.18-21.17.34:444][  0]LogWindows:    0. 'AMD Radeon RX 5700 XT' (P:0 D:1)
[2024.08.18-21.17.34:444][  0]LogWindows:    1. 'AMD Radeon RX 5700 XT' (P:1 D:1)
[2024.08.18-21.17.34:444][  0]LogWindows:    2. 'AMD Radeon RX 5700 XT' (P:0 D:0)
[2024.08.18-21.17.34:444][  0]LogWindows:    3. 'AMD Radeon RX 5700 XT' (P:0 D:0)
[2024.08.18-21.17.34:445][  0]LogWindows:    4. 'AMD Radeon RX 5700 XT' (P:0 D:0)
[2024.08.18-21.17.34:445][  0]LogWindows:    5. 'AMD Radeon RX 5700 XT' (P:0 D:0)
[2024.08.18-21.17.34:445][  0]LogWindows:    6. 'AMD Radeon RX 5700 XT' (P:0 D:0)
[2024.08.18-21.17.34:446][  0]LogWindows: DebugString: FoundDriverCount:7 
[2024.08.18-21.17.34:446][  0]LogD3D11RHI:     Adapter Name: AMD Radeon RX 5700 XT
[2024.08.18-21.17.34:446][  0]LogD3D11RHI:   Driver Version: AMD Software: Adrenalin Edition 24.5.1 (internal:31.0.24033.1003, unified:31.0.24033.1003)
[2024.08.18-21.17.34:446][  0]LogD3D11RHI:      Driver Date: 5-8-2024
[2024.08.18-21.17.34:446][  0]LogRHI: Texture pool is 5168 MB (70% of 7383 MB)
[2024.08.18-21.17.34:516][  0]LogD3D11RHI: RHI has support for 64 bit atomics
[2024.08.18-21.17.34:516][  0]LogD3D11RHI: Async texture creation enabled
[2024.08.18-21.17.34:516][  0]LogD3D11RHI: Array index from any shader is supported
[2024.08.18-21.17.34:529][  0]LogD3D11RHI: GPU Timing Frequency: 100.000000 (Debug: 2 1)
[2024.08.18-21.17.35:297][  0]LogTargetPlatformManager: Display: Loaded TargetPlatform 'AllDesktop'
[2024.08.18-21.17.35:318][  0]LogTargetPlatformManager: Display: Loaded TargetPlatform 'Android'
[2024.08.18-21.17.35:318][  0]LogTargetPlatformManager: Display: Loaded TargetPlatform 'Android_ASTC'
[2024.08.18-21.17.35:318][  0]LogTargetPlatformManager: Display: Loaded TargetPlatform 'Android_DXT'
[2024.08.18-21.17.35:318][  0]LogTargetPlatformManager: Display: Loaded TargetPlatform 'Android_ETC2'
[2024.08.18-21.17.35:318][  0]LogTargetPlatformManager: Display: Loaded TargetPlatform 'AndroidClient'
[2024.08.18-21.17.35:318][  0]LogTargetPlatformManager: Display: Loaded TargetPlatform 'Android_ASTCClient'
[2024.08.18-21.17.35:318][  0]LogTargetPlatformManager: Display: Loaded TargetPlatform 'Android_DXTClient'
[2024.08.18-21.17.35:318][  0]LogTargetPlatformManager: Display: Loaded TargetPlatform 'Android_ETC2Client'
[2024.08.18-21.17.35:318][  0]LogTargetPlatformManager: Display: Loaded TargetPlatform 'Android_Multi'
[2024.08.18-21.17.35:318][  0]LogTargetPlatformManager: Display: Loaded TargetPlatform 'Android_MultiClient'
[2024.08.18-21.17.35:343][  0]LogTargetPlatformManager: Display: Loaded TargetPlatform 'IOSClient'
[2024.08.18-21.17.35:343][  0]LogTargetPlatformManager: Display: Loaded TargetPlatform 'IOS'
[2024.08.18-21.17.35:354][  0]LogTargetPlatformManager: Display: Loaded TargetPlatform 'Linux'
[2024.08.18-21.17.35:363][  0]LogTargetPlatformManager: Display: Loaded TargetPlatform 'LinuxNoEditor'
[2024.08.18-21.17.35:372][  0]LogTargetPlatformManager: Display: Loaded TargetPlatform 'LinuxClient'
[2024.08.18-21.17.35:382][  0]LogTargetPlatformManager: Display: Loaded TargetPlatform 'LinuxServer'
[2024.08.18-21.17.35:392][  0]LogTargetPlatformManager: Display: Loaded TargetPlatform 'LinuxAArch64NoEditor'
[2024.08.18-21.17.35:402][  0]LogTargetPlatformManager: Display: Loaded TargetPlatform 'LinuxAArch64Client'
[2024.08.18-21.17.35:411][  0]LogTargetPlatformManager: Display: Loaded TargetPlatform 'LinuxAArch64Server'
[2024.08.18-21.17.35:437][  0]LogTargetPlatformManager: Display: Loaded TargetPlatform 'Lumin'
[2024.08.18-21.17.35:437][  0]LogTargetPlatformManager: Display: Loaded TargetPlatform 'LuminClient'
[2024.08.18-21.17.35:452][  0]LogTargetPlatformManager: Display: Loaded TargetPlatform 'TVOSClient'
[2024.08.18-21.17.35:452][  0]LogTargetPlatformManager: Display: Loaded TargetPlatform 'TVOS'
[2024.08.18-21.17.35:462][  0]LogTargetPlatformManager: Display: Loaded TargetPlatform 'WindowsNoEditor'
[2024.08.18-21.17.35:472][  0]LogTargetPlatformManager: Display: Loaded TargetPlatform 'Windows'
[2024.08.18-21.17.35:481][  0]LogTargetPlatformManager: Display: Loaded TargetPlatform 'WindowsClient'
[2024.08.18-21.17.35:492][  0]LogTargetPlatformManager: Display: Loaded TargetPlatform 'WindowsServer'
[2024.08.18-21.17.35:492][  0]LogTargetPlatformManager: Display: Building Assets For Windows
[2024.08.18-21.17.35:499][  0]LogAudioDebug: Display: Lib vorbis DLL was dynamically loaded.
[2024.08.18-21.17.35:557][  0]LogShaderCompilers: Guid format shader working directory is -19 characters bigger than the processId version (../../../../../../../Unreal Projects/Github/GMTKJam2024/GMTK2024/Intermediate/Shaders/WorkingDirectory/18556/).
[2024.08.18-21.17.35:558][  0]LogShaderCompilers: Cleaned the shader compiler working directory 'C:/Users/12sha/AppData/Local/Temp/UnrealShaderWorkingDir/73480C5F42EDF510EE0170940B2D0D35/'.
[2024.08.18-21.17.35:558][  0]LogXGEController: Cleaning working directory: C:/Users/12sha/AppData/Local/Temp/UnrealXGEWorkingDir/
[2024.08.18-21.17.35:558][  0]LogXGEController: Cannot use XGE Controller as Incredibuild is not installed on this machine.
[2024.08.18-21.17.35:558][  0]LogShaderCompilers: Cannot use XGE Shader Compiler as Incredibuild is not installed on this machine.
[2024.08.18-21.17.35:558][  0]LogShaderCompilers: Display: Using Local Shader Compiler.
[2024.08.18-21.17.36:197][  0]LogDerivedDataCache: Display: Max Cache Size: 512 MB
[2024.08.18-21.17.36:256][  0]LogDerivedDataCache: Loaded boot cache 0.06s 79MB C:/Users/12sha/AppData/Local/UnrealEngine/4.25/DerivedDataCache/Boot.ddc.
[2024.08.18-21.17.36:256][  0]LogDerivedDataCache: Display: Loaded Boot cache: C:/Users/12sha/AppData/Local/UnrealEngine/4.25/DerivedDataCache/Boot.ddc
[2024.08.18-21.17.36:256][  0]LogDerivedDataCache: FDerivedDataBackendGraph:  Pak pak cache file ../../../../../../../Unreal Projects/Github/GMTKJam2024/GMTK2024/DerivedDataCache/DDC.ddp not found, will not use a pak cache.
[2024.08.18-21.17.36:256][  0]LogDerivedDataCache: Unable to find inner node Pak for hierarchical cache Hierarchy.
[2024.08.18-21.17.36:257][  0]LogDerivedDataCache: FDerivedDataBackendGraph:  CompressedPak pak cache file ../../../../../../../Unreal Projects/Github/GMTKJam2024/GMTK2024/DerivedDataCache/Compressed.ddp not found, will not use a pak cache.
[2024.08.18-21.17.36:257][  0]LogDerivedDataCache: Unable to find inner node CompressedPak for hierarchical cache Hierarchy.
[2024.08.18-21.17.36:267][  0]LogDerivedDataCache: Display: Pak cache opened for reading ../../../Engine/DerivedDataCache/Compressed.ddp.
[2024.08.18-21.17.36:267][  0]LogDerivedDataCache: FDerivedDataBackendGraph:  EnterprisePak pak cache file ../../../Enterprise/DerivedDataCache/Compressed.ddp not found, will not use a pak cache.
[2024.08.18-21.17.36:267][  0]LogDerivedDataCache: Unable to find inner node EnterprisePak for hierarchical cache Hierarchy.
[2024.08.18-21.17.36:269][  0]LogDerivedDataCache: Using Local data cache path C:/Users/12sha/AppData/Local/UnrealEngine/Common/DerivedDataCache: Writable
[2024.08.18-21.17.36:269][  0]LogDerivedDataCache: Shared data cache path not found in *engine.ini, will not use an Shared cache.
[2024.08.18-21.17.36:269][  0]LogDerivedDataCache: Unable to find inner node Shared for hierarchical cache Hierarchy.
[2024.08.18-21.17.36:314][  0]LogSlate: Using FreeType 2.10.0
[2024.08.18-21.17.36:315][  0]LogSlate: SlateFontServices - WITH_FREETYPE: 1, WITH_HARFBUZZ: 1
[2024.08.18-21.17.36:339][  0]LogAssetRegistry: FAssetRegistry took 0.0030 seconds to start up
[2024.08.18-21.17.36:566][  0]LogInit: Selected Device Profile: [Windows]
[2024.08.18-21.17.36:668][  0]LogMeshReduction: Using QuadricMeshReduction for automatic static mesh reduction
[2024.08.18-21.17.36:668][  0]LogMeshReduction: Using SimplygonMeshReduction for automatic skeletal mesh reduction
[2024.08.18-21.17.36:668][  0]LogMeshReduction: Using ProxyLODMeshReduction for automatic mesh merging
[2024.08.18-21.17.36:668][  0]LogMeshReduction: No distributed automatic mesh merging module available
[2024.08.18-21.17.36:668][  0]LogMeshMerging: No distributed automatic mesh merging module available
[2024.08.18-21.17.36:685][  0]LogNetVersion: GMTK2024 1.0.0, NetCL: 13144385, EngineNetVer: 14, GameNetVer: 0 (Checksum: 1982070914)
[2024.08.18-21.17.37:058][  0]LogAISub: UAISubsystem::UAISubsystem AISubsystem (00000233421EDBC0), frame # 0
[2024.08.18-21.17.37:058][  0]LogAISub: UAISubsystem::UAISubsystem AIPerceptionSystem (000002334214AAC0), frame # 0
[2024.08.18-21.17.37:059][  0]LogAISub: UAISubsystem::UAISubsystem EnvQueryManager (0000023342195E00), frame # 0
[2024.08.18-21.17.37:116][  0]LogPackageLocalizationCache: Processed 19 localized package path(s) for 1 prioritized culture(s) in 0.050891 seconds
[2024.08.18-21.17.37:122][  0]LogUObjectArray: 15917 objects as part of root set at end of initial load.
[2024.08.18-21.17.37:122][  0]LogUObjectAllocator: 3965568 out of 0 bytes used by permanent object pool.
[2024.08.18-21.17.37:122][  0]LogUObjectArray: CloseDisregardForGC: 0/0 objects in disregard for GC pool
[2024.08.18-21.17.37:490][  0]LogTcpMessaging: Initializing TcpMessaging bridge
[2024.08.18-21.17.37:496][  0]LogUdpMessaging: Initializing bridge on interface 0.0.0.0:0 to multicast group 230.0.0.1:6666.
[2024.08.18-21.17.37:694][  0]LogLinker: Warning: Failed to load '/Game/2DSideScrollerBP/2DSideScrollerOverview': Can't find file.
[2024.08.18-21.17.37:694][  0]LogLinker: Warning: Failed to load '/Game/2DSideScrollerBP/2DSideScrollerOverview': Can't find file.
[2024.08.18-21.17.37:694][  0]LogUObjectGlobals: Warning: Failed to find object 'Class /Game/2DSideScrollerBP/2DSideScrollerOverview.2DSideScrollerOverview_C'
[2024.08.18-21.17.37:732][  0]SourceControl: Source control is disabled
[2024.08.18-21.17.37:732][  0]SourceControl: Source control is disabled
[2024.08.18-21.17.37:736][  0]SourceControl: Source control is disabled
[2024.08.18-21.17.37:740][  0]SourceControl: Source control is disabled
[2024.08.18-21.17.37:749][  0]SourceControl: Source control is disabled
[2024.08.18-21.17.38:035][  0]LogAndroidPermission: UAndroidPermissionCallbackProxy::GetInstance
[2024.08.18-21.17.38:061][  0]LogAudioCaptureCore: Display: No Audio Capture implementations found. Audio input will be silent.
[2024.08.18-21.17.38:061][  0]LogAudioCaptureCore: Display: No Audio Capture implementations found. Audio input will be silent.
[2024.08.18-21.17.38:127][  0]LogOcInput: OculusInput pre-init called
[2024.08.18-21.17.38:138][  0]LogWindows: Failed to load 'OVRPlugin.dll' (GetLastError=126)
[2024.08.18-21.17.38:138][  0]LogWindows: File 'OVRPlugin.dll' does not exist
[2024.08.18-21.17.38:200][  0]LogEngine: Initializing Engine...
[2024.08.18-21.17.38:201][  0]LogHMD: Failed to initialize OpenVR with code 110
[2024.08.18-21.17.38:201][  0]LogMagicLeap: Warning: VR disabled because ZI is not enabled.  To enable, in the editor, Edit -> Project Settings -> Plugins -> Magic Leap Plugin -> Enable Zero Iteration
[2024.08.18-21.17.38:202][  0]LogStats: UGameplayTagsManager::InitializeManager -  0.000 s
[2024.08.18-21.17.38:325][  0]LogInit: Initializing FReadOnlyCVARCache
[2024.08.18-21.17.38:334][  0]LogAIModule: Creating AISystem for world Untitled
[2024.08.18-21.17.38:334][  0]LogAISub: UAISubsystem::UAISubsystem EnvQueryManager (000002334CF8DE00), frame # 0
[2024.08.18-21.17.38:334][  0]LogAISub: UAISubsystem::UAISubsystem AIPerceptionSystem (000002334CFA6200), frame # 0
[2024.08.18-21.17.38:353][  0]LogAudioMixer: Display: Audio Mixer Platform Settings:
[2024.08.18-21.17.38:353][  0]LogAudioMixer: Display: 	Sample Rate:						  48000
[2024.08.18-21.17.38:354][  0]LogAudioMixer: Display: 	Callback Buffer Frame Size Requested: 1024
[2024.08.18-21.17.38:354][  0]LogAudioMixer: Display: 	Callback Buffer Frame Size To Use:	  1024
[2024.08.18-21.17.38:354][  0]LogAudioMixer: Display: 	Number of buffers to queue:			  2
[2024.08.18-21.17.38:354][  0]LogAudioMixer: Display: 	Max Channels (voices):				  32
[2024.08.18-21.17.38:354][  0]LogAudioMixer: Display: 	Number of Async Source Workers:		  0
[2024.08.18-21.17.38:354][  0]LogAudio: Display: AudioDevice MaxSources: 32
[2024.08.18-21.17.38:354][  0]LogAudio: Display: Using built-in audio occlusion.
[2024.08.18-21.17.38:354][  0]LogAudioMixer: Display: Initializing audio mixer.
[2024.08.18-21.17.38:370][  0]LogAudioMixer: Display: 0: FrontLeft
[2024.08.18-21.17.38:370][  0]LogAudioMixer: Display: 1: FrontRight
[2024.08.18-21.17.38:400][  0]LogAudioMixer: Display: Using Audio Device VoiceMeeter Input (VB-Audio VoiceMeeter VAIO)
[2024.08.18-21.17.38:407][  0]LogAudioMixer: Display: Initializing Sound Submixes...
[2024.08.18-21.17.38:409][  0]LogAudioMixer: Display: Creating Master Submix 'MasterSubmixDefault'
[2024.08.18-21.17.38:409][  0]LogAudioMixer: Display: Creating Master Submix 'MasterReverbSubmixDefault'
[2024.08.18-21.17.38:410][  0]LogAudioMixer: Display: Creating Master Submix 'MasterEQSubmixDefault'
[2024.08.18-21.17.38:411][  0]LogInit: FAudioDevice initialized.
[2024.08.18-21.17.38:412][  0]LogNetVersion: Set ProjectVersion to 1.0.0.0. Version Checksum will be recalculated on next use.
[2024.08.18-21.17.38:495][  0]LogDerivedDataCache: Saved boot cache 0.08s 79MB C:/Users/12sha/AppData/Local/UnrealEngine/4.25/DerivedDataCache/Boot.ddc.
[2024.08.18-21.17.38:500][  0]LogInit: Texture streaming: Enabled
[2024.08.18-21.17.38:520][  0]LogEngineSessionManager: EngineSessionManager initialized
[2024.08.18-21.17.38:521][  0]LogEngineSessionManager: EngineSessionManager sent abnormal shutdown report. Type=AbnormalShutdown, SessionId={7E8AB872-4A6E-0A1F-65E0-428FB4D4F7A4}
[2024.08.18-21.17.38:521][  0]LogEngineSessionManager: EngineSessionManager sent abnormal shutdown report. Type=AbnormalShutdown, SessionId={41454240-460B-8442-538B-45B481BCAC8E}
[2024.08.18-21.17.38:521][  0]LogEditorSessionSummary: Verbose: Initializing EditorSessionSummaryWriter for editor session tracking
[2024.08.18-21.17.38:522][  0]LogEditorSessionSummary: EditorSessionSummaryWriter initialized
[2024.08.18-21.17.38:573][  0]LogInit: Transaction tracking system initialized
[2024.08.18-21.17.38:596][  0]BlueprintLog: New page: Editor Load
[2024.08.18-21.17.38:662][  0]LocalizationService: Localization service is disabled
[2024.08.18-21.17.38:796][  0]LogCook: Display: Max memory allowance for cook 16384mb min free memory 0mb
[2024.08.18-21.17.38:796][  0]LogCook: Display: Mobile HDR setting 1
[2024.08.18-21.17.38:804][  0]LogFileCache: Scanning file cache for directory 'D:/Unreal Projects/Github/GMTKJam2024/GMTK2024/Content/' took 0.01s
[2024.08.18-21.17.39:116][  0]SourceControl: Source control is disabled
[2024.08.18-21.17.39:116][  0]LogUnrealEdMisc: Loading editor; pre map load, took 8.405
[2024.08.18-21.17.39:116][  0]Cmd: MAP LOAD FILE="../../../../../../../Unreal Projects/Github/GMTKJam2024/GMTK2024/Content/ThirdPersonCPP/Maps/ThirdPersonExampleMap.umap" TEMPLATE=0 SHOWPROGRESS=1 FEATURELEVEL=3
[2024.08.18-21.17.39:117][  0]LightingResults: New page: Lighting Build
[2024.08.18-21.17.39:117][  0]LogWorld: UWorld::CleanupWorld for Untitled, bSessionEnded=true, bCleanupResources=true
[2024.08.18-21.17.39:117][  0]LogSlate: InvalidateAllWidgets triggered.  All widgets were invalidated
[2024.08.18-21.17.39:117][  0]MapCheck: New page: Map Check
[2024.08.18-21.17.39:117][  0]LightingResults: New page: Lighting Build
[2024.08.18-21.17.39:141][  0]LogAISub: UAISubsystem::~UAISubsystem EnvQueryManager (000002334CF8DE00), frame # 0
[2024.08.18-21.17.39:141][  0]LogAISub: UAISubsystem::~UAISubsystem AIPerceptionSystem (000002334CFA6200), frame # 0
[2024.08.18-21.17.39:142][  0]LogUObjectHash: Compacting FUObjectHashTables data took   0.89ms
[2024.08.18-21.17.39:272][  0]LogAIModule: Creating AISystem for world ThirdPersonExampleMap
[2024.08.18-21.17.39:272][  0]LogAISub: UAISubsystem::UAISubsystem EnvQueryManager (0000023337372400), frame # 0
[2024.08.18-21.17.39:272][  0]LogAISub: UAISubsystem::UAISubsystem AIPerceptionSystem (0000023337313880), frame # 0
[2024.08.18-21.17.39:278][  0]LogEditorServer: Finished looking for orphan Actors (0.000 secs)
[2024.08.18-21.17.39:291][  0]LogUObjectHash: Compacting FUObjectHashTables data took   1.00ms
[2024.08.18-21.17.39:292][  0]Cmd: MAP CHECKDEP NOCLEARLOG
[2024.08.18-21.17.39:292][  0]MapCheck: Map check complete: 0 Error(s), 0 Warning(s), took 0.162ms to complete.
[2024.08.18-21.17.39:292][  0]LogFileHelpers: Loading map 'ThirdPersonExampleMap' took 0.176
[2024.08.18-21.17.39:295][  0]LogUnrealEdMisc: Total Editor Startup Time, took 8.584
[2024.08.18-21.17.39:423][  0]LogSlate: Updating window title bar state: overlay mode, drag disabled, window buttons hidden, title bar hidden
[2024.08.18-21.17.39:430][  0]LogSlate: Updating window title bar state: overlay mode, drag disabled, window buttons hidden, title bar hidden
[2024.08.18-21.17.39:436][  0]LogSlate: Updating window title bar state: overlay mode, drag disabled, window buttons hidden, title bar hidden
[2024.08.18-21.17.39:443][  0]LogSlate: Updating window title bar state: overlay mode, drag disabled, window buttons hidden, title bar hidden
[2024.08.18-21.17.39:449][  0]LogCollectionManager: Loaded 0 collections in 0.000851 seconds
[2024.08.18-21.17.39:465][  0]LogFileCache: Scanning file cache for directory 'D:/Unreal Projects/Github/GMTKJam2024/GMTK2024/Saved/Collections/' took 0.00s
[2024.08.18-21.17.39:465][  0]LogFileCache: Scanning file cache for directory 'D:/Unreal Projects/Github/GMTKJam2024/GMTK2024/Content/Developers/12sha/Collections/' took 0.00s
[2024.08.18-21.17.39:465][  0]LogFileCache: Scanning file cache for directory 'D:/Unreal Projects/Github/GMTKJam2024/GMTK2024/Content/Collections/' took 0.00s
[2024.08.18-21.17.39:465][  0]LogContentBrowser: Native class hierarchy populated in 0.0106 seconds. Added 3434 classes and 824 folders.
[2024.08.18-21.17.39:468][  0]LogContentBrowser: Native class hierarchy updated for 'WidgetCarousel' in 0.0004 seconds. Added 0 classes and 0 folders.
[2024.08.18-21.17.39:546][  0]LogContentBrowser: Native class hierarchy updated for 'AddContentDialog' in 0.0005 seconds. Added 0 classes and 0 folders.
[2024.08.18-21.17.39:550][  0]LogContentBrowser: Native class hierarchy updated for 'SceneOutliner' in 0.0005 seconds. Added 2 classes and 0 folders.
[2024.08.18-21.17.39:655][  0]LogSlate: Took 0.000400 seconds to synchronously load lazily loaded font '../../../Engine/Content/Slate/Fonts/Roboto-Regular.ttf' (155K)
[2024.08.18-21.17.39:657][  0]LogSlate: Took 0.000313 seconds to synchronously load lazily loaded font '../../../Engine/Content/Slate/Fonts/Roboto-Bold.ttf' (160K)
[2024.08.18-21.17.39:661][  0]LogSlate: Took 0.000321 seconds to synchronously load lazily loaded font '../../../Engine/Content/Editor/Slate/Fonts/FontAwesome.ttf' (139K)
[2024.08.18-21.17.39:718][  0]LogRenderer: Reallocating scene render targets to support 1208x572 Format 10 NumSamples 1 (Frame:1).
[2024.08.18-21.17.39:822][  0]LogContentBrowser: Native class hierarchy updated for 'HierarchicalLODOutliner' in 0.0005 seconds. Added 0 classes and 0 folders.
[2024.08.18-21.17.39:823][  0]LogLoad: (Engine Initialization) Total time: 9.11 seconds
[2024.08.18-21.17.39:823][  0]LogLoad: (Engine Initialization) Total Blueprint compile time: 0.00 seconds
[2024.08.18-21.17.39:858][  0]LogAssetRegistry: Asset discovery search completed in 3.5200 seconds
[2024.08.18-21.17.39:861][  0]LogCollectionManager: Fixed up redirectors for 0 collections in 0.000003 seconds (updated 0 objects)
[2024.08.18-21.17.39:862][  0]LogContentStreaming: Texture pool size now 1000 MB
[2024.08.18-21.17.39:889][  0]LogSlate: Took 0.000508 seconds to synchronously load lazily loaded font '../../../Engine/Content/Slate/Fonts/Roboto-Light.ttf' (167K)
[2024.08.18-21.17.40:853][111]LogSlate: Took 0.000336 seconds to synchronously load lazily loaded font '../../../Engine/Content/Slate/Fonts/Roboto-Light.ttf' (167K)
[2024.08.18-21.19.37:140][231]LogTemp: Repeating last play command: Selected Viewport
[2024.08.18-21.19.37:153][231]LogPlayLevel: PlayLevel: No blueprints needed recompiling
[2024.08.18-21.19.37:154][231]PIE: New page: PIE session: ThirdPersonExampleMap (18 Aug 2024, 23:19:37)
[2024.08.18-21.19.37:155][231]LogOnline: OSS: Creating online subsystem instance for: NULL
[2024.08.18-21.19.37:156][231]LogOnline: OSS: TryLoadSubsystemAndSetDefault: Loaded subsystem for module [NULL]
[2024.08.18-21.19.37:156][231]LogPlayLevel: Creating play world package: /Game/ThirdPersonCPP/Maps/UEDPIE_0_ThirdPersonExampleMap
[2024.08.18-21.19.37:171][231]LogPlayLevel: PIE: StaticDuplicateObject took: (0.014625s)
[2024.08.18-21.19.37:172][231]LogAIModule: Creating AISystem for world ThirdPersonExampleMap
[2024.08.18-21.19.37:172][231]LogAISub: UAISubsystem::UAISubsystem EnvQueryManager (000002337000E400), frame # 1231
[2024.08.18-21.19.37:172][231]LogAISub: UAISubsystem::UAISubsystem AIPerceptionSystem (0000023337333600), frame # 1231
[2024.08.18-21.19.37:173][231]LogPlayLevel: PIE: World Init took: (0.001430s)
[2024.08.18-21.19.37:173][231]LogPlayLevel: PIE: Created PIE world by copying editor world from /Game/ThirdPersonCPP/Maps/ThirdPersonExampleMap.ThirdPersonExampleMap to /Game/ThirdPersonCPP/Maps/UEDPIE_0_ThirdPersonExampleMap.ThirdPersonExampleMap (0.016265s)
[2024.08.18-21.19.37:183][231]LogUObjectHash: Compacting FUObjectHashTables data took   0.82ms
[2024.08.18-21.19.37:186][231]LogAudioMixer: Display: Audio Mixer Platform Settings:
[2024.08.18-21.19.37:186][231]LogAudioMixer: Display: 	Sample Rate:						  48000
[2024.08.18-21.19.37:186][231]LogAudioMixer: Display: 	Callback Buffer Frame Size Requested: 1024
[2024.08.18-21.19.37:186][231]LogAudioMixer: Display: 	Callback Buffer Frame Size To Use:	  1024
[2024.08.18-21.19.37:186][231]LogAudioMixer: Display: 	Number of buffers to queue:			  2
[2024.08.18-21.19.37:186][231]LogAudioMixer: Display: 	Max Channels (voices):				  32
[2024.08.18-21.19.37:186][231]LogAudioMixer: Display: 	Number of Async Source Workers:		  0
[2024.08.18-21.19.37:186][231]LogAudio: Display: AudioDevice MaxSources: 32
[2024.08.18-21.19.37:187][231]LogAudio: Display: Using built-in audio occlusion.
[2024.08.18-21.19.37:187][231]LogAudioMixer: Display: Initializing audio mixer.
[2024.08.18-21.19.37:192][231]LogAudioMixer: Display: 0: FrontLeft
[2024.08.18-21.19.37:192][231]LogAudioMixer: Display: 1: FrontRight
[2024.08.18-21.19.37:204][231]LogAudioMixer: Display: Using Audio Device VoiceMeeter Input (VB-Audio VoiceMeeter VAIO)
[2024.08.18-21.19.37:205][231]LogAudioMixer: Display: Initializing Sound Submixes...
[2024.08.18-21.19.37:205][231]LogAudioMixer: Display: Creating Master Submix 'MasterSubmixDefault'
[2024.08.18-21.19.37:205][231]LogAudioMixer: Display: Creating Master Submix 'MasterReverbSubmixDefault'
[2024.08.18-21.19.37:205][231]LogAudioMixer: Display: Creating Master Submix 'MasterEQSubmixDefault'
[2024.08.18-21.19.37:217][231]LogInit: FAudioDevice initialized.
[2024.08.18-21.19.37:226][231]LogLoad: Game class is 'BP_GM_C'
[2024.08.18-21.19.37:228][231]LogWorld: Bringing World /Game/ThirdPersonCPP/Maps/UEDPIE_0_ThirdPersonExampleMap.ThirdPersonExampleMap up for play (max tick rate 0) at 2024.08.18-22.19.37
[2024.08.18-21.19.37:229][231]LogWorld: Bringing up level for play took: 0.001203
[2024.08.18-21.19.37:229][231]LogOnline: OSS: Creating online subsystem instance for: :Context_1
[2024.08.18-21.19.37:232][231]LogContentBrowser: Native class hierarchy updated for 'MovieSceneCapture' in 0.0005 seconds. Added 20 classes and 0 folders.
[2024.08.18-21.19.37:234][231]LogPawn: Error: EnableInput can only be specified on a Pawn for its Controller
[2024.08.18-21.19.37:234][231]PIE: Server logged in
[2024.08.18-21.19.37:237][231]PIE: Play in editor total start time 0.084 seconds.
[2024.08.18-21.19.41:160][692]LogTemp: Warning: STARTING GRAB
[2024.08.18-21.19.41:910][782]LogTemp: Warning: STARTING GRAB
[2024.08.18-21.19.43:470][967]LogTemp: Warning: USING HELD OBJECT
[2024.08.18-21.19.48:647][586]LogTemp: Warning: STARTING GRAB
[2024.08.18-21.19.49:655][707]LogTemp: Warning: STARTING GRAB
[2024.08.18-21.19.50:290][783]LogTemp: Warning: STARTING GRAB
[2024.08.18-21.19.56:508][528]LogTemp: Warning: STARTING GRAB
[2024.08.18-21.19.57:412][636]LogTemp: Warning: STARTING GRAB
[2024.08.18-21.19.58:104][719]LogTemp: Warning: STARTING GRAB
[2024.08.18-21.19.58:530][770]LogTemp: Warning: STARTING GRAB
[2024.08.18-21.19.58:821][805]LogTemp: Warning: STARTING GRAB
[2024.08.18-21.19.59:072][835]LogTemp: Warning: STARTING GRAB
[2024.08.18-21.19.59:872][931]LogTemp: Warning: STARTING GRAB
[2024.08.18-21.20.03:216][329]LogTemp: Warning: STARTING GRAB
[2024.08.18-21.20.03:866][407]LogTemp: Warning: STARTING GRAB
[2024.08.18-21.20.05:052][546]LogSlate: Updating window title bar state: overlay mode, drag disabled, window buttons hidden, title bar hidden
[2024.08.18-21.20.05:052][546]LogWorld: BeginTearingDown for /Game/ThirdPersonCPP/Maps/UEDPIE_0_ThirdPersonExampleMap
[2024.08.18-21.20.05:052][546]LogWorld: UWorld::CleanupWorld for ThirdPersonExampleMap, bSessionEnded=true, bCleanupResources=true
[2024.08.18-21.20.05:053][546]LogSlate: InvalidateAllWidgets triggered.  All widgets were invalidated
[2024.08.18-21.20.05:061][546]LogPlayLevel: Display: Shutting down PIE online subsystems
[2024.08.18-21.20.05:063][546]LogSlate: InvalidateAllWidgets triggered.  All widgets were invalidated
[2024.08.18-21.20.05:087][546]LogSlate: Updating window title bar state: overlay mode, drag disabled, window buttons hidden, title bar hidden
[2024.08.18-21.20.05:088][546]LogAISub: UAISubsystem::~UAISubsystem AIPerceptionSystem (0000023337333600), frame # 4546
[2024.08.18-21.20.05:088][546]LogAISub: UAISubsystem::~UAISubsystem EnvQueryManager (000002337000E400), frame # 4546
[2024.08.18-21.20.05:089][546]LogUObjectHash: Compacting FUObjectHashTables data took   0.67ms
[2024.08.18-21.20.05:137][548]LogPlayLevel: Display: Destroying online subsystem :Context_1
