Log file open, 08/20/24 11:20:47
LogInit: Display: Running engine for game: GMTK2024
LogPlatformFile: Not using cached read wrapper
LogTaskGraph: Started task graph with 5 named threads and 47 total threads with 3 sets of task threads.
LogStats: Stats thread started at 0.387579
LogD3D11RHI: Loaded GFSDK_Aftermath_Lib.x64.dll
LogICUInternationalization: ICU TimeZone Detection - Raw Offset: +0:00, Platform Override: ''
LogPluginManager: Mounting plugin Paper2D
LogPluginManager: Mounting plugin AISupport
LogPluginManager: Mounting plugin LightPropagationVolume
LogPluginManager: Mounting plugin CameraShakePreviewer
LogPluginManager: Mounting plugin ActorLayerUtilities
LogPluginManager: Mounting plugin AnimationSharing
LogPluginManager: Mounting plugin CLionSourceCodeAccess
LogPluginManager: Mounting plugin CodeLiteSourceCodeAccess
LogPluginManager: Mounting plugin GitSourceControl
LogPluginManager: Mounting plugin KDevelopSourceCodeAccess
LogPluginManager: Mounting plugin NullSourceCodeAccess
LogPluginManager: Mounting plugin PerforceSourceControl
LogPluginManager: Mounting plugin PlasticSourceControl
LogPluginManager: Mounting plugin RiderSourceCodeAccess
LogPluginManager: Mounting plugin SubversionSourceControl
LogPluginManager: Mounting plugin UObjectPlugin
LogPluginManager: Mounting plugin VisualStudioCodeSourceCodeAccess
LogPluginManager: Mounting plugin VisualStudioSourceCodeAccess
LogPluginManager: Mounting plugin XCodeSourceCodeAccess
LogPluginManager: Mounting plugin AssetManagerEditor
LogPluginManager: Mounting plugin CryptoKeys
LogPluginManager: Mounting plugin CurveEditorTools
LogPluginManager: Mounting plugin DataValidation
LogPluginManager: Mounting plugin EditorScriptingUtilities
LogPluginManager: Mounting plugin FacialAnimation
LogPluginManager: Mounting plugin GameplayTagsEditor
LogPluginManager: Mounting plugin GeometryMode
LogPluginManager: Mounting plugin MacGraphicsSwitching
LogPluginManager: Mounting plugin MaterialAnalyzer
LogPluginManager: Mounting plugin MobileLauncherProfileWizard
LogPluginManager: Mounting plugin PluginBrowser
LogPluginManager: Mounting plugin SpeedTreeImporter
LogPluginManager: Mounting plugin DatasmithContent
LogPluginManager: Mounting plugin VariantManagerContent
LogPluginManager: Mounting plugin AlembicImporter
LogPluginManager: Mounting plugin AutomationUtils
LogPluginManager: Mounting plugin BackChannel
LogPluginManager: Mounting plugin ChaosCloth
LogPluginManager: Mounting plugin ChaosClothEditor
LogPluginManager: Mounting plugin ChaosEditor
LogPluginManager: Mounting plugin ChaosNiagara
LogPluginManager: Mounting plugin ChaosSolverPlugin
LogPluginManager: Mounting plugin CharacterAI
LogPluginManager: Mounting plugin GeometryCache
LogPluginManager: Mounting plugin GeometryCollectionPlugin
LogPluginManager: Mounting plugin GeometryProcessing
LogPluginManager: Mounting plugin PlanarCut
LogPluginManager: Mounting plugin PlatformCrypto
LogPluginManager: Mounting plugin ProxyLODPlugin
LogPluginManager: Mounting plugin SkeletalReduction
LogPluginManager: Mounting plugin Niagara
LogPluginManager: Mounting plugin MagicLeap
LogPluginManager: Mounting plugin MagicLeapLightEstimation
LogPluginManager: Mounting plugin MagicLeapMedia
LogPluginManager: Mounting plugin MagicLeapPassableWorld
LogPluginManager: Mounting plugin MLSDK
LogPluginManager: Mounting plugin RiderLink
LogPluginManager: Mounting plugin AndroidMedia
LogPluginManager: Mounting plugin AvfMedia
LogPluginManager: Mounting plugin ImgMedia
LogPluginManager: Mounting plugin MediaCompositing
LogPluginManager: Mounting plugin MediaPlayerEditor
LogPluginManager: Mounting plugin WebMMedia
LogPluginManager: Mounting plugin WmfMedia
LogPluginManager: Mounting plugin MeshPainting
LogPluginManager: Mounting plugin TcpMessaging
LogPluginManager: Mounting plugin UdpMessaging
LogPluginManager: Mounting plugin ActorSequence
LogPluginManager: Mounting plugin LevelSequenceEditor
LogPluginManager: Mounting plugin MatineeToLevelSequence
LogPluginManager: Mounting plugin MovieRenderPipeline
LogPluginManager: Mounting plugin TemplateSequence
LogPluginManager: Mounting plugin NetcodeUnitTest
LogPluginManager: Mounting plugin NUTUnrealEngine4
LogPluginManager: Mounting plugin OnlineSubsystemGooglePlay
LogPluginManager: Mounting plugin OnlineSubsystemIOS
LogPluginManager: Mounting plugin OnlineSubsystem
LogPluginManager: Mounting plugin OnlineSubsystemNull
LogPluginManager: Mounting plugin OnlineSubsystemUtils
LogPluginManager: Mounting plugin LauncherChunkInstaller
LogPluginManager: Mounting plugin AndroidDeviceProfileSelector
LogPluginManager: Mounting plugin AndroidMoviePlayer
LogPluginManager: Mounting plugin AndroidPermission
LogPluginManager: Mounting plugin AppleImageUtils
LogPluginManager: Mounting plugin AppleMoviePlayer
LogPluginManager: Mounting plugin ArchVisCharacter
LogPluginManager: Mounting plugin AssetTags
LogPluginManager: Mounting plugin AudioCapture
LogPluginManager: Mounting plugin CableComponent
LogPluginManager: Mounting plugin CustomMeshComponent
LogPluginManager: Mounting plugin EditableMesh
LogPluginManager: Mounting plugin ExampleDeviceProfileSelector
LogPluginManager: Mounting plugin GoogleCloudMessaging
LogPluginManager: Mounting plugin GooglePAD
LogPluginManager: Mounting plugin IOSDeviceProfileSelector
LogPluginManager: Mounting plugin LinuxDeviceProfileSelector
LogPluginManager: Mounting plugin LocationServicesBPLibrary
LogPluginManager: Mounting plugin MobilePatchingUtils
LogPluginManager: Mounting plugin OculusVR
LogPluginManager: Mounting plugin PhysXVehicles
LogPluginManager: Mounting plugin PostSplashScreen
LogPluginManager: Mounting plugin ProceduralMeshComponent
LogPluginManager: Mounting plugin RuntimePhysXCooking
LogPluginManager: Mounting plugin SignificanceManager
LogPluginManager: Mounting plugin SoundFields
LogPluginManager: Mounting plugin SteamVR
LogPluginManager: Mounting plugin Synthesis
LogPluginManager: Mounting plugin WebMMoviePlayer
LogPluginManager: Mounting plugin WindowsMoviePlayer
LogPluginManager: Mounting plugin ScreenshotTools
LogInit: Using libcurl 7.55.1-DEV
LogInit:  - built for x86_64-pc-win32
LogInit:  - supports SSL with OpenSSL/1.1.1
LogInit:  - supports HTTP deflate (compression) using libz 1.2.8
LogInit:  - other features:
LogInit:      CURL_VERSION_SSL
LogInit:      CURL_VERSION_LIBZ
LogInit:      CURL_VERSION_IPV6
LogInit:      CURL_VERSION_ASYNCHDNS
LogInit:      CURL_VERSION_LARGEFILE
LogInit:      CURL_VERSION_IDN
LogInit:  CurlRequestOptions (configurable via config and command line):
LogInit:  - bVerifyPeer = true  - Libcurl will verify peer certificate
LogInit:  - bUseHttpProxy = false  - Libcurl will NOT use HTTP proxy
LogInit:  - bDontReuseConnections = false  - Libcurl will reuse connections
LogInit:  - MaxHostConnections = 16  - Libcurl will limit the number of connections to a host
LogInit:  - LocalHostAddr = Default
LogInit:  - BufferSize = 65536
LogOnline: OSS: Creating online subsystem instance for: NULL
LogInit: WinSock: version 1.1 (2.2), MaxSocks=32767, MaxUdp=65467
LogOnline: OSS: TryLoadSubsystemAndSetDefault: Loaded subsystem for module [NULL]
LogInit: Build: ++UE4+Release-4.25-CL-14469661
LogInit: Engine Version: 4.25.4-14469661+++UE4+Release-4.25
LogInit: Compatible Engine Version: 4.25.0-13144385+++UE4+Release-4.25
LogInit: Net CL: 13144385
LogInit: OS: Windows 10 (Release 2009) (), CPU: AMD Ryzen 7 3700X 8-Core Processor             , GPU: AMD Radeon RX 5700 XT
LogInit: Compiled (64-bit): Oct 11 2020 08:10:49
LogInit: Compiled with Visual C++: 19.24.28315.00
LogInit: Build Configuration: Development
LogInit: Branch Name: ++UE4+Release-4.25
LogInit: Command Line:  -skipcompile
LogInit: Base Directory: D:/Program Files (x86)/Epic Games/Games/UE_4.25/Engine/Binaries/Win64/
LogInit: Allocator: TBB
LogInit: Installed Engine Build: 1
LogDevObjectVersion: Number of dev versions registered: 26
LogDevObjectVersion:   Dev-Blueprints (B0D832E4-1F89-4F0D-ACCF-7EB736FD4AA2): 10
LogDevObjectVersion:   Dev-Build (E1C64328-A22C-4D53-A36C-8E866417BD8C): 0
LogDevObjectVersion:   Dev-Core (375EC13C-06E4-48FB-B500-84F0262A717E): 4
LogDevObjectVersion:   Dev-Editor (E4B068ED-F494-42E9-A231-DA0B2E46BB41): 38
LogDevObjectVersion:   Dev-Framework (CFFC743F-43B0-4480-9391-14DF171D2073): 37
LogDevObjectVersion:   Dev-Mobile (B02B49B5-BB20-44E9-A304-32B752E40360): 2
LogDevObjectVersion:   Dev-Networking (A4E4105C-59A1-49B5-A7C5-40C4547EDFEE): 0
LogDevObjectVersion:   Dev-Online (39C831C9-5AE6-47DC-9A44-9C173E1C8E7C): 0
LogDevObjectVersion:   Dev-Physics (78F01B33-EBEA-4F98-B9B4-84EACCB95AA2): 4
LogDevObjectVersion:   Dev-Platform (6631380F-2D4D-43E0-8009-CF276956A95A): 0
LogDevObjectVersion:   Dev-Rendering (12F88B9F-8875-4AFC-A67C-D90C383ABD29): 43
LogDevObjectVersion:   Dev-Sequencer (7B5AE74C-D270-4C10-A958-57980B212A5A): 12
LogDevObjectVersion:   Dev-VR (D7296918-1DD6-4BDD-9DE2-64A83CC13884): 3
LogDevObjectVersion:   Dev-LoadTimes (C2A15278-BFE7-4AFE-6C17-90FF531DF755): 1
LogDevObjectVersion:   Private-Geometry (6EACA3D4-40EC-4CC1-B786-8BED09428FC5): 3
LogDevObjectVersion:   Dev-AnimPhys (29E575DD-E0A3-4627-9D10-D276232CDCEA): 17
LogDevObjectVersion:   Dev-Anim (AF43A65D-7FD3-4947-9873-3E8ED9C1BB05): 7
LogDevObjectVersion:   Dev-ReflectionCapture (6B266CEC-1EC7-4B8F-A30B-E4D90942FC07): 1
LogDevObjectVersion:   Dev-Automation (0DF73D61-A23F-47EA-B727-89E90C41499A): 1
LogDevObjectVersion:   FortniteMain (601D1886-AC64-4F84-AA16-D3DE0DEAC7D6): 31
LogDevObjectVersion:   Dev-Enterprise (9DFFBCD6-494F-0158-E221-12823C92A888): 10
LogDevObjectVersion:   Dev-Niagara (F2AED0AC-9AFE-416F-8664-AA7FFA26D6FC): 1
LogDevObjectVersion:   Dev-Destruction (174F1F0B-B4C6-45A5-B13F-2EE8D0FB917D): 10
LogDevObjectVersion:   Dev-Physics-Ext (35F94A83-E258-406C-A318-09F59610247C): 37
LogDevObjectVersion:   Dev-PhysicsMaterial-Chaos (B68FC16E-8B1B-42E2-B453-215C058844FE): 1
LogDevObjectVersion:   Dev-CineCamera (B2E18506-4273-CFC2-A54E-F4BB758BBA07): 1
LogInit: Presizing for max 25165824 objects, including 0 objects not considered by GC, pre-allocating 0 bytes for permanent pool.
LogConfig: Applying CVar settings from Section [/Script/Engine.StreamingSettings] File [D:/Unreal Projects/Github/GMTKJam2024/GMTK2024/Saved/Config/Windows/Engine.ini]
LogConfig: Setting CVar [[s.MinBulkDataSizeForAsyncLoading:131072]]
LogConfig: Setting CVar [[s.AsyncLoadingThreadEnabled:0]]
LogConfig: Setting CVar [[s.EventDrivenLoaderEnabled:1]]
LogConfig: Setting CVar [[s.WarnIfTimeLimitExceeded:0]]
LogConfig: Setting CVar [[s.TimeLimitExceededMultiplier:1.5]]
LogConfig: Setting CVar [[s.TimeLimitExceededMinTime:0.005]]
LogConfig: Setting CVar [[s.UseBackgroundLevelStreaming:1]]
LogConfig: Setting CVar [[s.PriorityAsyncLoadingExtraTime:15.0]]
LogConfig: Setting CVar [[s.LevelStreamingActorsUpdateTimeLimit:5.0]]
LogConfig: Setting CVar [[s.PriorityLevelStreamingActorsUpdateExtraTime:5.0]]
LogConfig: Setting CVar [[s.LevelStreamingComponentsRegistrationGranularity:10]]
LogConfig: Setting CVar [[s.UnregisterComponentsTimeLimit:1.0]]
LogConfig: Setting CVar [[s.LevelStreamingComponentsUnregistrationGranularity:5]]
LogConfig: Setting CVar [[s.FlushStreamingOnExit:1]]
LogInit: Object subsystem initialized
LogConfig: Setting CVar [[con.DebugEarlyDefault:1]]
LogConfig: Setting CVar [[r.setres:1280x720]]
[2024.08.20-10.20.48:692][  0]LogConfig: Setting CVar [[r.VSync:0]]
[2024.08.20-10.20.48:692][  0]LogConfig: Setting CVar [[r.RHICmdBypass:0]]
[2024.08.20-10.20.48:692][  0]LogConfig: Applying CVar settings from Section [/Script/Engine.RendererSettings] File [D:/Unreal Projects/Github/GMTKJam2024/GMTK2024/Saved/Config/Windows/Engine.ini]
[2024.08.20-10.20.48:692][  0]LogConfig: Setting CVar [[r.GPUCrashDebugging:0]]
[2024.08.20-10.20.48:692][  0]LogConfig: Setting CVar [[r.Mobile.DisableVertexFog:1]]
[2024.08.20-10.20.48:692][  0]LogConfig: Setting CVar [[r.Shadow.CSM.MaxMobileCascades:2]]
[2024.08.20-10.20.48:692][  0]LogConfig: Setting CVar [[r.MobileMSAA:1]]
[2024.08.20-10.20.48:692][  0]LogConfig: Setting CVar [[r.Mobile.UseLegacyShadingModel:0]]
[2024.08.20-10.20.48:692][  0]LogConfig: Setting CVar [[r.Mobile.AllowDitheredLODTransition:0]]
[2024.08.20-10.20.48:692][  0]LogConfig: Setting CVar [[r.Mobile.AllowSoftwareOcclusion:0]]
[2024.08.20-10.20.48:692][  0]LogConfig: Setting CVar [[r.Mobile.VirtualTextures:0]]
[2024.08.20-10.20.48:692][  0]LogConfig: Setting CVar [[r.DiscardUnusedQuality:0]]
[2024.08.20-10.20.48:692][  0]LogConfig: Setting CVar [[r.AllowOcclusionQueries:1]]
[2024.08.20-10.20.48:692][  0]LogConfig: Setting CVar [[r.MinScreenRadiusForLights:0.030000]]
[2024.08.20-10.20.48:692][  0]LogConfig: Setting CVar [[r.MinScreenRadiusForDepthPrepass:0.030000]]
[2024.08.20-10.20.48:692][  0]LogConfig: Setting CVar [[r.MinScreenRadiusForCSMDepth:0.010000]]
[2024.08.20-10.20.48:692][  0]LogConfig: Setting CVar [[r.PrecomputedVisibilityWarning:0]]
[2024.08.20-10.20.48:692][  0]LogConfig: Setting CVar [[r.TextureStreaming:1]]
[2024.08.20-10.20.48:692][  0]LogConfig: Setting CVar [[Compat.UseDXT5NormalMaps:0]]
[2024.08.20-10.20.48:692][  0]LogConfig: Setting CVar [[r.VirtualTextures:0]]
[2024.08.20-10.20.48:692][  0]LogConfig: Setting CVar [[r.VirtualTexturedLightmaps:0]]
[2024.08.20-10.20.48:692][  0]LogConfig: Setting CVar [[r.VT.TileSize:128]]
[2024.08.20-10.20.48:692][  0]LogConfig: Setting CVar [[r.VT.TileBorderSize:4]]
[2024.08.20-10.20.48:692][  0]LogConfig: Setting CVar [[r.vt.FeedbackFactor:16]]
[2024.08.20-10.20.48:692][  0]LogConfig: Setting CVar [[r.VT.EnableCompressZlib:1]]
[2024.08.20-10.20.48:692][  0]LogConfig: Setting CVar [[r.VT.EnableCompressCrunch:0]]
[2024.08.20-10.20.48:692][  0]LogConfig: Setting CVar [[r.ClearCoatNormal:0]]
[2024.08.20-10.20.48:693][  0]LogConfig: Setting CVar [[r.AnisotropicBRDF:0]]
[2024.08.20-10.20.48:693][  0]LogConfig: Setting CVar [[r.ReflectionCaptureResolution:128]]
[2024.08.20-10.20.48:693][  0]LogConfig: Setting CVar [[r.ReflectionEnvironmentLightmapMixBasedOnRoughness:1]]
[2024.08.20-10.20.48:693][  0]LogConfig: Setting CVar [[r.ForwardShading:0]]
[2024.08.20-10.20.48:693][  0]LogConfig: Setting CVar [[r.VertexFoggingForOpaque:1]]
[2024.08.20-10.20.48:693][  0]LogConfig: Setting CVar [[r.AllowStaticLighting:1]]
[2024.08.20-10.20.48:693][  0]LogConfig: Setting CVar [[r.NormalMapsForStaticLighting:0]]
[2024.08.20-10.20.48:693][  0]LogConfig: Setting CVar [[r.GenerateMeshDistanceFields:0]]
[2024.08.20-10.20.48:693][  0]LogConfig: Setting CVar [[r.DistanceFieldBuild.EightBit:0]]
[2024.08.20-10.20.48:693][  0]LogConfig: Setting CVar [[r.GenerateLandscapeGIData:0]]
[2024.08.20-10.20.48:693][  0]LogConfig: Setting CVar [[r.DistanceFieldBuild.Compress:0]]
[2024.08.20-10.20.48:693][  0]LogConfig: Setting CVar [[r.TessellationAdaptivePixelsPerTriangle:48.000000]]
[2024.08.20-10.20.48:693][  0]LogConfig: Setting CVar [[r.SeparateTranslucency:1]]
[2024.08.20-10.20.48:693][  0]LogConfig: Setting CVar [[r.TranslucentSortPolicy:0]]
[2024.08.20-10.20.48:693][  0]LogConfig: Setting CVar [[r.CustomDepth:1]]
[2024.08.20-10.20.48:693][  0]LogConfig: Setting CVar [[r.CustomDepthTemporalAAJitter:1]]
[2024.08.20-10.20.48:693][  0]LogConfig: Setting CVar [[r.PostProcessing.PropagateAlpha:0]]
[2024.08.20-10.20.48:693][  0]LogConfig: Setting CVar [[r.DefaultFeature.Bloom:1]]
[2024.08.20-10.20.48:693][  0]LogConfig: Setting CVar [[r.DefaultFeature.AmbientOcclusion:1]]
[2024.08.20-10.20.48:693][  0]LogConfig: Setting CVar [[r.DefaultFeature.AmbientOcclusionStaticFraction:1]]
[2024.08.20-10.20.48:693][  0]LogConfig: Setting CVar [[r.DefaultFeature.AutoExposure:0]]
[2024.08.20-10.20.48:693][  0]LogConfig: Setting CVar [[r.DefaultFeature.AutoExposure.Method:0]]
[2024.08.20-10.20.48:693][  0]LogConfig: Setting CVar [[r.DefaultFeature.AutoExposure.Bias:1.000000]]
[2024.08.20-10.20.48:693][  0]LogConfig: Setting CVar [[r.DefaultFeature.AutoExposure.ExtendDefaultLuminanceRange:0]]
[2024.08.20-10.20.48:693][  0]LogConfig: Setting CVar [[r.UsePreExposure:1]]
[2024.08.20-10.20.48:693][  0]LogConfig: Setting CVar [[r.EyeAdaptation.EditorOnly:0]]
[2024.08.20-10.20.48:693][  0]LogConfig: Setting CVar [[r.DefaultFeature.MotionBlur:0]]
[2024.08.20-10.20.48:693][  0]LogConfig: Setting CVar [[r.DefaultFeature.LensFlare:0]]
[2024.08.20-10.20.48:693][  0]LogConfig: Setting CVar [[r.TemporalAA.Upsampling:0]]
[2024.08.20-10.20.48:693][  0]LogConfig: Setting CVar [[r.SSGI.Enable:0]]
[2024.08.20-10.20.48:693][  0]LogConfig: Setting CVar [[r.DefaultFeature.AntiAliasing:0]]
[2024.08.20-10.20.48:693][  0]LogConfig: Setting CVar [[r.DefaultFeature.LightUnits:1]]
[2024.08.20-10.20.48:693][  0]LogConfig: Setting CVar [[r.DefaultBackBufferPixelFormat:4]]
[2024.08.20-10.20.48:693][  0]LogConfig: Setting CVar [[r.Shadow.UnbuiltPreviewInGame:1]]
[2024.08.20-10.20.48:693][  0]LogConfig: Setting CVar [[r.StencilForLODDither:0]]
[2024.08.20-10.20.48:693][  0]LogConfig: Setting CVar [[r.EarlyZPass:3]]
[2024.08.20-10.20.48:693][  0]LogConfig: Setting CVar [[r.EarlyZPassOnlyMaterialMasking:0]]
[2024.08.20-10.20.48:693][  0]LogConfig: Setting CVar [[r.DBuffer:1]]
[2024.08.20-10.20.48:693][  0]LogConfig: Setting CVar [[r.ClearSceneMethod:1]]
[2024.08.20-10.20.48:693][  0]LogConfig: Setting CVar [[r.BasePassOutputsVelocity:0]]
[2024.08.20-10.20.48:693][  0]LogConfig: Setting CVar [[r.VertexDeformationOutputsVelocity:0]]
[2024.08.20-10.20.48:693][  0]LogConfig: Setting CVar [[r.SelectiveBasePassOutputs:0]]
[2024.08.20-10.20.48:693][  0]LogConfig: Setting CVar [[fx.GPUSimulationTextureSizeX:1024]]
[2024.08.20-10.20.48:693][  0]LogConfig: Setting CVar [[fx.GPUSimulationTextureSizeY:1024]]
[2024.08.20-10.20.48:693][  0]LogConfig: Setting CVar [[r.AllowGlobalClipPlane:0]]
[2024.08.20-10.20.48:693][  0]LogConfig: Setting CVar [[r.GBufferFormat:1]]
[2024.08.20-10.20.48:693][  0]LogConfig: Setting CVar [[r.MorphTarget.Mode:1]]
[2024.08.20-10.20.48:693][  0]LogConfig: Setting CVar [[vr.InstancedStereo:0]]
[2024.08.20-10.20.48:693][  0]LogConfig: Setting CVar [[r.MobileHDR:1]]
[2024.08.20-10.20.48:693][  0]LogConfig: Setting CVar [[vr.MobileMultiView:0]]
[2024.08.20-10.20.48:693][  0]LogConfig: Setting CVar [[r.Mobile.UseHWsRGBEncoding:0]]
[2024.08.20-10.20.48:693][  0]LogConfig: Setting CVar [[vr.RoundRobinOcclusion:0]]
[2024.08.20-10.20.48:693][  0]LogConfig: Setting CVar [[vr.ODSCapture:0]]
[2024.08.20-10.20.48:693][  0]LogConfig: Setting CVar [[r.MeshStreaming:0]]
[2024.08.20-10.20.48:693][  0]LogConfig: Setting CVar [[r.WireframeCullThreshold:5.000000]]
[2024.08.20-10.20.48:693][  0]LogConfig: Setting CVar [[r.RayTracing:0]]
[2024.08.20-10.20.48:693][  0]LogConfig: Setting CVar [[r.RayTracing.UseTextureLod:0]]
[2024.08.20-10.20.48:693][  0]LogConfig: Setting CVar [[r.SupportStationarySkylight:1]]
[2024.08.20-10.20.48:693][  0]LogConfig: Setting CVar [[r.SupportLowQualityLightmaps:1]]
[2024.08.20-10.20.48:693][  0]LogConfig: Setting CVar [[r.SupportPointLightWholeSceneShadows:1]]
[2024.08.20-10.20.48:693][  0]LogConfig: Setting CVar [[r.SupportAtmosphericFog:1]]
[2024.08.20-10.20.48:693][  0]LogConfig: Setting CVar [[r.SupportSkyAtmosphere:1]]
[2024.08.20-10.20.48:693][  0]LogConfig: Setting CVar [[r.SupportSkyAtmosphereAffectsHeightFog:0]]
[2024.08.20-10.20.48:693][  0]LogConfig: Setting CVar [[r.SkinCache.CompileShaders:0]]
[2024.08.20-10.20.48:693][  0]LogConfig: Setting CVar [[r.SkinCache.DefaultBehavior:1]]
[2024.08.20-10.20.48:693][  0]LogConfig: Setting CVar [[r.SkinCache.SceneMemoryLimitInMB:128.000000]]
[2024.08.20-10.20.48:693][  0]LogConfig: Setting CVar [[r.Mobile.EnableStaticAndCSMShadowReceivers:1]]
[2024.08.20-10.20.48:693][  0]LogConfig: Setting CVar [[r.Mobile.EnableMovableLightCSMShaderCulling:1]]
[2024.08.20-10.20.48:693][  0]LogConfig: Setting CVar [[r.Mobile.AllowDistanceFieldShadows:1]]
[2024.08.20-10.20.48:693][  0]LogConfig: Setting CVar [[r.Mobile.AllowMovableDirectionalLights:1]]
[2024.08.20-10.20.48:693][  0]LogConfig: Setting CVar [[r.MobileNumDynamicPointLights:4]]
[2024.08.20-10.20.48:693][  0]LogConfig: Setting CVar [[r.MobileDynamicPointLightsUseStaticBranch:1]]
[2024.08.20-10.20.48:693][  0]LogConfig: Setting CVar [[r.Mobile.EnableMovableSpotlights:0]]
[2024.08.20-10.20.48:693][  0]LogConfig: Setting CVar [[r.GPUSkin.Support16BitBoneIndex:0]]
[2024.08.20-10.20.48:693][  0]LogConfig: Setting CVar [[r.GPUSkin.Limit2BoneInfluences:0]]
[2024.08.20-10.20.48:693][  0]LogConfig: Setting CVar [[r.SupportDepthOnlyIndexBuffers:1]]
[2024.08.20-10.20.48:693][  0]LogConfig: Setting CVar [[r.SupportReversedIndexBuffers:1]]
[2024.08.20-10.20.48:693][  0]LogConfig: Setting CVar [[r.SupportMaterialLayers:0]]
[2024.08.20-10.20.48:693][  0]LogConfig: Setting CVar [[r.LightPropagationVolume:0]]
[2024.08.20-10.20.48:693][  0]LogConfig: Applying CVar settings from Section [/Script/Engine.RendererOverrideSettings] File [D:/Unreal Projects/Github/GMTKJam2024/GMTK2024/Saved/Config/Windows/Engine.ini]
[2024.08.20-10.20.48:693][  0]LogConfig: Applying CVar settings from Section [/Script/Engine.StreamingSettings] File [D:/Unreal Projects/Github/GMTKJam2024/GMTK2024/Saved/Config/Windows/Engine.ini]
[2024.08.20-10.20.48:693][  0]LogConfig: Setting CVar [[s.MinBulkDataSizeForAsyncLoading:131072]]
[2024.08.20-10.20.48:693][  0]LogConfig: Setting CVar [[s.AsyncLoadingThreadEnabled:0]]
[2024.08.20-10.20.48:693][  0]LogConfig: Setting CVar [[s.EventDrivenLoaderEnabled:1]]
[2024.08.20-10.20.48:693][  0]LogConfig: Setting CVar [[s.WarnIfTimeLimitExceeded:0]]
[2024.08.20-10.20.48:693][  0]LogConfig: Setting CVar [[s.TimeLimitExceededMultiplier:1.5]]
[2024.08.20-10.20.48:694][  0]LogConfig: Setting CVar [[s.TimeLimitExceededMinTime:0.005]]
[2024.08.20-10.20.48:694][  0]LogConfig: Setting CVar [[s.UseBackgroundLevelStreaming:1]]
[2024.08.20-10.20.48:694][  0]LogConfig: Setting CVar [[s.PriorityAsyncLoadingExtraTime:15.0]]
[2024.08.20-10.20.48:694][  0]LogConfig: Setting CVar [[s.LevelStreamingActorsUpdateTimeLimit:5.0]]
[2024.08.20-10.20.48:694][  0]LogConfig: Setting CVar [[s.PriorityLevelStreamingActorsUpdateExtraTime:5.0]]
[2024.08.20-10.20.48:694][  0]LogConfig: Setting CVar [[s.LevelStreamingComponentsRegistrationGranularity:10]]
[2024.08.20-10.20.48:694][  0]LogConfig: Setting CVar [[s.UnregisterComponentsTimeLimit:1.0]]
[2024.08.20-10.20.48:694][  0]LogConfig: Setting CVar [[s.LevelStreamingComponentsUnregistrationGranularity:5]]
[2024.08.20-10.20.48:694][  0]LogConfig: Setting CVar [[s.FlushStreamingOnExit:1]]
[2024.08.20-10.20.48:694][  0]LogConfig: Applying CVar settings from Section [/Script/Engine.GarbageCollectionSettings] File [D:/Unreal Projects/Github/GMTKJam2024/GMTK2024/Saved/Config/Windows/Engine.ini]
[2024.08.20-10.20.48:694][  0]LogConfig: Setting CVar [[gc.MaxObjectsNotConsideredByGC:1]]
[2024.08.20-10.20.48:694][  0]LogConfig: Setting CVar [[gc.SizeOfPermanentObjectPool:0]]
[2024.08.20-10.20.48:694][  0]LogConfig: Setting CVar [[gc.FlushStreamingOnGC:0]]
[2024.08.20-10.20.48:694][  0]LogConfig: Setting CVar [[gc.NumRetriesBeforeForcingGC:10]]
[2024.08.20-10.20.48:694][  0]LogConfig: Setting CVar [[gc.AllowParallelGC:1]]
[2024.08.20-10.20.48:694][  0]LogConfig: Setting CVar [[gc.TimeBetweenPurgingPendingKillObjects:61.1]]
[2024.08.20-10.20.48:694][  0]LogConfig: Setting CVar [[gc.MaxObjectsInEditor:25165824]]
[2024.08.20-10.20.48:694][  0]LogConfig: Setting CVar [[gc.IncrementalBeginDestroyEnabled:1]]
[2024.08.20-10.20.48:694][  0]LogConfig: Setting CVar [[gc.CreateGCClusters:1]]
[2024.08.20-10.20.48:694][  0]LogConfig: Setting CVar [[gc.MinGCClusterSize:5]]
[2024.08.20-10.20.48:694][  0]LogConfig: Setting CVar [[gc.ActorClusteringEnabled:0]]
[2024.08.20-10.20.48:694][  0]LogConfig: Setting CVar [[gc.BlueprintClusteringEnabled:0]]
[2024.08.20-10.20.48:694][  0]LogConfig: Setting CVar [[gc.UseDisregardForGCOnDedicatedServers:0]]
[2024.08.20-10.20.48:694][  0]LogConfig: Applying CVar settings from Section [/Script/Engine.NetworkSettings] File [D:/Unreal Projects/Github/GMTKJam2024/GMTK2024/Saved/Config/Windows/Engine.ini]
[2024.08.20-10.20.48:694][  0]LogConfig: Applying CVar settings from Section [/Script/UnrealEd.CookerSettings] File [D:/Unreal Projects/Github/GMTKJam2024/GMTK2024/Saved/Config/Windows/Engine.ini]
[2024.08.20-10.20.48:700][  0]LogConfig: Applying CVar settings from Section [ViewDistanceQuality@3] File [D:/Unreal Projects/Github/GMTKJam2024/GMTK2024/Saved/Config/Windows/Scalability.ini]
[2024.08.20-10.20.48:700][  0]LogConfig: Setting CVar [[r.SkeletalMeshLODBias:0]]
[2024.08.20-10.20.48:700][  0]LogConfig: Setting CVar [[r.ViewDistanceScale:1.0]]
[2024.08.20-10.20.48:700][  0]LogConfig: Applying CVar settings from Section [AntiAliasingQuality@3] File [D:/Unreal Projects/Github/GMTKJam2024/GMTK2024/Saved/Config/Windows/Scalability.ini]
[2024.08.20-10.20.48:700][  0]LogConfig: Setting CVar [[r.PostProcessAAQuality:4]]
[2024.08.20-10.20.48:700][  0]LogConfig: Applying CVar settings from Section [ShadowQuality@3] File [D:/Unreal Projects/Github/GMTKJam2024/GMTK2024/Saved/Config/Windows/Scalability.ini]
[2024.08.20-10.20.48:700][  0]LogConfig: Setting CVar [[r.LightFunctionQuality:1]]
[2024.08.20-10.20.48:700][  0]LogConfig: Setting CVar [[r.ShadowQuality:5]]
[2024.08.20-10.20.48:700][  0]LogConfig: Setting CVar [[r.Shadow.CSM.MaxCascades:10]]
[2024.08.20-10.20.48:700][  0]LogConfig: Setting CVar [[r.Shadow.MaxResolution:2048]]
[2024.08.20-10.20.48:700][  0]LogConfig: Setting CVar [[r.Shadow.MaxCSMResolution:2048]]
[2024.08.20-10.20.48:700][  0]LogConfig: Setting CVar [[r.Shadow.RadiusThreshold:0.01]]
[2024.08.20-10.20.48:700][  0]LogConfig: Setting CVar [[r.Shadow.DistanceScale:1.0]]
[2024.08.20-10.20.48:700][  0]LogConfig: Setting CVar [[r.Shadow.CSM.TransitionScale:1.0]]
[2024.08.20-10.20.48:700][  0]LogConfig: Setting CVar [[r.Shadow.PreShadowResolutionFactor:1.0]]
[2024.08.20-10.20.48:700][  0]LogConfig: Setting CVar [[r.DistanceFieldShadowing:1]]
[2024.08.20-10.20.48:700][  0]LogConfig: Setting CVar [[r.DistanceFieldAO:1]]
[2024.08.20-10.20.48:700][  0]LogConfig: Setting CVar [[r.AOQuality:2]]
[2024.08.20-10.20.48:700][  0]LogConfig: Setting CVar [[r.VolumetricFog:1]]
[2024.08.20-10.20.48:700][  0]LogConfig: Setting CVar [[r.VolumetricFog.GridPixelSize:8]]
[2024.08.20-10.20.48:700][  0]LogConfig: Setting CVar [[r.VolumetricFog.GridSizeZ:128]]
[2024.08.20-10.20.48:700][  0]LogConfig: Setting CVar [[r.VolumetricFog.HistoryMissSupersampleCount:4]]
[2024.08.20-10.20.48:700][  0]LogConfig: Setting CVar [[r.LightMaxDrawDistanceScale:1]]
[2024.08.20-10.20.48:700][  0]LogConfig: Setting CVar [[r.CapsuleShadows:1]]
[2024.08.20-10.20.48:700][  0]LogConfig: Applying CVar settings from Section [PostProcessQuality@3] File [D:/Unreal Projects/Github/GMTKJam2024/GMTK2024/Saved/Config/Windows/Scalability.ini]
[2024.08.20-10.20.48:700][  0]LogConfig: Setting CVar [[r.MotionBlurQuality:4]]
[2024.08.20-10.20.48:700][  0]LogConfig: Setting CVar [[r.AmbientOcclusionMipLevelFactor:0.4]]
[2024.08.20-10.20.48:700][  0]LogConfig: Setting CVar [[r.AmbientOcclusionMaxQuality:100]]
[2024.08.20-10.20.48:700][  0]LogConfig: Setting CVar [[r.AmbientOcclusionLevels:-1]]
[2024.08.20-10.20.48:700][  0]LogConfig: Setting CVar [[r.AmbientOcclusionRadiusScale:1.0]]
[2024.08.20-10.20.48:700][  0]LogConfig: Setting CVar [[r.DepthOfFieldQuality:2]]
[2024.08.20-10.20.48:700][  0]LogConfig: Setting CVar [[r.RenderTargetPoolMin:400]]
[2024.08.20-10.20.48:700][  0]LogConfig: Setting CVar [[r.LensFlareQuality:2]]
[2024.08.20-10.20.48:700][  0]LogConfig: Setting CVar [[r.SceneColorFringeQuality:1]]
[2024.08.20-10.20.48:700][  0]LogConfig: Setting CVar [[r.EyeAdaptationQuality:2]]
[2024.08.20-10.20.48:700][  0]LogConfig: Setting CVar [[r.BloomQuality:5]]
[2024.08.20-10.20.48:700][  0]LogConfig: Setting CVar [[r.FastBlurThreshold:100]]
[2024.08.20-10.20.48:700][  0]LogConfig: Setting CVar [[r.Upscale.Quality:3]]
[2024.08.20-10.20.48:700][  0]LogConfig: Setting CVar [[r.Tonemapper.GrainQuantization:1]]
[2024.08.20-10.20.48:700][  0]LogConfig: Setting CVar [[r.LightShaftQuality:1]]
[2024.08.20-10.20.48:700][  0]LogConfig: Setting CVar [[r.Filter.SizeScale:1]]
[2024.08.20-10.20.48:700][  0]LogConfig: Setting CVar [[r.Tonemapper.Quality:5]]
[2024.08.20-10.20.48:700][  0]LogConfig: Setting CVar [[r.DOF.Gather.AccumulatorQuality:1        ; higher gathering accumulator quality]]
[2024.08.20-10.20.48:700][  0]LogConfig: Setting CVar [[r.DOF.Gather.PostfilterMethod:1          ; Median3x3 postfilering method]]
[2024.08.20-10.20.48:700][  0]LogConfig: Setting CVar [[r.DOF.Gather.EnableBokehSettings:0       ; no bokeh simulation when gathering]]
[2024.08.20-10.20.48:700][  0]LogConfig: Setting CVar [[r.DOF.Gather.RingCount:4                 ; medium number of samples when gathering]]
[2024.08.20-10.20.48:700][  0]LogConfig: Setting CVar [[r.DOF.Scatter.ForegroundCompositing:1    ; additive foreground scattering]]
[2024.08.20-10.20.48:700][  0]LogConfig: Setting CVar [[r.DOF.Scatter.BackgroundCompositing:2    ; additive background scattering]]
[2024.08.20-10.20.48:700][  0]LogConfig: Setting CVar [[r.DOF.Scatter.EnableBokehSettings:1      ; bokeh simulation when scattering]]
[2024.08.20-10.20.48:700][  0]LogConfig: Setting CVar [[r.DOF.Scatter.MaxSpriteRatio:0.1         ; only a maximum of 10% of scattered bokeh]]
[2024.08.20-10.20.48:700][  0]LogConfig: Setting CVar [[r.DOF.Recombine.Quality:1                ; cheap slight out of focus]]
[2024.08.20-10.20.48:700][  0]LogConfig: Setting CVar [[r.DOF.Recombine.EnableBokehSettings:0    ; no bokeh simulation on slight out of focus]]
[2024.08.20-10.20.48:700][  0]LogConfig: Setting CVar [[r.DOF.TemporalAAQuality:1                ; more stable temporal accumulation]]
[2024.08.20-10.20.48:700][  0]LogConfig: Setting CVar [[r.DOF.Kernel.MaxForegroundRadius:0.025]]
[2024.08.20-10.20.48:700][  0]LogConfig: Setting CVar [[r.DOF.Kernel.MaxBackgroundRadius:0.025]]
[2024.08.20-10.20.48:700][  0]LogConfig: Applying CVar settings from Section [TextureQuality@3] File [D:/Unreal Projects/Github/GMTKJam2024/GMTK2024/Saved/Config/Windows/Scalability.ini]
[2024.08.20-10.20.48:700][  0]LogConfig: Setting CVar [[r.Streaming.MipBias:0]]
[2024.08.20-10.20.48:700][  0]LogConfig: Setting CVar [[r.Streaming.AmortizeCPUToGPUCopy:0]]
[2024.08.20-10.20.48:700][  0]LogConfig: Setting CVar [[r.Streaming.MaxNumTexturesToStreamPerFrame:0]]
[2024.08.20-10.20.48:700][  0]LogConfig: Setting CVar [[r.Streaming.Boost:1]]
[2024.08.20-10.20.48:700][  0]LogConfig: Setting CVar [[r.MaxAnisotropy:8]]
[2024.08.20-10.20.48:700][  0]LogConfig: Setting CVar [[r.VT.MaxAnisotropy:8]]
[2024.08.20-10.20.48:700][  0]LogConfig: Setting CVar [[r.Streaming.LimitPoolSizeToVRAM:0]]
[2024.08.20-10.20.48:700][  0]LogConfig: Setting CVar [[r.Streaming.PoolSize:1000]]
[2024.08.20-10.20.48:700][  0]LogConfig: Setting CVar [[r.Streaming.MaxEffectiveScreenSize:0]]
[2024.08.20-10.20.48:700][  0]LogConfig: Applying CVar settings from Section [EffectsQuality@3] File [D:/Unreal Projects/Github/GMTKJam2024/GMTK2024/Saved/Config/Windows/Scalability.ini]
[2024.08.20-10.20.48:700][  0]LogConfig: Setting CVar [[r.TranslucencyLightingVolumeDim:64]]
[2024.08.20-10.20.48:700][  0]LogConfig: Setting CVar [[r.RefractionQuality:2]]
[2024.08.20-10.20.48:700][  0]LogConfig: Setting CVar [[r.SSR.Quality:3]]
[2024.08.20-10.20.48:700][  0]LogConfig: Setting CVar [[r.SSR.HalfResSceneColor:0]]
[2024.08.20-10.20.48:700][  0]LogConfig: Setting CVar [[r.SceneColorFormat:4]]
[2024.08.20-10.20.48:700][  0]LogConfig: Setting CVar [[r.DetailMode:2]]
[2024.08.20-10.20.48:701][  0]LogConfig: Setting CVar [[r.TranslucencyVolumeBlur:1]]
[2024.08.20-10.20.48:701][  0]LogConfig: Setting CVar [[r.MaterialQualityLevel:1 ; High quality]]
[2024.08.20-10.20.48:701][  0]LogConfig: Setting CVar [[r.SSS.Scale:1]]
[2024.08.20-10.20.48:701][  0]LogConfig: Setting CVar [[r.SSS.SampleSet:2]]
[2024.08.20-10.20.48:701][  0]LogConfig: Setting CVar [[r.SSS.Quality:1]]
[2024.08.20-10.20.48:701][  0]LogConfig: Setting CVar [[r.SSS.HalfRes:0]]
[2024.08.20-10.20.48:701][  0]LogConfig: Setting CVar [[r.SSGI.Quality:3]]
[2024.08.20-10.20.48:701][  0]LogConfig: Setting CVar [[r.EmitterSpawnRateScale:1.0]]
[2024.08.20-10.20.48:701][  0]LogConfig: Setting CVar [[r.ParticleLightQuality:2]]
[2024.08.20-10.20.48:701][  0]LogConfig: Setting CVar [[r.SkyAtmosphere.AerialPerspectiveLUT.FastApplyOnOpaque:1 ; Always have FastSkyLUT 1 in this case to avoid wrong sky]]
[2024.08.20-10.20.48:701][  0]LogConfig: Setting CVar [[r.SkyAtmosphere.AerialPerspectiveLUT.SampleCountPerSlice:1]]
[2024.08.20-10.20.48:701][  0]LogConfig: Setting CVar [[r.SkyAtmosphere.AerialPerspectiveLUT.DepthResolution:16.0]]
[2024.08.20-10.20.48:701][  0]LogConfig: Setting CVar [[r.SkyAtmosphere.FastSkyLUT:1]]
[2024.08.20-10.20.48:701][  0]LogConfig: Setting CVar [[r.SkyAtmosphere.FastSkyLUT.SampleCountMin:4.0]]
[2024.08.20-10.20.48:701][  0]LogConfig: Setting CVar [[r.SkyAtmosphere.FastSkyLUT.SampleCountMax:32.0]]
[2024.08.20-10.20.48:701][  0]LogConfig: Setting CVar [[r.SkyAtmosphere.SampleCountMin:4.0]]
[2024.08.20-10.20.48:701][  0]LogConfig: Setting CVar [[r.SkyAtmosphere.SampleCountMax:32.0]]
[2024.08.20-10.20.48:701][  0]LogConfig: Setting CVar [[r.SkyAtmosphere.TransmittanceLUT.UseSmallFormat:0]]
[2024.08.20-10.20.48:701][  0]LogConfig: Setting CVar [[r.SkyAtmosphere.TransmittanceLUT.SampleCount:10.0]]
[2024.08.20-10.20.48:701][  0]LogConfig: Setting CVar [[r.SkyAtmosphere.MultiScatteringLUT.SampleCount:15.0]]
[2024.08.20-10.20.48:701][  0]LogConfig: Applying CVar settings from Section [FoliageQuality@3] File [D:/Unreal Projects/Github/GMTKJam2024/GMTK2024/Saved/Config/Windows/Scalability.ini]
[2024.08.20-10.20.48:701][  0]LogConfig: Setting CVar [[foliage.DensityScale:1.0]]
[2024.08.20-10.20.48:701][  0]LogConfig: Setting CVar [[grass.DensityScale:1.0]]
[2024.08.20-10.20.48:701][  0]LogConfig: Applying CVar settings from Section [ShadingQuality@3] File [D:/Unreal Projects/Github/GMTKJam2024/GMTK2024/Saved/Config/Windows/Scalability.ini]
[2024.08.20-10.20.48:701][  0]LogConfig: Setting CVar [[r.HairStrands.SkyLighting.SampleCount:16]]
[2024.08.20-10.20.48:701][  0]LogConfig: Setting CVar [[r.HairStrands.SkyLighting.JitterIntegration:0]]
[2024.08.20-10.20.48:701][  0]LogConfig: Setting CVar [[r.HairStrands.SkyAO.SampleCount:16]]
[2024.08.20-10.20.48:701][  0]LogConfig: Setting CVar [[r.HairStrands.DeepShadow.SuperSampling:0]]
[2024.08.20-10.20.48:701][  0]LogConfig: Setting CVar [[r.HairStrands.VisibilityPPLL:0]]
[2024.08.20-10.20.48:701][  0]LogConfig: Setting CVar [[r.HairStrands.RasterizationScale:0.5]]
[2024.08.20-10.20.48:701][  0]LogConfig: Setting CVar [[r.HairStrands.VelocityRasterizationScale:1]]
[2024.08.20-10.20.48:701][  0]LogInit: Selected Device Profile: [Windows]
[2024.08.20-10.20.48:701][  0]LogInit: Applying CVar settings loaded from the selected device profile: [Windows]
[2024.08.20-10.20.48:701][  0]LogHAL: Display: Platform has ~ 24 GB [25694081024 / 34359738368 / 24], which maps to Larger [LargestMinGB=32, LargerMinGB=12, DefaultMinGB=8, SmallerMinGB=6, SmallestMinGB=0)
[2024.08.20-10.20.48:701][  0]LogInit: Going up to parent DeviceProfile []
[2024.08.20-10.20.48:701][  0]LogConfig: Applying CVar settings from Section [ViewDistanceQuality@3] File [D:/Unreal Projects/Github/GMTKJam2024/GMTK2024/Saved/Config/Windows/Scalability.ini]
[2024.08.20-10.20.48:701][  0]LogConfig: Setting CVar [[r.SkeletalMeshLODBias:0]]
[2024.08.20-10.20.48:701][  0]LogConfig: Setting CVar [[r.ViewDistanceScale:1.0]]
[2024.08.20-10.20.48:701][  0]LogConfig: Applying CVar settings from Section [AntiAliasingQuality@3] File [D:/Unreal Projects/Github/GMTKJam2024/GMTK2024/Saved/Config/Windows/Scalability.ini]
[2024.08.20-10.20.48:701][  0]LogConfig: Setting CVar [[r.PostProcessAAQuality:4]]
[2024.08.20-10.20.48:701][  0]LogConfig: Applying CVar settings from Section [ShadowQuality@3] File [D:/Unreal Projects/Github/GMTKJam2024/GMTK2024/Saved/Config/Windows/Scalability.ini]
[2024.08.20-10.20.48:701][  0]LogConfig: Setting CVar [[r.LightFunctionQuality:1]]
[2024.08.20-10.20.48:701][  0]LogConfig: Setting CVar [[r.ShadowQuality:5]]
[2024.08.20-10.20.48:701][  0]LogConfig: Setting CVar [[r.Shadow.CSM.MaxCascades:10]]
[2024.08.20-10.20.48:701][  0]LogConfig: Setting CVar [[r.Shadow.MaxResolution:2048]]
[2024.08.20-10.20.48:701][  0]LogConfig: Setting CVar [[r.Shadow.MaxCSMResolution:2048]]
[2024.08.20-10.20.48:701][  0]LogConfig: Setting CVar [[r.Shadow.RadiusThreshold:0.01]]
[2024.08.20-10.20.48:701][  0]LogConfig: Setting CVar [[r.Shadow.DistanceScale:1.0]]
[2024.08.20-10.20.48:701][  0]LogConfig: Setting CVar [[r.Shadow.CSM.TransitionScale:1.0]]
[2024.08.20-10.20.48:701][  0]LogConfig: Setting CVar [[r.Shadow.PreShadowResolutionFactor:1.0]]
[2024.08.20-10.20.48:701][  0]LogConfig: Setting CVar [[r.DistanceFieldShadowing:1]]
[2024.08.20-10.20.48:701][  0]LogConfig: Setting CVar [[r.DistanceFieldAO:1]]
[2024.08.20-10.20.48:701][  0]LogConfig: Setting CVar [[r.AOQuality:2]]
[2024.08.20-10.20.48:701][  0]LogConfig: Setting CVar [[r.VolumetricFog:1]]
[2024.08.20-10.20.48:701][  0]LogConfig: Setting CVar [[r.VolumetricFog.GridPixelSize:8]]
[2024.08.20-10.20.48:701][  0]LogConfig: Setting CVar [[r.VolumetricFog.GridSizeZ:128]]
[2024.08.20-10.20.48:701][  0]LogConfig: Setting CVar [[r.VolumetricFog.HistoryMissSupersampleCount:4]]
[2024.08.20-10.20.48:701][  0]LogConfig: Setting CVar [[r.LightMaxDrawDistanceScale:1]]
[2024.08.20-10.20.48:701][  0]LogConfig: Setting CVar [[r.CapsuleShadows:1]]
[2024.08.20-10.20.48:701][  0]LogConfig: Applying CVar settings from Section [PostProcessQuality@3] File [D:/Unreal Projects/Github/GMTKJam2024/GMTK2024/Saved/Config/Windows/Scalability.ini]
[2024.08.20-10.20.48:701][  0]LogConfig: Setting CVar [[r.MotionBlurQuality:4]]
[2024.08.20-10.20.48:701][  0]LogConfig: Setting CVar [[r.AmbientOcclusionMipLevelFactor:0.4]]
[2024.08.20-10.20.48:701][  0]LogConfig: Setting CVar [[r.AmbientOcclusionMaxQuality:100]]
[2024.08.20-10.20.48:701][  0]LogConfig: Setting CVar [[r.AmbientOcclusionLevels:-1]]
[2024.08.20-10.20.48:701][  0]LogConfig: Setting CVar [[r.AmbientOcclusionRadiusScale:1.0]]
[2024.08.20-10.20.48:701][  0]LogConfig: Setting CVar [[r.DepthOfFieldQuality:2]]
[2024.08.20-10.20.48:701][  0]LogConfig: Setting CVar [[r.RenderTargetPoolMin:400]]
[2024.08.20-10.20.48:701][  0]LogConfig: Setting CVar [[r.LensFlareQuality:2]]
[2024.08.20-10.20.48:701][  0]LogConfig: Setting CVar [[r.SceneColorFringeQuality:1]]
[2024.08.20-10.20.48:701][  0]LogConfig: Setting CVar [[r.EyeAdaptationQuality:2]]
[2024.08.20-10.20.48:701][  0]LogConfig: Setting CVar [[r.BloomQuality:5]]
[2024.08.20-10.20.48:701][  0]LogConfig: Setting CVar [[r.FastBlurThreshold:100]]
[2024.08.20-10.20.48:701][  0]LogConfig: Setting CVar [[r.Upscale.Quality:3]]
[2024.08.20-10.20.48:701][  0]LogConfig: Setting CVar [[r.Tonemapper.GrainQuantization:1]]
[2024.08.20-10.20.48:701][  0]LogConfig: Setting CVar [[r.LightShaftQuality:1]]
[2024.08.20-10.20.48:701][  0]LogConfig: Setting CVar [[r.Filter.SizeScale:1]]
[2024.08.20-10.20.48:701][  0]LogConfig: Setting CVar [[r.Tonemapper.Quality:5]]
[2024.08.20-10.20.48:701][  0]LogConfig: Setting CVar [[r.DOF.Gather.AccumulatorQuality:1        ; higher gathering accumulator quality]]
[2024.08.20-10.20.48:701][  0]LogConfig: Setting CVar [[r.DOF.Gather.PostfilterMethod:1          ; Median3x3 postfilering method]]
[2024.08.20-10.20.48:701][  0]LogConfig: Setting CVar [[r.DOF.Gather.EnableBokehSettings:0       ; no bokeh simulation when gathering]]
[2024.08.20-10.20.48:701][  0]LogConfig: Setting CVar [[r.DOF.Gather.RingCount:4                 ; medium number of samples when gathering]]
[2024.08.20-10.20.48:701][  0]LogConfig: Setting CVar [[r.DOF.Scatter.ForegroundCompositing:1    ; additive foreground scattering]]
[2024.08.20-10.20.48:702][  0]LogConfig: Setting CVar [[r.DOF.Scatter.BackgroundCompositing:2    ; additive background scattering]]
[2024.08.20-10.20.48:702][  0]LogConfig: Setting CVar [[r.DOF.Scatter.EnableBokehSettings:1      ; bokeh simulation when scattering]]
[2024.08.20-10.20.48:702][  0]LogConfig: Setting CVar [[r.DOF.Scatter.MaxSpriteRatio:0.1         ; only a maximum of 10% of scattered bokeh]]
[2024.08.20-10.20.48:702][  0]LogConfig: Setting CVar [[r.DOF.Recombine.Quality:1                ; cheap slight out of focus]]
[2024.08.20-10.20.48:702][  0]LogConfig: Setting CVar [[r.DOF.Recombine.EnableBokehSettings:0    ; no bokeh simulation on slight out of focus]]
[2024.08.20-10.20.48:702][  0]LogConfig: Setting CVar [[r.DOF.TemporalAAQuality:1                ; more stable temporal accumulation]]
[2024.08.20-10.20.48:702][  0]LogConfig: Setting CVar [[r.DOF.Kernel.MaxForegroundRadius:0.025]]
[2024.08.20-10.20.48:702][  0]LogConfig: Setting CVar [[r.DOF.Kernel.MaxBackgroundRadius:0.025]]
[2024.08.20-10.20.48:702][  0]LogConfig: Applying CVar settings from Section [TextureQuality@3] File [D:/Unreal Projects/Github/GMTKJam2024/GMTK2024/Saved/Config/Windows/Scalability.ini]
[2024.08.20-10.20.48:702][  0]LogConfig: Setting CVar [[r.Streaming.MipBias:0]]
[2024.08.20-10.20.48:702][  0]LogConfig: Setting CVar [[r.Streaming.AmortizeCPUToGPUCopy:0]]
[2024.08.20-10.20.48:702][  0]LogConfig: Setting CVar [[r.Streaming.MaxNumTexturesToStreamPerFrame:0]]
[2024.08.20-10.20.48:702][  0]LogConfig: Setting CVar [[r.Streaming.Boost:1]]
[2024.08.20-10.20.48:702][  0]LogConfig: Setting CVar [[r.MaxAnisotropy:8]]
[2024.08.20-10.20.48:702][  0]LogConfig: Setting CVar [[r.VT.MaxAnisotropy:8]]
[2024.08.20-10.20.48:702][  0]LogConfig: Setting CVar [[r.Streaming.LimitPoolSizeToVRAM:0]]
[2024.08.20-10.20.48:702][  0]LogConfig: Setting CVar [[r.Streaming.PoolSize:1000]]
[2024.08.20-10.20.48:702][  0]LogConfig: Setting CVar [[r.Streaming.MaxEffectiveScreenSize:0]]
[2024.08.20-10.20.48:702][  0]LogConfig: Applying CVar settings from Section [EffectsQuality@3] File [D:/Unreal Projects/Github/GMTKJam2024/GMTK2024/Saved/Config/Windows/Scalability.ini]
[2024.08.20-10.20.48:702][  0]LogConfig: Setting CVar [[r.TranslucencyLightingVolumeDim:64]]
[2024.08.20-10.20.48:702][  0]LogConfig: Setting CVar [[r.RefractionQuality:2]]
[2024.08.20-10.20.48:702][  0]LogConfig: Setting CVar [[r.SSR.Quality:3]]
[2024.08.20-10.20.48:702][  0]LogConfig: Setting CVar [[r.SSR.HalfResSceneColor:0]]
[2024.08.20-10.20.48:702][  0]LogConfig: Setting CVar [[r.SceneColorFormat:4]]
[2024.08.20-10.20.48:702][  0]LogConfig: Setting CVar [[r.DetailMode:2]]
[2024.08.20-10.20.48:702][  0]LogConfig: Setting CVar [[r.TranslucencyVolumeBlur:1]]
[2024.08.20-10.20.48:702][  0]LogConfig: Setting CVar [[r.MaterialQualityLevel:1 ; High quality]]
[2024.08.20-10.20.48:702][  0]LogConfig: Setting CVar [[r.SSS.Scale:1]]
[2024.08.20-10.20.48:702][  0]LogConfig: Setting CVar [[r.SSS.SampleSet:2]]
[2024.08.20-10.20.48:702][  0]LogConfig: Setting CVar [[r.SSS.Quality:1]]
[2024.08.20-10.20.48:702][  0]LogConfig: Setting CVar [[r.SSS.HalfRes:0]]
[2024.08.20-10.20.48:702][  0]LogConfig: Setting CVar [[r.SSGI.Quality:3]]
[2024.08.20-10.20.48:702][  0]LogConfig: Setting CVar [[r.EmitterSpawnRateScale:1.0]]
[2024.08.20-10.20.48:702][  0]LogConfig: Setting CVar [[r.ParticleLightQuality:2]]
[2024.08.20-10.20.48:702][  0]LogConfig: Setting CVar [[r.SkyAtmosphere.AerialPerspectiveLUT.FastApplyOnOpaque:1 ; Always have FastSkyLUT 1 in this case to avoid wrong sky]]
[2024.08.20-10.20.48:702][  0]LogConfig: Setting CVar [[r.SkyAtmosphere.AerialPerspectiveLUT.SampleCountPerSlice:1]]
[2024.08.20-10.20.48:702][  0]LogConfig: Setting CVar [[r.SkyAtmosphere.AerialPerspectiveLUT.DepthResolution:16.0]]
[2024.08.20-10.20.48:702][  0]LogConfig: Setting CVar [[r.SkyAtmosphere.FastSkyLUT:1]]
[2024.08.20-10.20.48:702][  0]LogConfig: Setting CVar [[r.SkyAtmosphere.FastSkyLUT.SampleCountMin:4.0]]
[2024.08.20-10.20.48:702][  0]LogConfig: Setting CVar [[r.SkyAtmosphere.FastSkyLUT.SampleCountMax:32.0]]
[2024.08.20-10.20.48:702][  0]LogConfig: Setting CVar [[r.SkyAtmosphere.SampleCountMin:4.0]]
[2024.08.20-10.20.48:702][  0]LogConfig: Setting CVar [[r.SkyAtmosphere.SampleCountMax:32.0]]
[2024.08.20-10.20.48:702][  0]LogConfig: Setting CVar [[r.SkyAtmosphere.TransmittanceLUT.UseSmallFormat:0]]
[2024.08.20-10.20.48:702][  0]LogConfig: Setting CVar [[r.SkyAtmosphere.TransmittanceLUT.SampleCount:10.0]]
[2024.08.20-10.20.48:702][  0]LogConfig: Setting CVar [[r.SkyAtmosphere.MultiScatteringLUT.SampleCount:15.0]]
[2024.08.20-10.20.48:702][  0]LogConfig: Applying CVar settings from Section [FoliageQuality@3] File [D:/Unreal Projects/Github/GMTKJam2024/GMTK2024/Saved/Config/Windows/Scalability.ini]
[2024.08.20-10.20.48:702][  0]LogConfig: Setting CVar [[foliage.DensityScale:1.0]]
[2024.08.20-10.20.48:702][  0]LogConfig: Setting CVar [[grass.DensityScale:1.0]]
[2024.08.20-10.20.48:702][  0]LogConfig: Applying CVar settings from Section [ShadingQuality@3] File [D:/Unreal Projects/Github/GMTKJam2024/GMTK2024/Saved/Config/Windows/Scalability.ini]
[2024.08.20-10.20.48:702][  0]LogConfig: Setting CVar [[r.HairStrands.SkyLighting.SampleCount:16]]
[2024.08.20-10.20.48:702][  0]LogConfig: Setting CVar [[r.HairStrands.SkyLighting.JitterIntegration:0]]
[2024.08.20-10.20.48:702][  0]LogConfig: Setting CVar [[r.HairStrands.SkyAO.SampleCount:16]]
[2024.08.20-10.20.48:702][  0]LogConfig: Setting CVar [[r.HairStrands.DeepShadow.SuperSampling:0]]
[2024.08.20-10.20.48:702][  0]LogConfig: Setting CVar [[r.HairStrands.VisibilityPPLL:0]]
[2024.08.20-10.20.48:702][  0]LogConfig: Setting CVar [[r.HairStrands.RasterizationScale:0.5]]
[2024.08.20-10.20.48:702][  0]LogConfig: Setting CVar [[r.HairStrands.VelocityRasterizationScale:1]]
[2024.08.20-10.20.48:702][  0]LogConfig: Applying CVar settings from Section [Startup] File [../../../Engine/Config/ConsoleVariables.ini]
[2024.08.20-10.20.48:702][  0]LogConfig: Setting CVar [[net.UseAdaptiveNetUpdateFrequency:0]]
[2024.08.20-10.20.48:702][  0]LogConfig: Setting CVar [[p.chaos.AllowCreatePhysxBodies:1]]
[2024.08.20-10.20.48:702][  0]LogConfig: Setting CVar [[fx.SkipVectorVMBackendOptimizations:1]]
[2024.08.20-10.20.48:702][  0]LogConfig: Applying CVar settings from Section [ConsoleVariables] File [D:/Unreal Projects/Github/GMTKJam2024/GMTK2024/Saved/Config/Windows/Engine.ini]
[2024.08.20-10.20.48:703][  0]LogInit: Computer: DESKTOP-V7FN6FK
[2024.08.20-10.20.48:703][  0]LogInit: User: 12sha
[2024.08.20-10.20.48:703][  0]LogInit: CPU Page size=4096, Cores=8
[2024.08.20-10.20.48:703][  0]LogInit: High frequency timer resolution =10.000000 MHz
[2024.08.20-10.20.48:703][  0]LogMemory: Memory total: Physical=23.9GB (24GB approx)
[2024.08.20-10.20.48:703][  0]LogMemory: Platform Memory Stats for Windows
[2024.08.20-10.20.48:703][  0]LogMemory: Process Physical Memory: 118.96 MB used, 118.96 MB peak
[2024.08.20-10.20.48:703][  0]LogMemory: Process Virtual Memory: 103.16 MB used, 103.16 MB peak
[2024.08.20-10.20.48:703][  0]LogMemory: Physical Memory: 17031.10 MB used,  7472.69 MB free, 24503.79 MB total
[2024.08.20-10.20.48:703][  0]LogMemory: Virtual Memory: 5192.93 MB used,  134212536.00 MB free, 134217728.00 MB total
[2024.08.20-10.20.48:709][  0]LogWindows: WindowsPlatformFeatures enabled
[2024.08.20-10.20.49:189][  0]LogInit: Physics initialised using underlying interface: PhysX
[2024.08.20-10.20.49:204][  0]LogInit: Using OS detected language (en-GB).
[2024.08.20-10.20.49:204][  0]LogInit: Using OS detected locale (en-GB).
[2024.08.20-10.20.49:207][  0]LogTextLocalizationManager: No specific localization for 'en-GB' exists, so the 'en' localization will be used.
[2024.08.20-10.20.49:748][  0]LogInit: Setting process to per monitor DPI aware
[2024.08.20-10.20.49:924][  0]LogSlate: New Slate User Created.  User Index 0, Is Virtual User: 0
[2024.08.20-10.20.49:924][  0]LogSlate: Slate User Registered.  User Index 0, Is Virtual User: 0
[2024.08.20-10.20.51:310][  0]LogHMD: Failed to initialize OpenVR with code 110
[2024.08.20-10.20.51:310][  0]LogD3D11RHI: D3D11 min allowed feature level: 11_0
[2024.08.20-10.20.51:311][  0]LogD3D11RHI: D3D11 max allowed feature level: 11_0
[2024.08.20-10.20.51:311][  0]LogD3D11RHI: D3D11 adapters:
[2024.08.20-10.20.51:372][  0]LogD3D11RHI:    0. 'AMD Radeon RX 5700 XT' (Feature Level 11_0)
[2024.08.20-10.20.51:372][  0]LogD3D11RHI:       8151/0/12251 MB DedicatedVideo/DedicatedSystem/SharedSystem, Outputs:2, VendorId:0x1002
[2024.08.20-10.20.51:375][  0]LogD3D11RHI:    1. 'Microsoft Basic Render Driver' (Feature Level 11_0)
[2024.08.20-10.20.51:375][  0]LogD3D11RHI:       0/0/12251 MB DedicatedVideo/DedicatedSystem/SharedSystem, Outputs:0, VendorId:0x1414
[2024.08.20-10.20.51:375][  0]LogD3D11RHI: Chosen D3D11 Adapter: 0
[2024.08.20-10.20.51:387][  0]LogD3D11RHI: Creating new Direct3DDevice
[2024.08.20-10.20.51:387][  0]LogD3D11RHI:     GPU DeviceId: 0x731f (for the marketing name, search the web for "GPU Device Id")
[2024.08.20-10.20.51:387][  0]LogWindows: EnumDisplayDevices:
[2024.08.20-10.20.51:388][  0]LogWindows:    0. 'AMD Radeon RX 5700 XT' (P:0 D:1)
[2024.08.20-10.20.51:388][  0]LogWindows:    1. 'AMD Radeon RX 5700 XT' (P:1 D:1)
[2024.08.20-10.20.51:388][  0]LogWindows:    2. 'AMD Radeon RX 5700 XT' (P:0 D:0)
[2024.08.20-10.20.51:389][  0]LogWindows:    3. 'AMD Radeon RX 5700 XT' (P:0 D:0)
[2024.08.20-10.20.51:389][  0]LogWindows:    4. 'AMD Radeon RX 5700 XT' (P:0 D:0)
[2024.08.20-10.20.51:389][  0]LogWindows:    5. 'AMD Radeon RX 5700 XT' (P:0 D:0)
[2024.08.20-10.20.51:389][  0]LogWindows:    6. 'AMD Radeon RX 5700 XT' (P:0 D:0)
[2024.08.20-10.20.51:390][  0]LogWindows: DebugString: FoundDriverCount:7 
[2024.08.20-10.20.51:390][  0]LogD3D11RHI:     Adapter Name: AMD Radeon RX 5700 XT
[2024.08.20-10.20.51:390][  0]LogD3D11RHI:   Driver Version: AMD Software: Adrenalin Edition 24.5.1 (internal:31.0.24033.1003, unified:31.0.24033.1003)
[2024.08.20-10.20.51:390][  0]LogD3D11RHI:      Driver Date: 5-8-2024
[2024.08.20-10.20.51:390][  0]LogRHI: Texture pool is 5168 MB (70% of 7383 MB)
[2024.08.20-10.20.51:475][  0]LogD3D11RHI: RHI has support for 64 bit atomics
[2024.08.20-10.20.51:475][  0]LogD3D11RHI: Async texture creation enabled
[2024.08.20-10.20.51:475][  0]LogD3D11RHI: Array index from any shader is supported
[2024.08.20-10.20.51:487][  0]LogD3D11RHI: GPU Timing Frequency: 100.000000 (Debug: 2 1)
[2024.08.20-10.20.51:816][  0]LogTargetPlatformManager: Display: Loaded TargetPlatform 'AllDesktop'
[2024.08.20-10.20.51:862][  0]LogTargetPlatformManager: Display: Loaded TargetPlatform 'Android'
[2024.08.20-10.20.51:862][  0]LogTargetPlatformManager: Display: Loaded TargetPlatform 'Android_ASTC'
[2024.08.20-10.20.51:862][  0]LogTargetPlatformManager: Display: Loaded TargetPlatform 'Android_DXT'
[2024.08.20-10.20.51:862][  0]LogTargetPlatformManager: Display: Loaded TargetPlatform 'Android_ETC2'
[2024.08.20-10.20.51:862][  0]LogTargetPlatformManager: Display: Loaded TargetPlatform 'AndroidClient'
[2024.08.20-10.20.51:862][  0]LogTargetPlatformManager: Display: Loaded TargetPlatform 'Android_ASTCClient'
[2024.08.20-10.20.51:862][  0]LogTargetPlatformManager: Display: Loaded TargetPlatform 'Android_DXTClient'
[2024.08.20-10.20.51:862][  0]LogTargetPlatformManager: Display: Loaded TargetPlatform 'Android_ETC2Client'
[2024.08.20-10.20.51:862][  0]LogTargetPlatformManager: Display: Loaded TargetPlatform 'Android_Multi'
[2024.08.20-10.20.51:862][  0]LogTargetPlatformManager: Display: Loaded TargetPlatform 'Android_MultiClient'
[2024.08.20-10.20.52:009][  0]LogTargetPlatformManager: Display: Loaded TargetPlatform 'IOSClient'
[2024.08.20-10.20.52:009][  0]LogTargetPlatformManager: Display: Loaded TargetPlatform 'IOS'
[2024.08.20-10.20.52:031][  0]LogTargetPlatformManager: Display: Loaded TargetPlatform 'Linux'
[2024.08.20-10.20.52:061][  0]LogTargetPlatformManager: Display: Loaded TargetPlatform 'LinuxNoEditor'
[2024.08.20-10.20.52:070][  0]LogTargetPlatformManager: Display: Loaded TargetPlatform 'LinuxClient'
[2024.08.20-10.20.52:080][  0]LogTargetPlatformManager: Display: Loaded TargetPlatform 'LinuxServer'
[2024.08.20-10.20.52:089][  0]LogTargetPlatformManager: Display: Loaded TargetPlatform 'LinuxAArch64NoEditor'
[2024.08.20-10.20.52:099][  0]LogTargetPlatformManager: Display: Loaded TargetPlatform 'LinuxAArch64Client'
[2024.08.20-10.20.52:108][  0]LogTargetPlatformManager: Display: Loaded TargetPlatform 'LinuxAArch64Server'
[2024.08.20-10.20.52:159][  0]LogTargetPlatformManager: Display: Loaded TargetPlatform 'Lumin'
[2024.08.20-10.20.52:159][  0]LogTargetPlatformManager: Display: Loaded TargetPlatform 'LuminClient'
[2024.08.20-10.20.52:189][  0]LogTargetPlatformManager: Display: Loaded TargetPlatform 'TVOSClient'
[2024.08.20-10.20.52:189][  0]LogTargetPlatformManager: Display: Loaded TargetPlatform 'TVOS'
[2024.08.20-10.20.52:228][  0]LogTargetPlatformManager: Display: Loaded TargetPlatform 'WindowsNoEditor'
[2024.08.20-10.20.52:237][  0]LogTargetPlatformManager: Display: Loaded TargetPlatform 'Windows'
[2024.08.20-10.20.52:273][  0]LogTargetPlatformManager: Display: Loaded TargetPlatform 'WindowsClient'
[2024.08.20-10.20.52:283][  0]LogTargetPlatformManager: Display: Loaded TargetPlatform 'WindowsServer'
[2024.08.20-10.20.52:283][  0]LogTargetPlatformManager: Display: Building Assets For Windows
[2024.08.20-10.20.52:341][  0]LogAudioDebug: Display: Lib vorbis DLL was dynamically loaded.
[2024.08.20-10.20.52:849][  0]LogShaderCompilers: Guid format shader working directory is -19 characters bigger than the processId version (../../../../../../../Unreal Projects/Github/GMTKJam2024/GMTK2024/Intermediate/Shaders/WorkingDirectory/14480/).
[2024.08.20-10.20.52:849][  0]LogShaderCompilers: Cleaned the shader compiler working directory 'C:/Users/12sha/AppData/Local/Temp/UnrealShaderWorkingDir/3BBD320B42FC487BCA58F8BAE53A3019/'.
[2024.08.20-10.20.52:864][  0]LogXGEController: Cleaning working directory: C:/Users/12sha/AppData/Local/Temp/UnrealXGEWorkingDir/
[2024.08.20-10.20.52:864][  0]LogXGEController: Cannot use XGE Controller as Incredibuild is not installed on this machine.
[2024.08.20-10.20.52:864][  0]LogShaderCompilers: Cannot use XGE Shader Compiler as Incredibuild is not installed on this machine.
[2024.08.20-10.20.52:864][  0]LogShaderCompilers: Display: Using Local Shader Compiler.
[2024.08.20-10.20.53:891][  0]LogDerivedDataCache: Display: Max Cache Size: 512 MB
[2024.08.20-10.20.54:080][  0]LogDerivedDataCache: Loaded boot cache 0.19s 79MB C:/Users/12sha/AppData/Local/UnrealEngine/4.25/DerivedDataCache/Boot.ddc.
[2024.08.20-10.20.54:080][  0]LogDerivedDataCache: Display: Loaded Boot cache: C:/Users/12sha/AppData/Local/UnrealEngine/4.25/DerivedDataCache/Boot.ddc
[2024.08.20-10.20.54:080][  0]LogDerivedDataCache: FDerivedDataBackendGraph:  Pak pak cache file ../../../../../../../Unreal Projects/Github/GMTKJam2024/GMTK2024/DerivedDataCache/DDC.ddp not found, will not use a pak cache.
[2024.08.20-10.20.54:080][  0]LogDerivedDataCache: Unable to find inner node Pak for hierarchical cache Hierarchy.
[2024.08.20-10.20.54:080][  0]LogDerivedDataCache: FDerivedDataBackendGraph:  CompressedPak pak cache file ../../../../../../../Unreal Projects/Github/GMTKJam2024/GMTK2024/DerivedDataCache/Compressed.ddp not found, will not use a pak cache.
[2024.08.20-10.20.54:080][  0]LogDerivedDataCache: Unable to find inner node CompressedPak for hierarchical cache Hierarchy.
[2024.08.20-10.20.54:090][  0]LogDerivedDataCache: Display: Pak cache opened for reading ../../../Engine/DerivedDataCache/Compressed.ddp.
[2024.08.20-10.20.54:090][  0]LogDerivedDataCache: FDerivedDataBackendGraph:  EnterprisePak pak cache file ../../../Enterprise/DerivedDataCache/Compressed.ddp not found, will not use a pak cache.
[2024.08.20-10.20.54:090][  0]LogDerivedDataCache: Unable to find inner node EnterprisePak for hierarchical cache Hierarchy.
[2024.08.20-10.20.54:092][  0]LogDerivedDataCache: Using Local data cache path C:/Users/12sha/AppData/Local/UnrealEngine/Common/DerivedDataCache: Writable
[2024.08.20-10.20.54:092][  0]LogDerivedDataCache: Shared data cache path not found in *engine.ini, will not use an Shared cache.
[2024.08.20-10.20.54:092][  0]LogDerivedDataCache: Unable to find inner node Shared for hierarchical cache Hierarchy.
[2024.08.20-10.20.54:135][  0]LogSlate: Using FreeType 2.10.0
[2024.08.20-10.20.54:177][  0]LogSlate: SlateFontServices - WITH_FREETYPE: 1, WITH_HARFBUZZ: 1
[2024.08.20-10.20.55:158][  0]LogAssetRegistry: FAssetRegistry took 0.0030 seconds to start up
[2024.08.20-10.20.55:481][  0]LogInit: Selected Device Profile: [Windows]
[2024.08.20-10.20.56:098][  0]LogMeshReduction: Using QuadricMeshReduction for automatic static mesh reduction
[2024.08.20-10.20.56:098][  0]LogMeshReduction: Using SimplygonMeshReduction for automatic skeletal mesh reduction
[2024.08.20-10.20.56:098][  0]LogMeshReduction: Using ProxyLODMeshReduction for automatic mesh merging
[2024.08.20-10.20.56:098][  0]LogMeshReduction: No distributed automatic mesh merging module available
[2024.08.20-10.20.56:098][  0]LogMeshMerging: No distributed automatic mesh merging module available
[2024.08.20-10.20.56:115][  0]LogNetVersion: GMTK2024 1.0.0, NetCL: 13144385, EngineNetVer: 14, GameNetVer: 0 (Checksum: 1982070914)
[2024.08.20-10.21.02:077][  0]LogAISub: UAISubsystem::UAISubsystem AISubsystem (000001BFCADDA980), frame # 0
[2024.08.20-10.21.02:077][  0]LogAISub: UAISubsystem::UAISubsystem AIPerceptionSystem (000001BFCBC31E40), frame # 0
[2024.08.20-10.21.02:078][  0]LogAISub: UAISubsystem::UAISubsystem EnvQueryManager (000001BFCBC91C00), frame # 0
[2024.08.20-10.21.02:111][  0]LogPackageLocalizationCache: Processed 19 localized package path(s) for 1 prioritized culture(s) in 0.027810 seconds
[2024.08.20-10.21.02:116][  0]LogUObjectArray: 15917 objects as part of root set at end of initial load.
[2024.08.20-10.21.02:116][  0]LogUObjectAllocator: 3965568 out of 0 bytes used by permanent object pool.
[2024.08.20-10.21.02:116][  0]LogUObjectArray: CloseDisregardForGC: 0/0 objects in disregard for GC pool
[2024.08.20-10.21.04:410][  0]LogTcpMessaging: Initializing TcpMessaging bridge
[2024.08.20-10.21.04:425][  0]LogUdpMessaging: Initializing bridge on interface 0.0.0.0:0 to multicast group 230.0.0.1:6666.
[2024.08.20-10.21.04:908][  0]LogLinker: Warning: Failed to load '/Game/2DSideScrollerBP/2DSideScrollerOverview': Can't find file.
[2024.08.20-10.21.04:908][  0]LogLinker: Warning: Failed to load '/Game/2DSideScrollerBP/2DSideScrollerOverview': Can't find file.
[2024.08.20-10.21.04:908][  0]LogUObjectGlobals: Warning: Failed to find object 'Class /Game/2DSideScrollerBP/2DSideScrollerOverview.2DSideScrollerOverview_C'
[2024.08.20-10.21.05:066][  0]SourceControl: Source control is disabled
[2024.08.20-10.21.05:066][  0]SourceControl: Source control is disabled
[2024.08.20-10.21.05:177][  0]SourceControl: Source control is disabled
[2024.08.20-10.21.05:200][  0]SourceControl: Source control is disabled
[2024.08.20-10.21.05:232][  0]SourceControl: Source control is disabled
[2024.08.20-10.21.06:672][  0]LogAndroidPermission: UAndroidPermissionCallbackProxy::GetInstance
[2024.08.20-10.21.06:746][  0]LogAudioCaptureCore: Display: No Audio Capture implementations found. Audio input will be silent.
[2024.08.20-10.21.06:746][  0]LogAudioCaptureCore: Display: No Audio Capture implementations found. Audio input will be silent.
[2024.08.20-10.21.06:953][  0]LogOcInput: OculusInput pre-init called
[2024.08.20-10.21.06:993][  0]LogWindows: Failed to load 'OVRPlugin.dll' (GetLastError=126)
[2024.08.20-10.21.06:993][  0]LogWindows: File 'OVRPlugin.dll' does not exist
[2024.08.20-10.21.07:213][  0]LogEngine: Initializing Engine...
[2024.08.20-10.21.07:214][  0]LogHMD: Failed to initialize OpenVR with code 110
[2024.08.20-10.21.07:214][  0]LogMagicLeap: Warning: VR disabled because ZI is not enabled.  To enable, in the editor, Edit -> Project Settings -> Plugins -> Magic Leap Plugin -> Enable Zero Iteration
[2024.08.20-10.21.07:215][  0]LogStats: UGameplayTagsManager::InitializeManager -  0.000 s
[2024.08.20-10.21.07:316][  0]LogInit: Initializing FReadOnlyCVARCache
[2024.08.20-10.21.07:369][  0]LogAIModule: Creating AISystem for world Untitled
[2024.08.20-10.21.07:369][  0]LogAISub: UAISubsystem::UAISubsystem EnvQueryManager (000001BFD30ADC00), frame # 0
[2024.08.20-10.21.07:369][  0]LogAISub: UAISubsystem::UAISubsystem AIPerceptionSystem (000001BFD30CB4C0), frame # 0
[2024.08.20-10.21.07:473][  0]LogAudioMixer: Display: Audio Mixer Platform Settings:
[2024.08.20-10.21.07:473][  0]LogAudioMixer: Display: 	Sample Rate:						  48000
[2024.08.20-10.21.07:473][  0]LogAudioMixer: Display: 	Callback Buffer Frame Size Requested: 1024
[2024.08.20-10.21.07:473][  0]LogAudioMixer: Display: 	Callback Buffer Frame Size To Use:	  1024
[2024.08.20-10.21.07:473][  0]LogAudioMixer: Display: 	Number of buffers to queue:			  2
[2024.08.20-10.21.07:473][  0]LogAudioMixer: Display: 	Max Channels (voices):				  32
[2024.08.20-10.21.07:473][  0]LogAudioMixer: Display: 	Number of Async Source Workers:		  0
[2024.08.20-10.21.07:473][  0]LogAudio: Display: AudioDevice MaxSources: 32
[2024.08.20-10.21.07:473][  0]LogAudio: Display: Using built-in audio occlusion.
[2024.08.20-10.21.07:473][  0]LogAudioMixer: Display: Initializing audio mixer.
[2024.08.20-10.21.07:514][  0]LogAudioMixer: Display: 0: FrontLeft
[2024.08.20-10.21.07:514][  0]LogAudioMixer: Display: 1: FrontRight
[2024.08.20-10.21.07:541][  0]LogAudioMixer: Display: Using Audio Device VoiceMeeter Input (VB-Audio VoiceMeeter VAIO)
[2024.08.20-10.21.07:544][  0]LogAudioMixer: Display: Initializing Sound Submixes...
[2024.08.20-10.21.07:546][  0]LogAudioMixer: Display: Creating Master Submix 'MasterSubmixDefault'
[2024.08.20-10.21.07:546][  0]LogAudioMixer: Display: Creating Master Submix 'MasterReverbSubmixDefault'
[2024.08.20-10.21.07:547][  0]LogAudioMixer: Display: Creating Master Submix 'MasterEQSubmixDefault'
[2024.08.20-10.21.07:548][  0]LogInit: FAudioDevice initialized.
[2024.08.20-10.21.07:549][  0]LogNetVersion: Set ProjectVersion to 1.0.0.0. Version Checksum will be recalculated on next use.
[2024.08.20-10.21.07:628][  0]LogDerivedDataCache: Saved boot cache 0.08s 79MB C:/Users/12sha/AppData/Local/UnrealEngine/4.25/DerivedDataCache/Boot.ddc.
[2024.08.20-10.21.07:633][  0]LogInit: Texture streaming: Enabled
[2024.08.20-10.21.07:767][  0]LogEngineSessionManager: EngineSessionManager initialized
[2024.08.20-10.21.07:768][  0]LogEngineSessionManager: EngineSessionManager sent abnormal shutdown report. Type=AbnormalShutdown, SessionId={4E435064-4939-3A85-C942-6C838E8BB255}
[2024.08.20-10.21.07:768][  0]LogEngineSessionManager: EngineSessionManager sent abnormal shutdown report. Type=AbnormalShutdown, SessionId={A8D5FA7E-4080-8240-601F-5BB3391D490D}
[2024.08.20-10.21.07:768][  0]LogEditorSessionSummary: Verbose: Initializing EditorSessionSummaryWriter for editor session tracking
[2024.08.20-10.21.07:770][  0]LogEditorSessionSummary: EditorSessionSummaryWriter initialized
[2024.08.20-10.21.07:946][  0]LogInit: Transaction tracking system initialized
[2024.08.20-10.21.08:380][  0]BlueprintLog: New page: Editor Load
[2024.08.20-10.21.08:912][  0]LocalizationService: Localization service is disabled
[2024.08.20-10.21.09:622][  0]LogCook: Display: Max memory allowance for cook 16384mb min free memory 0mb
[2024.08.20-10.21.09:622][  0]LogCook: Display: Mobile HDR setting 1
[2024.08.20-10.21.09:822][  0]LogFileCache: Scanning file cache for directory 'D:/Unreal Projects/Github/GMTKJam2024/GMTK2024/Content/' took 0.01s
[2024.08.20-10.21.11:046][  0]SourceControl: Source control is disabled
[2024.08.20-10.21.11:046][  0]LogUnrealEdMisc: Loading editor; pre map load, took 25.670
[2024.08.20-10.21.11:046][  0]Cmd: MAP LOAD FILE="../../../../../../../Unreal Projects/Github/GMTKJam2024/GMTK2024/Content/ThirdPersonCPP/Maps/ThirdPersonExampleMap.umap" TEMPLATE=0 SHOWPROGRESS=1 FEATURELEVEL=3
[2024.08.20-10.21.11:046][  0]LightingResults: New page: Lighting Build
[2024.08.20-10.21.11:069][  0]LogWorld: UWorld::CleanupWorld for Untitled, bSessionEnded=true, bCleanupResources=true
[2024.08.20-10.21.11:069][  0]LogSlate: InvalidateAllWidgets triggered.  All widgets were invalidated
[2024.08.20-10.21.11:069][  0]MapCheck: New page: Map Check
[2024.08.20-10.21.11:069][  0]LightingResults: New page: Lighting Build
[2024.08.20-10.21.11:088][  0]LogAISub: UAISubsystem::~UAISubsystem EnvQueryManager (000001BFD30ADC00), frame # 0
[2024.08.20-10.21.11:088][  0]LogAISub: UAISubsystem::~UAISubsystem AIPerceptionSystem (000001BFD30CB4C0), frame # 0
[2024.08.20-10.21.11:089][  0]LogUObjectHash: Compacting FUObjectHashTables data took   0.74ms
[2024.08.20-10.21.11:648][  0]LogAIModule: Creating AISystem for world ThirdPersonExampleMap
[2024.08.20-10.21.11:648][  0]LogAISub: UAISubsystem::UAISubsystem EnvQueryManager (000001BFBDD35600), frame # 0
[2024.08.20-10.21.11:648][  0]LogAISub: UAISubsystem::UAISubsystem AIPerceptionSystem (000001BFBDDAA340), frame # 0
[2024.08.20-10.21.11:655][  0]LogEditorServer: Finished looking for orphan Actors (0.000 secs)
[2024.08.20-10.21.11:669][  0]LogUObjectHash: Compacting FUObjectHashTables data took   0.81ms
[2024.08.20-10.21.11:670][  0]Cmd: MAP CHECKDEP NOCLEARLOG
[2024.08.20-10.21.11:670][  0]MapCheck: Map check complete: 0 Error(s), 0 Warning(s), took 0.155ms to complete.
[2024.08.20-10.21.11:670][  0]LogFileHelpers: Loading map 'ThirdPersonExampleMap' took 0.624
[2024.08.20-10.21.11:672][  0]LogUnrealEdMisc: Total Editor Startup Time, took 26.296
[2024.08.20-10.21.11:814][  0]LogSlate: Updating window title bar state: overlay mode, drag disabled, window buttons hidden, title bar hidden
[2024.08.20-10.21.11:821][  0]LogSlate: Updating window title bar state: overlay mode, drag disabled, window buttons hidden, title bar hidden
[2024.08.20-10.21.11:827][  0]LogSlate: Updating window title bar state: overlay mode, drag disabled, window buttons hidden, title bar hidden
[2024.08.20-10.21.11:833][  0]LogSlate: Updating window title bar state: overlay mode, drag disabled, window buttons hidden, title bar hidden
[2024.08.20-10.21.11:857][  0]LogCollectionManager: Loaded 0 collections in 0.000873 seconds
[2024.08.20-10.21.11:900][  0]LogFileCache: Scanning file cache for directory 'D:/Unreal Projects/Github/GMTKJam2024/GMTK2024/Saved/Collections/' took 0.00s
[2024.08.20-10.21.11:900][  0]LogFileCache: Scanning file cache for directory 'D:/Unreal Projects/Github/GMTKJam2024/GMTK2024/Content/Developers/12sha/Collections/' took 0.00s
[2024.08.20-10.21.11:900][  0]LogFileCache: Scanning file cache for directory 'D:/Unreal Projects/Github/GMTKJam2024/GMTK2024/Content/Collections/' took 0.00s
[2024.08.20-10.21.11:900][  0]LogContentBrowser: Native class hierarchy populated in 0.0103 seconds. Added 3437 classes and 824 folders.
[2024.08.20-10.21.11:942][  0]LogContentBrowser: Native class hierarchy updated for 'WidgetCarousel' in 0.0006 seconds. Added 0 classes and 0 folders.
[2024.08.20-10.21.13:813][  0]LogContentBrowser: Native class hierarchy updated for 'AddContentDialog' in 0.0004 seconds. Added 0 classes and 0 folders.
[2024.08.20-10.21.13:817][  0]LogContentBrowser: Native class hierarchy updated for 'SceneOutliner' in 0.0003 seconds. Added 2 classes and 0 folders.
[2024.08.20-10.21.13:935][  0]LogSlate: Took 0.023202 seconds to synchronously load lazily loaded font '../../../Engine/Content/Slate/Fonts/Roboto-Regular.ttf' (155K)
[2024.08.20-10.21.13:957][  0]LogSlate: Took 0.020875 seconds to synchronously load lazily loaded font '../../../Engine/Content/Slate/Fonts/Roboto-Bold.ttf' (160K)
[2024.08.20-10.21.14:043][  0]LogSlate: Took 0.082313 seconds to synchronously load lazily loaded font '../../../Engine/Content/Editor/Slate/Fonts/FontAwesome.ttf' (139K)
[2024.08.20-10.21.14:115][  0]LogRenderer: Reallocating scene render targets to support 1364x684 Format 10 NumSamples 1 (Frame:1).
[2024.08.20-10.21.14:191][  0]LogSlate: Took 0.024265 seconds to synchronously load lazily loaded font '../../../Engine/Content/Slate/Fonts/Roboto-Light.ttf' (167K)
[2024.08.20-10.21.14:301][  0]LogContentBrowser: Native class hierarchy updated for 'HierarchicalLODOutliner' in 0.0005 seconds. Added 0 classes and 0 folders.
[2024.08.20-10.21.14:301][  0]LogLoad: (Engine Initialization) Total time: 28.92 seconds
[2024.08.20-10.21.14:301][  0]LogLoad: (Engine Initialization) Total Blueprint compile time: 0.00 seconds
[2024.08.20-10.21.14:337][  0]LogAssetRegistry: Asset discovery search completed in 19.1808 seconds
[2024.08.20-10.21.14:340][  0]LogCollectionManager: Fixed up redirectors for 0 collections in 0.000002 seconds (updated 0 objects)
[2024.08.20-10.21.14:341][  0]LogContentStreaming: Texture pool size now 1000 MB
[2024.08.20-10.23.13:671][723]LogUObjectHash: Compacting FUObjectHashTables data took   0.67ms
[2024.08.20-10.23.14:976][723]LogSlate: Window 'Delete Assets' being destroyed
[2024.08.20-10.23.14:987][723]LogSlate: Took 0.000260 seconds to synchronously load lazily loaded font '../../../Engine/Content/Slate/Fonts/Roboto-Light.ttf' (167K)
[2024.08.20-10.23.15:200][723]LogUObjectHash: Compacting FUObjectHashTables data took   0.62ms
[2024.08.20-10.23.28:881][246]LogUObjectHash: Compacting FUObjectHashTables data took   0.75ms
[2024.08.20-10.23.34:147][866]LogAssetEditorSubsystem: Opening Asset editor for WidgetBlueprint /Game/Game/Widgets/WBP_PauseMenu.WBP_PauseMenu
[2024.08.20-10.23.36:383][866]LogContentBrowser: Native class hierarchy updated for 'BlueprintGraph' in 0.0008 seconds. Added 125 classes and 0 folders.
[2024.08.20-10.23.38:411][866]LogSlate: Took 0.029804 seconds to synchronously load lazily loaded font '../../../Engine/Content/Slate/Fonts/Roboto-BoldCondensed.ttf' (158K)
[2024.08.20-10.24.04:637][955]LogSlate: Window 'WBP_PauseMenu' being destroyed
[2024.08.20-10.24.05:512][ 49]Cmd: OBJ SAVEPACKAGE PACKAGE="/Game/Game/Widgets/WBP_PauseMenu" FILE="../../../../../../../Unreal Projects/Github/GMTKJam2024/GMTK2024/Content/Game/Widgets/WBP_PauseMenu.uasset" SILENT=true
[2024.08.20-10.24.05:666][ 49]LogSavePackage: Moving '../../../../../../../Unreal Projects/Github/GMTKJam2024/GMTK2024/Saved/WBP_PauseMenuE3E28A344C5D42B27AEA11814828C174.tmp' to '../../../../../../../Unreal Projects/Github/GMTKJam2024/GMTK2024/Content/Game/Widgets/WBP_PauseMenu.uasset'
[2024.08.20-10.24.05:703][ 49]AssetCheck: New page: Asset Save: WBP_PauseMenu
[2024.08.20-10.24.05:703][ 49]LogContentValidation: Display: Validating WidgetBlueprint /Game/Game/Widgets/WBP_PauseMenu.WBP_PauseMenu
[2024.08.20-10.30.50:989][973]BlueprintLog: New page: Compile WBP_PauseMenu
[2024.08.20-10.30.51:150][973]LogUObjectHash: Compacting FUObjectHashTables data took   3.76ms
[2024.08.20-10.30.51:709][ 29]Cmd: OBJ SAVEPACKAGE PACKAGE="/Game/Game/Widgets/WBP_PauseMenu" FILE="../../../../../../../Unreal Projects/Github/GMTKJam2024/GMTK2024/Content/Game/Widgets/WBP_PauseMenu.uasset" SILENT=true
[2024.08.20-10.30.51:939][ 29]LogSavePackage: Moving '../../../../../../../Unreal Projects/Github/GMTKJam2024/GMTK2024/Saved/WBP_PauseMenu5FA623374D680DF1B2942BA62F6D0FEF.tmp' to '../../../../../../../Unreal Projects/Github/GMTKJam2024/GMTK2024/Content/Game/Widgets/WBP_PauseMenu.uasset'
[2024.08.20-10.30.51:954][ 29]AssetCheck: New page: Asset Save: WBP_PauseMenu
[2024.08.20-10.30.51:954][ 29]LogContentValidation: Display: Validating WidgetBlueprint /Game/Game/Widgets/WBP_PauseMenu.WBP_PauseMenu
[2024.08.20-10.30.58:598][764]LogSlate: Took 0.017421 seconds to synchronously load lazily loaded font '../../../Engine/Content/Slate/Fonts/DroidSansMono.ttf' (77K)
[2024.08.20-10.31.11:220][172]LogSlate: Took 0.181421 seconds to synchronously load lazily loaded font '../../../Engine/Content/Slate/Fonts/Roboto-Italic.ttf' (157K)
[2024.08.20-10.31.16:429][770]BlueprintLog: New page: Compile WBP_PauseMenu
[2024.08.20-10.31.16:527][770]LogUObjectHash: Compacting FUObjectHashTables data took   3.17ms
[2024.08.20-10.31.17:119][827]Cmd: OBJ SAVEPACKAGE PACKAGE="/Game/Game/Widgets/WBP_PauseMenu" FILE="../../../../../../../Unreal Projects/Github/GMTKJam2024/GMTK2024/Content/Game/Widgets/WBP_PauseMenu.uasset" SILENT=true
[2024.08.20-10.31.17:130][827]LogSavePackage: Moving '../../../../../../../Unreal Projects/Github/GMTKJam2024/GMTK2024/Saved/WBP_PauseMenu900CE7224DE1D311D7C38F95CCC0E4D3.tmp' to '../../../../../../../Unreal Projects/Github/GMTKJam2024/GMTK2024/Content/Game/Widgets/WBP_PauseMenu.uasset'
[2024.08.20-10.31.17:145][827]AssetCheck: New page: Asset Save: WBP_PauseMenu
[2024.08.20-10.31.17:145][827]LogContentValidation: Display: Validating WidgetBlueprint /Game/Game/Widgets/WBP_PauseMenu.WBP_PauseMenu
[2024.08.20-10.31.19:074][ 44]LogUObjectHash: Compacting FUObjectHashTables data took   2.69ms
[2024.08.20-10.31.19:252][ 44]LogWorld: UWorld::CleanupWorld for World_1, bSessionEnded=true, bCleanupResources=true
[2024.08.20-10.31.19:252][ 44]LogSlate: InvalidateAllWidgets triggered.  All widgets were invalidated
[2024.08.20-10.31.19:258][ 44]LogWorld: UWorld::CleanupWorld for World_0, bSessionEnded=true, bCleanupResources=true
[2024.08.20-10.31.19:258][ 44]LogSlate: InvalidateAllWidgets triggered.  All widgets were invalidated
[2024.08.20-10.31.19:454][ 44]LogSlate: Window 'GMTK2024 - Unreal Editor' being destroyed
[2024.08.20-10.31.19:799][ 45]Cmd: QUIT_EDITOR
[2024.08.20-10.31.19:799][ 45]LogCore: Engine exit requested (reason: UUnrealEdEngine::CloseEditor())
[2024.08.20-10.31.19:846][ 45]LogCore: Engine exit requested (reason: EngineExit() was called; note: exit was already requested)
[2024.08.20-10.31.20:147][ 45]LogWindowsTextInputMethodSystem: Display: IME system now deactivated.
[2024.08.20-10.31.20:176][ 45]LogExit: Preparing to exit.
[2024.08.20-10.31.21:640][ 45]LogDemo: Cleaned up 0 splitscreen connections with owner deletion
[2024.08.20-10.31.21:752][ 45]LogWorld: UWorld::CleanupWorld for None, bSessionEnded=true, bCleanupResources=true
[2024.08.20-10.31.21:753][ 45]LogExit: Editor shut down
[2024.08.20-10.31.21:753][ 45]LogExit: Transaction tracking system shut down
[2024.08.20-10.31.22:607][ 45]LogAISub: UAISubsystem::~UAISubsystem EnvQueryManager (000001BFBDD35600), frame # 33045
[2024.08.20-10.31.22:608][ 45]LogAISub: UAISubsystem::~UAISubsystem AIPerceptionSystem (000001BFBDDAA340), frame # 33045
[2024.08.20-10.31.23:104][ 45]LogAISub: UAISubsystem::~UAISubsystem AISubsystem (000001BFCADDA980), frame # 33045
[2024.08.20-10.31.23:104][ 45]LogAISub: UAISubsystem::~UAISubsystem AIPerceptionSystem (000001BFCBC31E40), frame # 33045
[2024.08.20-10.31.23:105][ 45]LogAISub: UAISubsystem::~UAISubsystem EnvQueryManager (000001BFCBC91C00), frame # 33045
[2024.08.20-10.31.23:549][ 45]LogExit: Object subsystem successfully closed.
[2024.08.20-10.31.23:730][ 45]LogShaderCompilers: Display: Shaders left to compile 0
