Log file open, 08/19/24 10:50:15
LogInit: Display: Running engine for game: GMTK2024
LogPlatformFile: Not using cached read wrapper
LogTaskGraph: Started task graph with 5 named threads and 47 total threads with 3 sets of task threads.
LogStats: Stats thread started at 1.650044
LogD3D11RHI: Loaded GFSDK_Aftermath_Lib.x64.dll
LogICUInternationalization: ICU TimeZone Detection - Raw Offset: +0:00, Platform Override: ''
LogPluginManager: Mounting plugin Paper2D
LogPluginManager: Mounting plugin AISupport
LogPluginManager: Mounting plugin LightPropagationVolume
LogPluginManager: Mounting plugin CameraShakePreviewer
LogPluginManager: Mounting plugin ActorLayerUtilities
LogPluginManager: Mounting plugin AnimationSharing
LogPluginManager: Mounting plugin CLionSourceCodeAccess
LogPluginManager: Mounting plugin CodeLiteSourceCodeAccess
LogPluginManager: Mounting plugin GitSourceControl
LogPluginManager: Mounting plugin KDevelopSourceCodeAccess
LogPluginManager: Mounting plugin NullSourceCodeAccess
LogPluginManager: Mounting plugin PerforceSourceControl
LogPluginManager: Mounting plugin PlasticSourceControl
LogPluginManager: Mounting plugin RiderSourceCodeAccess
LogPluginManager: Mounting plugin SubversionSourceControl
LogPluginManager: Mounting plugin UObjectPlugin
LogPluginManager: Mounting plugin VisualStudioCodeSourceCodeAccess
LogPluginManager: Mounting plugin VisualStudioSourceCodeAccess
LogPluginManager: Mounting plugin XCodeSourceCodeAccess
LogPluginManager: Mounting plugin AssetManagerEditor
LogPluginManager: Mounting plugin CryptoKeys
LogPluginManager: Mounting plugin CurveEditorTools
LogPluginManager: Mounting plugin DataValidation
LogPluginManager: Mounting plugin EditorScriptingUtilities
LogPluginManager: Mounting plugin FacialAnimation
LogPluginManager: Mounting plugin GameplayTagsEditor
LogPluginManager: Mounting plugin GeometryMode
LogPluginManager: Mounting plugin MacGraphicsSwitching
LogPluginManager: Mounting plugin MaterialAnalyzer
LogPluginManager: Mounting plugin MobileLauncherProfileWizard
LogPluginManager: Mounting plugin PluginBrowser
LogPluginManager: Mounting plugin SpeedTreeImporter
LogPluginManager: Mounting plugin DatasmithContent
LogPluginManager: Mounting plugin VariantManagerContent
LogPluginManager: Mounting plugin AlembicImporter
LogPluginManager: Mounting plugin AutomationUtils
LogPluginManager: Mounting plugin BackChannel
LogPluginManager: Mounting plugin ChaosCloth
LogPluginManager: Mounting plugin ChaosClothEditor
LogPluginManager: Mounting plugin ChaosEditor
LogPluginManager: Mounting plugin ChaosNiagara
LogPluginManager: Mounting plugin ChaosSolverPlugin
LogPluginManager: Mounting plugin CharacterAI
LogPluginManager: Mounting plugin GeometryCache
LogPluginManager: Mounting plugin GeometryCollectionPlugin
LogPluginManager: Mounting plugin GeometryProcessing
LogPluginManager: Mounting plugin PlanarCut
LogPluginManager: Mounting plugin PlatformCrypto
LogPluginManager: Mounting plugin ProxyLODPlugin
LogPluginManager: Mounting plugin SkeletalReduction
LogPluginManager: Mounting plugin Niagara
LogPluginManager: Mounting plugin MagicLeap
LogPluginManager: Mounting plugin MagicLeapLightEstimation
LogPluginManager: Mounting plugin MagicLeapMedia
LogPluginManager: Mounting plugin MagicLeapPassableWorld
LogPluginManager: Mounting plugin MLSDK
LogPluginManager: Mounting plugin RiderLink
LogPluginManager: Mounting plugin AndroidMedia
LogPluginManager: Mounting plugin AvfMedia
LogPluginManager: Mounting plugin ImgMedia
LogPluginManager: Mounting plugin MediaCompositing
LogPluginManager: Mounting plugin MediaPlayerEditor
LogPluginManager: Mounting plugin WebMMedia
LogPluginManager: Mounting plugin WmfMedia
LogPluginManager: Mounting plugin MeshPainting
LogPluginManager: Mounting plugin TcpMessaging
LogPluginManager: Mounting plugin UdpMessaging
LogPluginManager: Mounting plugin ActorSequence
LogPluginManager: Mounting plugin LevelSequenceEditor
LogPluginManager: Mounting plugin MatineeToLevelSequence
LogPluginManager: Mounting plugin MovieRenderPipeline
LogPluginManager: Mounting plugin TemplateSequence
LogPluginManager: Mounting plugin NetcodeUnitTest
LogPluginManager: Mounting plugin NUTUnrealEngine4
LogPluginManager: Mounting plugin OnlineSubsystemGooglePlay
LogPluginManager: Mounting plugin OnlineSubsystemIOS
LogPluginManager: Mounting plugin OnlineSubsystem
LogPluginManager: Mounting plugin OnlineSubsystemNull
LogPluginManager: Mounting plugin OnlineSubsystemUtils
LogPluginManager: Mounting plugin LauncherChunkInstaller
LogPluginManager: Mounting plugin AndroidDeviceProfileSelector
LogPluginManager: Mounting plugin AndroidMoviePlayer
LogPluginManager: Mounting plugin AndroidPermission
LogPluginManager: Mounting plugin AppleImageUtils
LogPluginManager: Mounting plugin AppleMoviePlayer
LogPluginManager: Mounting plugin ArchVisCharacter
LogPluginManager: Mounting plugin AssetTags
LogPluginManager: Mounting plugin AudioCapture
LogPluginManager: Mounting plugin CableComponent
LogPluginManager: Mounting plugin CustomMeshComponent
LogPluginManager: Mounting plugin EditableMesh
LogPluginManager: Mounting plugin ExampleDeviceProfileSelector
LogPluginManager: Mounting plugin GoogleCloudMessaging
LogPluginManager: Mounting plugin GooglePAD
LogPluginManager: Mounting plugin IOSDeviceProfileSelector
LogPluginManager: Mounting plugin LinuxDeviceProfileSelector
LogPluginManager: Mounting plugin LocationServicesBPLibrary
LogPluginManager: Mounting plugin MobilePatchingUtils
LogPluginManager: Mounting plugin OculusVR
LogPluginManager: Mounting plugin PhysXVehicles
LogPluginManager: Mounting plugin PostSplashScreen
LogPluginManager: Mounting plugin ProceduralMeshComponent
LogPluginManager: Mounting plugin RuntimePhysXCooking
LogPluginManager: Mounting plugin SignificanceManager
LogPluginManager: Mounting plugin SoundFields
LogPluginManager: Mounting plugin SteamVR
LogPluginManager: Mounting plugin Synthesis
LogPluginManager: Mounting plugin WebMMoviePlayer
LogPluginManager: Mounting plugin WindowsMoviePlayer
LogPluginManager: Mounting plugin ScreenshotTools
LogInit: Using libcurl 7.55.1-DEV
LogInit:  - built for x86_64-pc-win32
LogInit:  - supports SSL with OpenSSL/1.1.1
LogInit:  - supports HTTP deflate (compression) using libz 1.2.8
LogInit:  - other features:
LogInit:      CURL_VERSION_SSL
LogInit:      CURL_VERSION_LIBZ
LogInit:      CURL_VERSION_IPV6
LogInit:      CURL_VERSION_ASYNCHDNS
LogInit:      CURL_VERSION_LARGEFILE
LogInit:      CURL_VERSION_IDN
LogInit:  CurlRequestOptions (configurable via config and command line):
LogInit:  - bVerifyPeer = true  - Libcurl will verify peer certificate
LogInit:  - bUseHttpProxy = false  - Libcurl will NOT use HTTP proxy
LogInit:  - bDontReuseConnections = false  - Libcurl will reuse connections
LogInit:  - MaxHostConnections = 16  - Libcurl will limit the number of connections to a host
LogInit:  - LocalHostAddr = Default
LogInit:  - BufferSize = 65536
LogOnline: OSS: Creating online subsystem instance for: NULL
LogInit: WinSock: version 1.1 (2.2), MaxSocks=32767, MaxUdp=65467
LogOnline: OSS: TryLoadSubsystemAndSetDefault: Loaded subsystem for module [NULL]
LogInit: Build: ++UE4+Release-4.25-CL-14469661
LogInit: Engine Version: 4.25.4-14469661+++UE4+Release-4.25
LogInit: Compatible Engine Version: 4.25.0-13144385+++UE4+Release-4.25
LogInit: Net CL: 13144385
LogInit: OS: Windows 10 (Release 2009) (), CPU: AMD Ryzen 7 3700X 8-Core Processor             , GPU: AMD Radeon RX 5700 XT
LogInit: Compiled (64-bit): Oct 11 2020 08:10:49
LogInit: Compiled with Visual C++: 19.24.28315.00
LogInit: Build Configuration: Development
LogInit: Branch Name: ++UE4+Release-4.25
LogInit: Command Line:  -skipcompile
LogInit: Base Directory: D:/Program Files (x86)/Epic Games/Games/UE_4.25/Engine/Binaries/Win64/
LogInit: Allocator: TBB
LogInit: Installed Engine Build: 1
LogDevObjectVersion: Number of dev versions registered: 26
LogDevObjectVersion:   Dev-Blueprints (B0D832E4-1F89-4F0D-ACCF-7EB736FD4AA2): 10
LogDevObjectVersion:   Dev-Build (E1C64328-A22C-4D53-A36C-8E866417BD8C): 0
LogDevObjectVersion:   Dev-Core (375EC13C-06E4-48FB-B500-84F0262A717E): 4
LogDevObjectVersion:   Dev-Editor (E4B068ED-F494-42E9-A231-DA0B2E46BB41): 38
LogDevObjectVersion:   Dev-Framework (CFFC743F-43B0-4480-9391-14DF171D2073): 37
LogDevObjectVersion:   Dev-Mobile (B02B49B5-BB20-44E9-A304-32B752E40360): 2
LogDevObjectVersion:   Dev-Networking (A4E4105C-59A1-49B5-A7C5-40C4547EDFEE): 0
LogDevObjectVersion:   Dev-Online (39C831C9-5AE6-47DC-9A44-9C173E1C8E7C): 0
LogDevObjectVersion:   Dev-Physics (78F01B33-EBEA-4F98-B9B4-84EACCB95AA2): 4
LogDevObjectVersion:   Dev-Platform (6631380F-2D4D-43E0-8009-CF276956A95A): 0
LogDevObjectVersion:   Dev-Rendering (12F88B9F-8875-4AFC-A67C-D90C383ABD29): 43
LogDevObjectVersion:   Dev-Sequencer (7B5AE74C-D270-4C10-A958-57980B212A5A): 12
LogDevObjectVersion:   Dev-VR (D7296918-1DD6-4BDD-9DE2-64A83CC13884): 3
LogDevObjectVersion:   Dev-LoadTimes (C2A15278-BFE7-4AFE-6C17-90FF531DF755): 1
LogDevObjectVersion:   Private-Geometry (6EACA3D4-40EC-4CC1-B786-8BED09428FC5): 3
LogDevObjectVersion:   Dev-AnimPhys (29E575DD-E0A3-4627-9D10-D276232CDCEA): 17
LogDevObjectVersion:   Dev-Anim (AF43A65D-7FD3-4947-9873-3E8ED9C1BB05): 7
LogDevObjectVersion:   Dev-ReflectionCapture (6B266CEC-1EC7-4B8F-A30B-E4D90942FC07): 1
LogDevObjectVersion:   Dev-Automation (0DF73D61-A23F-47EA-B727-89E90C41499A): 1
LogDevObjectVersion:   FortniteMain (601D1886-AC64-4F84-AA16-D3DE0DEAC7D6): 31
LogDevObjectVersion:   Dev-Enterprise (9DFFBCD6-494F-0158-E221-12823C92A888): 10
LogDevObjectVersion:   Dev-Niagara (F2AED0AC-9AFE-416F-8664-AA7FFA26D6FC): 1
LogDevObjectVersion:   Dev-Destruction (174F1F0B-B4C6-45A5-B13F-2EE8D0FB917D): 10
LogDevObjectVersion:   Dev-Physics-Ext (35F94A83-E258-406C-A318-09F59610247C): 37
LogDevObjectVersion:   Dev-PhysicsMaterial-Chaos (B68FC16E-8B1B-42E2-B453-215C058844FE): 1
LogDevObjectVersion:   Dev-CineCamera (B2E18506-4273-CFC2-A54E-F4BB758BBA07): 1
LogInit: Presizing for max 25165824 objects, including 0 objects not considered by GC, pre-allocating 0 bytes for permanent pool.
LogConfig: Applying CVar settings from Section [/Script/Engine.StreamingSettings] File [D:/Unreal Projects/Github/GMTKJam2024/GMTK2024/Saved/Config/Windows/Engine.ini]
LogConfig: Setting CVar [[s.MinBulkDataSizeForAsyncLoading:131072]]
LogConfig: Setting CVar [[s.AsyncLoadingThreadEnabled:0]]
LogConfig: Setting CVar [[s.EventDrivenLoaderEnabled:1]]
LogConfig: Setting CVar [[s.WarnIfTimeLimitExceeded:0]]
LogConfig: Setting CVar [[s.TimeLimitExceededMultiplier:1.5]]
LogConfig: Setting CVar [[s.TimeLimitExceededMinTime:0.005]]
LogConfig: Setting CVar [[s.UseBackgroundLevelStreaming:1]]
LogConfig: Setting CVar [[s.PriorityAsyncLoadingExtraTime:15.0]]
LogConfig: Setting CVar [[s.LevelStreamingActorsUpdateTimeLimit:5.0]]
LogConfig: Setting CVar [[s.PriorityLevelStreamingActorsUpdateExtraTime:5.0]]
LogConfig: Setting CVar [[s.LevelStreamingComponentsRegistrationGranularity:10]]
LogConfig: Setting CVar [[s.UnregisterComponentsTimeLimit:1.0]]
LogConfig: Setting CVar [[s.LevelStreamingComponentsUnregistrationGranularity:5]]
LogConfig: Setting CVar [[s.FlushStreamingOnExit:1]]
LogInit: Object subsystem initialized
LogConfig: Setting CVar [[con.DebugEarlyDefault:1]]
LogConfig: Setting CVar [[r.setres:1280x720]]
[2024.08.19-09.50.17:237][  0]LogConfig: Setting CVar [[r.VSync:0]]
[2024.08.19-09.50.17:237][  0]LogConfig: Setting CVar [[r.RHICmdBypass:0]]
[2024.08.19-09.50.17:237][  0]LogConfig: Applying CVar settings from Section [/Script/Engine.RendererSettings] File [D:/Unreal Projects/Github/GMTKJam2024/GMTK2024/Saved/Config/Windows/Engine.ini]
[2024.08.19-09.50.17:237][  0]LogConfig: Setting CVar [[r.GPUCrashDebugging:0]]
[2024.08.19-09.50.17:237][  0]LogConfig: Setting CVar [[r.Mobile.DisableVertexFog:1]]
[2024.08.19-09.50.17:237][  0]LogConfig: Setting CVar [[r.Shadow.CSM.MaxMobileCascades:2]]
[2024.08.19-09.50.17:237][  0]LogConfig: Setting CVar [[r.MobileMSAA:1]]
[2024.08.19-09.50.17:237][  0]LogConfig: Setting CVar [[r.Mobile.UseLegacyShadingModel:0]]
[2024.08.19-09.50.17:237][  0]LogConfig: Setting CVar [[r.Mobile.AllowDitheredLODTransition:0]]
[2024.08.19-09.50.17:237][  0]LogConfig: Setting CVar [[r.Mobile.AllowSoftwareOcclusion:0]]
[2024.08.19-09.50.17:237][  0]LogConfig: Setting CVar [[r.Mobile.VirtualTextures:0]]
[2024.08.19-09.50.17:237][  0]LogConfig: Setting CVar [[r.DiscardUnusedQuality:0]]
[2024.08.19-09.50.17:237][  0]LogConfig: Setting CVar [[r.AllowOcclusionQueries:1]]
[2024.08.19-09.50.17:237][  0]LogConfig: Setting CVar [[r.MinScreenRadiusForLights:0.030000]]
[2024.08.19-09.50.17:237][  0]LogConfig: Setting CVar [[r.MinScreenRadiusForDepthPrepass:0.030000]]
[2024.08.19-09.50.17:237][  0]LogConfig: Setting CVar [[r.MinScreenRadiusForCSMDepth:0.010000]]
[2024.08.19-09.50.17:237][  0]LogConfig: Setting CVar [[r.PrecomputedVisibilityWarning:0]]
[2024.08.19-09.50.17:237][  0]LogConfig: Setting CVar [[r.TextureStreaming:1]]
[2024.08.19-09.50.17:237][  0]LogConfig: Setting CVar [[Compat.UseDXT5NormalMaps:0]]
[2024.08.19-09.50.17:237][  0]LogConfig: Setting CVar [[r.VirtualTextures:0]]
[2024.08.19-09.50.17:237][  0]LogConfig: Setting CVar [[r.VirtualTexturedLightmaps:0]]
[2024.08.19-09.50.17:237][  0]LogConfig: Setting CVar [[r.VT.TileSize:128]]
[2024.08.19-09.50.17:237][  0]LogConfig: Setting CVar [[r.VT.TileBorderSize:4]]
[2024.08.19-09.50.17:237][  0]LogConfig: Setting CVar [[r.vt.FeedbackFactor:16]]
[2024.08.19-09.50.17:237][  0]LogConfig: Setting CVar [[r.VT.EnableCompressZlib:1]]
[2024.08.19-09.50.17:237][  0]LogConfig: Setting CVar [[r.VT.EnableCompressCrunch:0]]
[2024.08.19-09.50.17:237][  0]LogConfig: Setting CVar [[r.ClearCoatNormal:0]]
[2024.08.19-09.50.17:237][  0]LogConfig: Setting CVar [[r.AnisotropicBRDF:0]]
[2024.08.19-09.50.17:237][  0]LogConfig: Setting CVar [[r.ReflectionCaptureResolution:128]]
[2024.08.19-09.50.17:237][  0]LogConfig: Setting CVar [[r.ReflectionEnvironmentLightmapMixBasedOnRoughness:1]]
[2024.08.19-09.50.17:237][  0]LogConfig: Setting CVar [[r.ForwardShading:0]]
[2024.08.19-09.50.17:237][  0]LogConfig: Setting CVar [[r.VertexFoggingForOpaque:1]]
[2024.08.19-09.50.17:237][  0]LogConfig: Setting CVar [[r.AllowStaticLighting:1]]
[2024.08.19-09.50.17:237][  0]LogConfig: Setting CVar [[r.NormalMapsForStaticLighting:0]]
[2024.08.19-09.50.17:237][  0]LogConfig: Setting CVar [[r.GenerateMeshDistanceFields:0]]
[2024.08.19-09.50.17:237][  0]LogConfig: Setting CVar [[r.DistanceFieldBuild.EightBit:0]]
[2024.08.19-09.50.17:237][  0]LogConfig: Setting CVar [[r.GenerateLandscapeGIData:0]]
[2024.08.19-09.50.17:237][  0]LogConfig: Setting CVar [[r.DistanceFieldBuild.Compress:0]]
[2024.08.19-09.50.17:237][  0]LogConfig: Setting CVar [[r.TessellationAdaptivePixelsPerTriangle:48.000000]]
[2024.08.19-09.50.17:237][  0]LogConfig: Setting CVar [[r.SeparateTranslucency:1]]
[2024.08.19-09.50.17:237][  0]LogConfig: Setting CVar [[r.TranslucentSortPolicy:0]]
[2024.08.19-09.50.17:237][  0]LogConfig: Setting CVar [[r.CustomDepth:1]]
[2024.08.19-09.50.17:237][  0]LogConfig: Setting CVar [[r.CustomDepthTemporalAAJitter:1]]
[2024.08.19-09.50.17:237][  0]LogConfig: Setting CVar [[r.PostProcessing.PropagateAlpha:0]]
[2024.08.19-09.50.17:237][  0]LogConfig: Setting CVar [[r.DefaultFeature.Bloom:1]]
[2024.08.19-09.50.17:237][  0]LogConfig: Setting CVar [[r.DefaultFeature.AmbientOcclusion:1]]
[2024.08.19-09.50.17:237][  0]LogConfig: Setting CVar [[r.DefaultFeature.AmbientOcclusionStaticFraction:1]]
[2024.08.19-09.50.17:237][  0]LogConfig: Setting CVar [[r.DefaultFeature.AutoExposure:0]]
[2024.08.19-09.50.17:237][  0]LogConfig: Setting CVar [[r.DefaultFeature.AutoExposure.Method:0]]
[2024.08.19-09.50.17:237][  0]LogConfig: Setting CVar [[r.DefaultFeature.AutoExposure.Bias:1.000000]]
[2024.08.19-09.50.17:237][  0]LogConfig: Setting CVar [[r.DefaultFeature.AutoExposure.ExtendDefaultLuminanceRange:0]]
[2024.08.19-09.50.17:237][  0]LogConfig: Setting CVar [[r.UsePreExposure:1]]
[2024.08.19-09.50.17:237][  0]LogConfig: Setting CVar [[r.EyeAdaptation.EditorOnly:0]]
[2024.08.19-09.50.17:237][  0]LogConfig: Setting CVar [[r.DefaultFeature.MotionBlur:0]]
[2024.08.19-09.50.17:237][  0]LogConfig: Setting CVar [[r.DefaultFeature.LensFlare:0]]
[2024.08.19-09.50.17:237][  0]LogConfig: Setting CVar [[r.TemporalAA.Upsampling:0]]
[2024.08.19-09.50.17:237][  0]LogConfig: Setting CVar [[r.SSGI.Enable:0]]
[2024.08.19-09.50.17:237][  0]LogConfig: Setting CVar [[r.DefaultFeature.AntiAliasing:0]]
[2024.08.19-09.50.17:237][  0]LogConfig: Setting CVar [[r.DefaultFeature.LightUnits:1]]
[2024.08.19-09.50.17:237][  0]LogConfig: Setting CVar [[r.DefaultBackBufferPixelFormat:4]]
[2024.08.19-09.50.17:237][  0]LogConfig: Setting CVar [[r.Shadow.UnbuiltPreviewInGame:1]]
[2024.08.19-09.50.17:237][  0]LogConfig: Setting CVar [[r.StencilForLODDither:0]]
[2024.08.19-09.50.17:237][  0]LogConfig: Setting CVar [[r.EarlyZPass:3]]
[2024.08.19-09.50.17:238][  0]LogConfig: Setting CVar [[r.EarlyZPassOnlyMaterialMasking:0]]
[2024.08.19-09.50.17:238][  0]LogConfig: Setting CVar [[r.DBuffer:1]]
[2024.08.19-09.50.17:238][  0]LogConfig: Setting CVar [[r.ClearSceneMethod:1]]
[2024.08.19-09.50.17:238][  0]LogConfig: Setting CVar [[r.BasePassOutputsVelocity:0]]
[2024.08.19-09.50.17:238][  0]LogConfig: Setting CVar [[r.VertexDeformationOutputsVelocity:0]]
[2024.08.19-09.50.17:238][  0]LogConfig: Setting CVar [[r.SelectiveBasePassOutputs:0]]
[2024.08.19-09.50.17:238][  0]LogConfig: Setting CVar [[fx.GPUSimulationTextureSizeX:1024]]
[2024.08.19-09.50.17:238][  0]LogConfig: Setting CVar [[fx.GPUSimulationTextureSizeY:1024]]
[2024.08.19-09.50.17:238][  0]LogConfig: Setting CVar [[r.AllowGlobalClipPlane:0]]
[2024.08.19-09.50.17:238][  0]LogConfig: Setting CVar [[r.GBufferFormat:1]]
[2024.08.19-09.50.17:238][  0]LogConfig: Setting CVar [[r.MorphTarget.Mode:1]]
[2024.08.19-09.50.17:238][  0]LogConfig: Setting CVar [[vr.InstancedStereo:0]]
[2024.08.19-09.50.17:238][  0]LogConfig: Setting CVar [[r.MobileHDR:1]]
[2024.08.19-09.50.17:238][  0]LogConfig: Setting CVar [[vr.MobileMultiView:0]]
[2024.08.19-09.50.17:238][  0]LogConfig: Setting CVar [[r.Mobile.UseHWsRGBEncoding:0]]
[2024.08.19-09.50.17:238][  0]LogConfig: Setting CVar [[vr.RoundRobinOcclusion:0]]
[2024.08.19-09.50.17:238][  0]LogConfig: Setting CVar [[vr.ODSCapture:0]]
[2024.08.19-09.50.17:238][  0]LogConfig: Setting CVar [[r.MeshStreaming:0]]
[2024.08.19-09.50.17:238][  0]LogConfig: Setting CVar [[r.WireframeCullThreshold:5.000000]]
[2024.08.19-09.50.17:238][  0]LogConfig: Setting CVar [[r.RayTracing:0]]
[2024.08.19-09.50.17:238][  0]LogConfig: Setting CVar [[r.RayTracing.UseTextureLod:0]]
[2024.08.19-09.50.17:238][  0]LogConfig: Setting CVar [[r.SupportStationarySkylight:1]]
[2024.08.19-09.50.17:238][  0]LogConfig: Setting CVar [[r.SupportLowQualityLightmaps:1]]
[2024.08.19-09.50.17:238][  0]LogConfig: Setting CVar [[r.SupportPointLightWholeSceneShadows:1]]
[2024.08.19-09.50.17:238][  0]LogConfig: Setting CVar [[r.SupportAtmosphericFog:1]]
[2024.08.19-09.50.17:238][  0]LogConfig: Setting CVar [[r.SupportSkyAtmosphere:1]]
[2024.08.19-09.50.17:238][  0]LogConfig: Setting CVar [[r.SupportSkyAtmosphereAffectsHeightFog:0]]
[2024.08.19-09.50.17:238][  0]LogConfig: Setting CVar [[r.SkinCache.CompileShaders:0]]
[2024.08.19-09.50.17:238][  0]LogConfig: Setting CVar [[r.SkinCache.DefaultBehavior:1]]
[2024.08.19-09.50.17:238][  0]LogConfig: Setting CVar [[r.SkinCache.SceneMemoryLimitInMB:128.000000]]
[2024.08.19-09.50.17:238][  0]LogConfig: Setting CVar [[r.Mobile.EnableStaticAndCSMShadowReceivers:1]]
[2024.08.19-09.50.17:238][  0]LogConfig: Setting CVar [[r.Mobile.EnableMovableLightCSMShaderCulling:1]]
[2024.08.19-09.50.17:238][  0]LogConfig: Setting CVar [[r.Mobile.AllowDistanceFieldShadows:1]]
[2024.08.19-09.50.17:238][  0]LogConfig: Setting CVar [[r.Mobile.AllowMovableDirectionalLights:1]]
[2024.08.19-09.50.17:238][  0]LogConfig: Setting CVar [[r.MobileNumDynamicPointLights:4]]
[2024.08.19-09.50.17:238][  0]LogConfig: Setting CVar [[r.MobileDynamicPointLightsUseStaticBranch:1]]
[2024.08.19-09.50.17:238][  0]LogConfig: Setting CVar [[r.Mobile.EnableMovableSpotlights:0]]
[2024.08.19-09.50.17:238][  0]LogConfig: Setting CVar [[r.GPUSkin.Support16BitBoneIndex:0]]
[2024.08.19-09.50.17:238][  0]LogConfig: Setting CVar [[r.GPUSkin.Limit2BoneInfluences:0]]
[2024.08.19-09.50.17:238][  0]LogConfig: Setting CVar [[r.SupportDepthOnlyIndexBuffers:1]]
[2024.08.19-09.50.17:238][  0]LogConfig: Setting CVar [[r.SupportReversedIndexBuffers:1]]
[2024.08.19-09.50.17:238][  0]LogConfig: Setting CVar [[r.SupportMaterialLayers:0]]
[2024.08.19-09.50.17:238][  0]LogConfig: Setting CVar [[r.LightPropagationVolume:0]]
[2024.08.19-09.50.17:238][  0]LogConfig: Applying CVar settings from Section [/Script/Engine.RendererOverrideSettings] File [D:/Unreal Projects/Github/GMTKJam2024/GMTK2024/Saved/Config/Windows/Engine.ini]
[2024.08.19-09.50.17:238][  0]LogConfig: Applying CVar settings from Section [/Script/Engine.StreamingSettings] File [D:/Unreal Projects/Github/GMTKJam2024/GMTK2024/Saved/Config/Windows/Engine.ini]
[2024.08.19-09.50.17:238][  0]LogConfig: Setting CVar [[s.MinBulkDataSizeForAsyncLoading:131072]]
[2024.08.19-09.50.17:238][  0]LogConfig: Setting CVar [[s.AsyncLoadingThreadEnabled:0]]
[2024.08.19-09.50.17:238][  0]LogConfig: Setting CVar [[s.EventDrivenLoaderEnabled:1]]
[2024.08.19-09.50.17:238][  0]LogConfig: Setting CVar [[s.WarnIfTimeLimitExceeded:0]]
[2024.08.19-09.50.17:238][  0]LogConfig: Setting CVar [[s.TimeLimitExceededMultiplier:1.5]]
[2024.08.19-09.50.17:238][  0]LogConfig: Setting CVar [[s.TimeLimitExceededMinTime:0.005]]
[2024.08.19-09.50.17:238][  0]LogConfig: Setting CVar [[s.UseBackgroundLevelStreaming:1]]
[2024.08.19-09.50.17:238][  0]LogConfig: Setting CVar [[s.PriorityAsyncLoadingExtraTime:15.0]]
[2024.08.19-09.50.17:238][  0]LogConfig: Setting CVar [[s.LevelStreamingActorsUpdateTimeLimit:5.0]]
[2024.08.19-09.50.17:238][  0]LogConfig: Setting CVar [[s.PriorityLevelStreamingActorsUpdateExtraTime:5.0]]
[2024.08.19-09.50.17:238][  0]LogConfig: Setting CVar [[s.LevelStreamingComponentsRegistrationGranularity:10]]
[2024.08.19-09.50.17:238][  0]LogConfig: Setting CVar [[s.UnregisterComponentsTimeLimit:1.0]]
[2024.08.19-09.50.17:238][  0]LogConfig: Setting CVar [[s.LevelStreamingComponentsUnregistrationGranularity:5]]
[2024.08.19-09.50.17:238][  0]LogConfig: Setting CVar [[s.FlushStreamingOnExit:1]]
[2024.08.19-09.50.17:238][  0]LogConfig: Applying CVar settings from Section [/Script/Engine.GarbageCollectionSettings] File [D:/Unreal Projects/Github/GMTKJam2024/GMTK2024/Saved/Config/Windows/Engine.ini]
[2024.08.19-09.50.17:238][  0]LogConfig: Setting CVar [[gc.MaxObjectsNotConsideredByGC:1]]
[2024.08.19-09.50.17:238][  0]LogConfig: Setting CVar [[gc.SizeOfPermanentObjectPool:0]]
[2024.08.19-09.50.17:238][  0]LogConfig: Setting CVar [[gc.FlushStreamingOnGC:0]]
[2024.08.19-09.50.17:238][  0]LogConfig: Setting CVar [[gc.NumRetriesBeforeForcingGC:10]]
[2024.08.19-09.50.17:238][  0]LogConfig: Setting CVar [[gc.AllowParallelGC:1]]
[2024.08.19-09.50.17:238][  0]LogConfig: Setting CVar [[gc.TimeBetweenPurgingPendingKillObjects:61.1]]
[2024.08.19-09.50.17:238][  0]LogConfig: Setting CVar [[gc.MaxObjectsInEditor:25165824]]
[2024.08.19-09.50.17:238][  0]LogConfig: Setting CVar [[gc.IncrementalBeginDestroyEnabled:1]]
[2024.08.19-09.50.17:238][  0]LogConfig: Setting CVar [[gc.CreateGCClusters:1]]
[2024.08.19-09.50.17:238][  0]LogConfig: Setting CVar [[gc.MinGCClusterSize:5]]
[2024.08.19-09.50.17:238][  0]LogConfig: Setting CVar [[gc.ActorClusteringEnabled:0]]
[2024.08.19-09.50.17:238][  0]LogConfig: Setting CVar [[gc.BlueprintClusteringEnabled:0]]
[2024.08.19-09.50.17:238][  0]LogConfig: Setting CVar [[gc.UseDisregardForGCOnDedicatedServers:0]]
[2024.08.19-09.50.17:238][  0]LogConfig: Applying CVar settings from Section [/Script/Engine.NetworkSettings] File [D:/Unreal Projects/Github/GMTKJam2024/GMTK2024/Saved/Config/Windows/Engine.ini]
[2024.08.19-09.50.17:238][  0]LogConfig: Applying CVar settings from Section [/Script/UnrealEd.CookerSettings] File [D:/Unreal Projects/Github/GMTKJam2024/GMTK2024/Saved/Config/Windows/Engine.ini]
[2024.08.19-09.50.17:246][  0]LogConfig: Applying CVar settings from Section [ViewDistanceQuality@3] File [D:/Unreal Projects/Github/GMTKJam2024/GMTK2024/Saved/Config/Windows/Scalability.ini]
[2024.08.19-09.50.17:246][  0]LogConfig: Setting CVar [[r.SkeletalMeshLODBias:0]]
[2024.08.19-09.50.17:246][  0]LogConfig: Setting CVar [[r.ViewDistanceScale:1.0]]
[2024.08.19-09.50.17:246][  0]LogConfig: Applying CVar settings from Section [AntiAliasingQuality@3] File [D:/Unreal Projects/Github/GMTKJam2024/GMTK2024/Saved/Config/Windows/Scalability.ini]
[2024.08.19-09.50.17:246][  0]LogConfig: Setting CVar [[r.PostProcessAAQuality:4]]
[2024.08.19-09.50.17:246][  0]LogConfig: Applying CVar settings from Section [ShadowQuality@3] File [D:/Unreal Projects/Github/GMTKJam2024/GMTK2024/Saved/Config/Windows/Scalability.ini]
[2024.08.19-09.50.17:246][  0]LogConfig: Setting CVar [[r.LightFunctionQuality:1]]
[2024.08.19-09.50.17:246][  0]LogConfig: Setting CVar [[r.ShadowQuality:5]]
[2024.08.19-09.50.17:246][  0]LogConfig: Setting CVar [[r.Shadow.CSM.MaxCascades:10]]
[2024.08.19-09.50.17:246][  0]LogConfig: Setting CVar [[r.Shadow.MaxResolution:2048]]
[2024.08.19-09.50.17:246][  0]LogConfig: Setting CVar [[r.Shadow.MaxCSMResolution:2048]]
[2024.08.19-09.50.17:246][  0]LogConfig: Setting CVar [[r.Shadow.RadiusThreshold:0.01]]
[2024.08.19-09.50.17:246][  0]LogConfig: Setting CVar [[r.Shadow.DistanceScale:1.0]]
[2024.08.19-09.50.17:246][  0]LogConfig: Setting CVar [[r.Shadow.CSM.TransitionScale:1.0]]
[2024.08.19-09.50.17:246][  0]LogConfig: Setting CVar [[r.Shadow.PreShadowResolutionFactor:1.0]]
[2024.08.19-09.50.17:246][  0]LogConfig: Setting CVar [[r.DistanceFieldShadowing:1]]
[2024.08.19-09.50.17:246][  0]LogConfig: Setting CVar [[r.DistanceFieldAO:1]]
[2024.08.19-09.50.17:246][  0]LogConfig: Setting CVar [[r.AOQuality:2]]
[2024.08.19-09.50.17:246][  0]LogConfig: Setting CVar [[r.VolumetricFog:1]]
[2024.08.19-09.50.17:246][  0]LogConfig: Setting CVar [[r.VolumetricFog.GridPixelSize:8]]
[2024.08.19-09.50.17:246][  0]LogConfig: Setting CVar [[r.VolumetricFog.GridSizeZ:128]]
[2024.08.19-09.50.17:246][  0]LogConfig: Setting CVar [[r.VolumetricFog.HistoryMissSupersampleCount:4]]
[2024.08.19-09.50.17:246][  0]LogConfig: Setting CVar [[r.LightMaxDrawDistanceScale:1]]
[2024.08.19-09.50.17:246][  0]LogConfig: Setting CVar [[r.CapsuleShadows:1]]
[2024.08.19-09.50.17:246][  0]LogConfig: Applying CVar settings from Section [PostProcessQuality@3] File [D:/Unreal Projects/Github/GMTKJam2024/GMTK2024/Saved/Config/Windows/Scalability.ini]
[2024.08.19-09.50.17:246][  0]LogConfig: Setting CVar [[r.MotionBlurQuality:4]]
[2024.08.19-09.50.17:246][  0]LogConfig: Setting CVar [[r.AmbientOcclusionMipLevelFactor:0.4]]
[2024.08.19-09.50.17:246][  0]LogConfig: Setting CVar [[r.AmbientOcclusionMaxQuality:100]]
[2024.08.19-09.50.17:247][  0]LogConfig: Setting CVar [[r.AmbientOcclusionLevels:-1]]
[2024.08.19-09.50.17:247][  0]LogConfig: Setting CVar [[r.AmbientOcclusionRadiusScale:1.0]]
[2024.08.19-09.50.17:247][  0]LogConfig: Setting CVar [[r.DepthOfFieldQuality:2]]
[2024.08.19-09.50.17:247][  0]LogConfig: Setting CVar [[r.RenderTargetPoolMin:400]]
[2024.08.19-09.50.17:247][  0]LogConfig: Setting CVar [[r.LensFlareQuality:2]]
[2024.08.19-09.50.17:247][  0]LogConfig: Setting CVar [[r.SceneColorFringeQuality:1]]
[2024.08.19-09.50.17:247][  0]LogConfig: Setting CVar [[r.EyeAdaptationQuality:2]]
[2024.08.19-09.50.17:247][  0]LogConfig: Setting CVar [[r.BloomQuality:5]]
[2024.08.19-09.50.17:247][  0]LogConfig: Setting CVar [[r.FastBlurThreshold:100]]
[2024.08.19-09.50.17:247][  0]LogConfig: Setting CVar [[r.Upscale.Quality:3]]
[2024.08.19-09.50.17:247][  0]LogConfig: Setting CVar [[r.Tonemapper.GrainQuantization:1]]
[2024.08.19-09.50.17:247][  0]LogConfig: Setting CVar [[r.LightShaftQuality:1]]
[2024.08.19-09.50.17:247][  0]LogConfig: Setting CVar [[r.Filter.SizeScale:1]]
[2024.08.19-09.50.17:247][  0]LogConfig: Setting CVar [[r.Tonemapper.Quality:5]]
[2024.08.19-09.50.17:247][  0]LogConfig: Setting CVar [[r.DOF.Gather.AccumulatorQuality:1        ; higher gathering accumulator quality]]
[2024.08.19-09.50.17:247][  0]LogConfig: Setting CVar [[r.DOF.Gather.PostfilterMethod:1          ; Median3x3 postfilering method]]
[2024.08.19-09.50.17:247][  0]LogConfig: Setting CVar [[r.DOF.Gather.EnableBokehSettings:0       ; no bokeh simulation when gathering]]
[2024.08.19-09.50.17:247][  0]LogConfig: Setting CVar [[r.DOF.Gather.RingCount:4                 ; medium number of samples when gathering]]
[2024.08.19-09.50.17:247][  0]LogConfig: Setting CVar [[r.DOF.Scatter.ForegroundCompositing:1    ; additive foreground scattering]]
[2024.08.19-09.50.17:247][  0]LogConfig: Setting CVar [[r.DOF.Scatter.BackgroundCompositing:2    ; additive background scattering]]
[2024.08.19-09.50.17:247][  0]LogConfig: Setting CVar [[r.DOF.Scatter.EnableBokehSettings:1      ; bokeh simulation when scattering]]
[2024.08.19-09.50.17:247][  0]LogConfig: Setting CVar [[r.DOF.Scatter.MaxSpriteRatio:0.1         ; only a maximum of 10% of scattered bokeh]]
[2024.08.19-09.50.17:247][  0]LogConfig: Setting CVar [[r.DOF.Recombine.Quality:1                ; cheap slight out of focus]]
[2024.08.19-09.50.17:247][  0]LogConfig: Setting CVar [[r.DOF.Recombine.EnableBokehSettings:0    ; no bokeh simulation on slight out of focus]]
[2024.08.19-09.50.17:247][  0]LogConfig: Setting CVar [[r.DOF.TemporalAAQuality:1                ; more stable temporal accumulation]]
[2024.08.19-09.50.17:247][  0]LogConfig: Setting CVar [[r.DOF.Kernel.MaxForegroundRadius:0.025]]
[2024.08.19-09.50.17:247][  0]LogConfig: Setting CVar [[r.DOF.Kernel.MaxBackgroundRadius:0.025]]
[2024.08.19-09.50.17:247][  0]LogConfig: Applying CVar settings from Section [TextureQuality@3] File [D:/Unreal Projects/Github/GMTKJam2024/GMTK2024/Saved/Config/Windows/Scalability.ini]
[2024.08.19-09.50.17:247][  0]LogConfig: Setting CVar [[r.Streaming.MipBias:0]]
[2024.08.19-09.50.17:247][  0]LogConfig: Setting CVar [[r.Streaming.AmortizeCPUToGPUCopy:0]]
[2024.08.19-09.50.17:247][  0]LogConfig: Setting CVar [[r.Streaming.MaxNumTexturesToStreamPerFrame:0]]
[2024.08.19-09.50.17:247][  0]LogConfig: Setting CVar [[r.Streaming.Boost:1]]
[2024.08.19-09.50.17:247][  0]LogConfig: Setting CVar [[r.MaxAnisotropy:8]]
[2024.08.19-09.50.17:247][  0]LogConfig: Setting CVar [[r.VT.MaxAnisotropy:8]]
[2024.08.19-09.50.17:247][  0]LogConfig: Setting CVar [[r.Streaming.LimitPoolSizeToVRAM:0]]
[2024.08.19-09.50.17:247][  0]LogConfig: Setting CVar [[r.Streaming.PoolSize:1000]]
[2024.08.19-09.50.17:247][  0]LogConfig: Setting CVar [[r.Streaming.MaxEffectiveScreenSize:0]]
[2024.08.19-09.50.17:247][  0]LogConfig: Applying CVar settings from Section [EffectsQuality@3] File [D:/Unreal Projects/Github/GMTKJam2024/GMTK2024/Saved/Config/Windows/Scalability.ini]
[2024.08.19-09.50.17:247][  0]LogConfig: Setting CVar [[r.TranslucencyLightingVolumeDim:64]]
[2024.08.19-09.50.17:247][  0]LogConfig: Setting CVar [[r.RefractionQuality:2]]
[2024.08.19-09.50.17:247][  0]LogConfig: Setting CVar [[r.SSR.Quality:3]]
[2024.08.19-09.50.17:247][  0]LogConfig: Setting CVar [[r.SSR.HalfResSceneColor:0]]
[2024.08.19-09.50.17:247][  0]LogConfig: Setting CVar [[r.SceneColorFormat:4]]
[2024.08.19-09.50.17:247][  0]LogConfig: Setting CVar [[r.DetailMode:2]]
[2024.08.19-09.50.17:247][  0]LogConfig: Setting CVar [[r.TranslucencyVolumeBlur:1]]
[2024.08.19-09.50.17:247][  0]LogConfig: Setting CVar [[r.MaterialQualityLevel:1 ; High quality]]
[2024.08.19-09.50.17:247][  0]LogConfig: Setting CVar [[r.SSS.Scale:1]]
[2024.08.19-09.50.17:247][  0]LogConfig: Setting CVar [[r.SSS.SampleSet:2]]
[2024.08.19-09.50.17:247][  0]LogConfig: Setting CVar [[r.SSS.Quality:1]]
[2024.08.19-09.50.17:247][  0]LogConfig: Setting CVar [[r.SSS.HalfRes:0]]
[2024.08.19-09.50.17:247][  0]LogConfig: Setting CVar [[r.SSGI.Quality:3]]
[2024.08.19-09.50.17:247][  0]LogConfig: Setting CVar [[r.EmitterSpawnRateScale:1.0]]
[2024.08.19-09.50.17:247][  0]LogConfig: Setting CVar [[r.ParticleLightQuality:2]]
[2024.08.19-09.50.17:247][  0]LogConfig: Setting CVar [[r.SkyAtmosphere.AerialPerspectiveLUT.FastApplyOnOpaque:1 ; Always have FastSkyLUT 1 in this case to avoid wrong sky]]
[2024.08.19-09.50.17:247][  0]LogConfig: Setting CVar [[r.SkyAtmosphere.AerialPerspectiveLUT.SampleCountPerSlice:1]]
[2024.08.19-09.50.17:247][  0]LogConfig: Setting CVar [[r.SkyAtmosphere.AerialPerspectiveLUT.DepthResolution:16.0]]
[2024.08.19-09.50.17:247][  0]LogConfig: Setting CVar [[r.SkyAtmosphere.FastSkyLUT:1]]
[2024.08.19-09.50.17:247][  0]LogConfig: Setting CVar [[r.SkyAtmosphere.FastSkyLUT.SampleCountMin:4.0]]
[2024.08.19-09.50.17:247][  0]LogConfig: Setting CVar [[r.SkyAtmosphere.FastSkyLUT.SampleCountMax:32.0]]
[2024.08.19-09.50.17:247][  0]LogConfig: Setting CVar [[r.SkyAtmosphere.SampleCountMin:4.0]]
[2024.08.19-09.50.17:247][  0]LogConfig: Setting CVar [[r.SkyAtmosphere.SampleCountMax:32.0]]
[2024.08.19-09.50.17:247][  0]LogConfig: Setting CVar [[r.SkyAtmosphere.TransmittanceLUT.UseSmallFormat:0]]
[2024.08.19-09.50.17:247][  0]LogConfig: Setting CVar [[r.SkyAtmosphere.TransmittanceLUT.SampleCount:10.0]]
[2024.08.19-09.50.17:247][  0]LogConfig: Setting CVar [[r.SkyAtmosphere.MultiScatteringLUT.SampleCount:15.0]]
[2024.08.19-09.50.17:247][  0]LogConfig: Applying CVar settings from Section [FoliageQuality@3] File [D:/Unreal Projects/Github/GMTKJam2024/GMTK2024/Saved/Config/Windows/Scalability.ini]
[2024.08.19-09.50.17:247][  0]LogConfig: Setting CVar [[foliage.DensityScale:1.0]]
[2024.08.19-09.50.17:247][  0]LogConfig: Setting CVar [[grass.DensityScale:1.0]]
[2024.08.19-09.50.17:247][  0]LogConfig: Applying CVar settings from Section [ShadingQuality@3] File [D:/Unreal Projects/Github/GMTKJam2024/GMTK2024/Saved/Config/Windows/Scalability.ini]
[2024.08.19-09.50.17:248][  0]LogConfig: Setting CVar [[r.HairStrands.SkyLighting.SampleCount:16]]
[2024.08.19-09.50.17:248][  0]LogConfig: Setting CVar [[r.HairStrands.SkyLighting.JitterIntegration:0]]
[2024.08.19-09.50.17:248][  0]LogConfig: Setting CVar [[r.HairStrands.SkyAO.SampleCount:16]]
[2024.08.19-09.50.17:248][  0]LogConfig: Setting CVar [[r.HairStrands.DeepShadow.SuperSampling:0]]
[2024.08.19-09.50.17:248][  0]LogConfig: Setting CVar [[r.HairStrands.VisibilityPPLL:0]]
[2024.08.19-09.50.17:248][  0]LogConfig: Setting CVar [[r.HairStrands.RasterizationScale:0.5]]
[2024.08.19-09.50.17:248][  0]LogConfig: Setting CVar [[r.HairStrands.VelocityRasterizationScale:1]]
[2024.08.19-09.50.17:248][  0]LogInit: Selected Device Profile: [Windows]
[2024.08.19-09.50.17:248][  0]LogInit: Applying CVar settings loaded from the selected device profile: [Windows]
[2024.08.19-09.50.17:248][  0]LogHAL: Display: Platform has ~ 24 GB [25694081024 / 34359738368 / 24], which maps to Larger [LargestMinGB=32, LargerMinGB=12, DefaultMinGB=8, SmallerMinGB=6, SmallestMinGB=0)
[2024.08.19-09.50.17:248][  0]LogInit: Going up to parent DeviceProfile []
[2024.08.19-09.50.17:248][  0]LogConfig: Applying CVar settings from Section [ViewDistanceQuality@3] File [D:/Unreal Projects/Github/GMTKJam2024/GMTK2024/Saved/Config/Windows/Scalability.ini]
[2024.08.19-09.50.17:248][  0]LogConfig: Setting CVar [[r.SkeletalMeshLODBias:0]]
[2024.08.19-09.50.17:248][  0]LogConfig: Setting CVar [[r.ViewDistanceScale:1.0]]
[2024.08.19-09.50.17:248][  0]LogConfig: Applying CVar settings from Section [AntiAliasingQuality@3] File [D:/Unreal Projects/Github/GMTKJam2024/GMTK2024/Saved/Config/Windows/Scalability.ini]
[2024.08.19-09.50.17:248][  0]LogConfig: Setting CVar [[r.PostProcessAAQuality:4]]
[2024.08.19-09.50.17:248][  0]LogConfig: Applying CVar settings from Section [ShadowQuality@3] File [D:/Unreal Projects/Github/GMTKJam2024/GMTK2024/Saved/Config/Windows/Scalability.ini]
[2024.08.19-09.50.17:248][  0]LogConfig: Setting CVar [[r.LightFunctionQuality:1]]
[2024.08.19-09.50.17:248][  0]LogConfig: Setting CVar [[r.ShadowQuality:5]]
[2024.08.19-09.50.17:248][  0]LogConfig: Setting CVar [[r.Shadow.CSM.MaxCascades:10]]
[2024.08.19-09.50.17:248][  0]LogConfig: Setting CVar [[r.Shadow.MaxResolution:2048]]
[2024.08.19-09.50.17:248][  0]LogConfig: Setting CVar [[r.Shadow.MaxCSMResolution:2048]]
[2024.08.19-09.50.17:248][  0]LogConfig: Setting CVar [[r.Shadow.RadiusThreshold:0.01]]
[2024.08.19-09.50.17:248][  0]LogConfig: Setting CVar [[r.Shadow.DistanceScale:1.0]]
[2024.08.19-09.50.17:248][  0]LogConfig: Setting CVar [[r.Shadow.CSM.TransitionScale:1.0]]
[2024.08.19-09.50.17:248][  0]LogConfig: Setting CVar [[r.Shadow.PreShadowResolutionFactor:1.0]]
[2024.08.19-09.50.17:248][  0]LogConfig: Setting CVar [[r.DistanceFieldShadowing:1]]
[2024.08.19-09.50.17:248][  0]LogConfig: Setting CVar [[r.DistanceFieldAO:1]]
[2024.08.19-09.50.17:248][  0]LogConfig: Setting CVar [[r.AOQuality:2]]
[2024.08.19-09.50.17:248][  0]LogConfig: Setting CVar [[r.VolumetricFog:1]]
[2024.08.19-09.50.17:248][  0]LogConfig: Setting CVar [[r.VolumetricFog.GridPixelSize:8]]
[2024.08.19-09.50.17:248][  0]LogConfig: Setting CVar [[r.VolumetricFog.GridSizeZ:128]]
[2024.08.19-09.50.17:248][  0]LogConfig: Setting CVar [[r.VolumetricFog.HistoryMissSupersampleCount:4]]
[2024.08.19-09.50.17:248][  0]LogConfig: Setting CVar [[r.LightMaxDrawDistanceScale:1]]
[2024.08.19-09.50.17:248][  0]LogConfig: Setting CVar [[r.CapsuleShadows:1]]
[2024.08.19-09.50.17:248][  0]LogConfig: Applying CVar settings from Section [PostProcessQuality@3] File [D:/Unreal Projects/Github/GMTKJam2024/GMTK2024/Saved/Config/Windows/Scalability.ini]
[2024.08.19-09.50.17:248][  0]LogConfig: Setting CVar [[r.MotionBlurQuality:4]]
[2024.08.19-09.50.17:248][  0]LogConfig: Setting CVar [[r.AmbientOcclusionMipLevelFactor:0.4]]
[2024.08.19-09.50.17:248][  0]LogConfig: Setting CVar [[r.AmbientOcclusionMaxQuality:100]]
[2024.08.19-09.50.17:248][  0]LogConfig: Setting CVar [[r.AmbientOcclusionLevels:-1]]
[2024.08.19-09.50.17:248][  0]LogConfig: Setting CVar [[r.AmbientOcclusionRadiusScale:1.0]]
[2024.08.19-09.50.17:248][  0]LogConfig: Setting CVar [[r.DepthOfFieldQuality:2]]
[2024.08.19-09.50.17:248][  0]LogConfig: Setting CVar [[r.RenderTargetPoolMin:400]]
[2024.08.19-09.50.17:248][  0]LogConfig: Setting CVar [[r.LensFlareQuality:2]]
[2024.08.19-09.50.17:248][  0]LogConfig: Setting CVar [[r.SceneColorFringeQuality:1]]
[2024.08.19-09.50.17:248][  0]LogConfig: Setting CVar [[r.EyeAdaptationQuality:2]]
[2024.08.19-09.50.17:248][  0]LogConfig: Setting CVar [[r.BloomQuality:5]]
[2024.08.19-09.50.17:248][  0]LogConfig: Setting CVar [[r.FastBlurThreshold:100]]
[2024.08.19-09.50.17:248][  0]LogConfig: Setting CVar [[r.Upscale.Quality:3]]
[2024.08.19-09.50.17:248][  0]LogConfig: Setting CVar [[r.Tonemapper.GrainQuantization:1]]
[2024.08.19-09.50.17:248][  0]LogConfig: Setting CVar [[r.LightShaftQuality:1]]
[2024.08.19-09.50.17:248][  0]LogConfig: Setting CVar [[r.Filter.SizeScale:1]]
[2024.08.19-09.50.17:248][  0]LogConfig: Setting CVar [[r.Tonemapper.Quality:5]]
[2024.08.19-09.50.17:248][  0]LogConfig: Setting CVar [[r.DOF.Gather.AccumulatorQuality:1        ; higher gathering accumulator quality]]
[2024.08.19-09.50.17:248][  0]LogConfig: Setting CVar [[r.DOF.Gather.PostfilterMethod:1          ; Median3x3 postfilering method]]
[2024.08.19-09.50.17:248][  0]LogConfig: Setting CVar [[r.DOF.Gather.EnableBokehSettings:0       ; no bokeh simulation when gathering]]
[2024.08.19-09.50.17:248][  0]LogConfig: Setting CVar [[r.DOF.Gather.RingCount:4                 ; medium number of samples when gathering]]
[2024.08.19-09.50.17:248][  0]LogConfig: Setting CVar [[r.DOF.Scatter.ForegroundCompositing:1    ; additive foreground scattering]]
[2024.08.19-09.50.17:248][  0]LogConfig: Setting CVar [[r.DOF.Scatter.BackgroundCompositing:2    ; additive background scattering]]
[2024.08.19-09.50.17:248][  0]LogConfig: Setting CVar [[r.DOF.Scatter.EnableBokehSettings:1      ; bokeh simulation when scattering]]
[2024.08.19-09.50.17:248][  0]LogConfig: Setting CVar [[r.DOF.Scatter.MaxSpriteRatio:0.1         ; only a maximum of 10% of scattered bokeh]]
[2024.08.19-09.50.17:249][  0]LogConfig: Setting CVar [[r.DOF.Recombine.Quality:1                ; cheap slight out of focus]]
[2024.08.19-09.50.17:249][  0]LogConfig: Setting CVar [[r.DOF.Recombine.EnableBokehSettings:0    ; no bokeh simulation on slight out of focus]]
[2024.08.19-09.50.17:249][  0]LogConfig: Setting CVar [[r.DOF.TemporalAAQuality:1                ; more stable temporal accumulation]]
[2024.08.19-09.50.17:249][  0]LogConfig: Setting CVar [[r.DOF.Kernel.MaxForegroundRadius:0.025]]
[2024.08.19-09.50.17:249][  0]LogConfig: Setting CVar [[r.DOF.Kernel.MaxBackgroundRadius:0.025]]
[2024.08.19-09.50.17:249][  0]LogConfig: Applying CVar settings from Section [TextureQuality@3] File [D:/Unreal Projects/Github/GMTKJam2024/GMTK2024/Saved/Config/Windows/Scalability.ini]
[2024.08.19-09.50.17:249][  0]LogConfig: Setting CVar [[r.Streaming.MipBias:0]]
[2024.08.19-09.50.17:249][  0]LogConfig: Setting CVar [[r.Streaming.AmortizeCPUToGPUCopy:0]]
[2024.08.19-09.50.17:249][  0]LogConfig: Setting CVar [[r.Streaming.MaxNumTexturesToStreamPerFrame:0]]
[2024.08.19-09.50.17:249][  0]LogConfig: Setting CVar [[r.Streaming.Boost:1]]
[2024.08.19-09.50.17:249][  0]LogConfig: Setting CVar [[r.MaxAnisotropy:8]]
[2024.08.19-09.50.17:249][  0]LogConfig: Setting CVar [[r.VT.MaxAnisotropy:8]]
[2024.08.19-09.50.17:249][  0]LogConfig: Setting CVar [[r.Streaming.LimitPoolSizeToVRAM:0]]
[2024.08.19-09.50.17:249][  0]LogConfig: Setting CVar [[r.Streaming.PoolSize:1000]]
[2024.08.19-09.50.17:249][  0]LogConfig: Setting CVar [[r.Streaming.MaxEffectiveScreenSize:0]]
[2024.08.19-09.50.17:249][  0]LogConfig: Applying CVar settings from Section [EffectsQuality@3] File [D:/Unreal Projects/Github/GMTKJam2024/GMTK2024/Saved/Config/Windows/Scalability.ini]
[2024.08.19-09.50.17:249][  0]LogConfig: Setting CVar [[r.TranslucencyLightingVolumeDim:64]]
[2024.08.19-09.50.17:249][  0]LogConfig: Setting CVar [[r.RefractionQuality:2]]
[2024.08.19-09.50.17:249][  0]LogConfig: Setting CVar [[r.SSR.Quality:3]]
[2024.08.19-09.50.17:249][  0]LogConfig: Setting CVar [[r.SSR.HalfResSceneColor:0]]
[2024.08.19-09.50.17:249][  0]LogConfig: Setting CVar [[r.SceneColorFormat:4]]
[2024.08.19-09.50.17:249][  0]LogConfig: Setting CVar [[r.DetailMode:2]]
[2024.08.19-09.50.17:249][  0]LogConfig: Setting CVar [[r.TranslucencyVolumeBlur:1]]
[2024.08.19-09.50.17:249][  0]LogConfig: Setting CVar [[r.MaterialQualityLevel:1 ; High quality]]
[2024.08.19-09.50.17:249][  0]LogConfig: Setting CVar [[r.SSS.Scale:1]]
[2024.08.19-09.50.17:249][  0]LogConfig: Setting CVar [[r.SSS.SampleSet:2]]
[2024.08.19-09.50.17:249][  0]LogConfig: Setting CVar [[r.SSS.Quality:1]]
[2024.08.19-09.50.17:249][  0]LogConfig: Setting CVar [[r.SSS.HalfRes:0]]
[2024.08.19-09.50.17:249][  0]LogConfig: Setting CVar [[r.SSGI.Quality:3]]
[2024.08.19-09.50.17:249][  0]LogConfig: Setting CVar [[r.EmitterSpawnRateScale:1.0]]
[2024.08.19-09.50.17:249][  0]LogConfig: Setting CVar [[r.ParticleLightQuality:2]]
[2024.08.19-09.50.17:249][  0]LogConfig: Setting CVar [[r.SkyAtmosphere.AerialPerspectiveLUT.FastApplyOnOpaque:1 ; Always have FastSkyLUT 1 in this case to avoid wrong sky]]
[2024.08.19-09.50.17:249][  0]LogConfig: Setting CVar [[r.SkyAtmosphere.AerialPerspectiveLUT.SampleCountPerSlice:1]]
[2024.08.19-09.50.17:249][  0]LogConfig: Setting CVar [[r.SkyAtmosphere.AerialPerspectiveLUT.DepthResolution:16.0]]
[2024.08.19-09.50.17:249][  0]LogConfig: Setting CVar [[r.SkyAtmosphere.FastSkyLUT:1]]
[2024.08.19-09.50.17:249][  0]LogConfig: Setting CVar [[r.SkyAtmosphere.FastSkyLUT.SampleCountMin:4.0]]
[2024.08.19-09.50.17:249][  0]LogConfig: Setting CVar [[r.SkyAtmosphere.FastSkyLUT.SampleCountMax:32.0]]
[2024.08.19-09.50.17:249][  0]LogConfig: Setting CVar [[r.SkyAtmosphere.SampleCountMin:4.0]]
[2024.08.19-09.50.17:249][  0]LogConfig: Setting CVar [[r.SkyAtmosphere.SampleCountMax:32.0]]
[2024.08.19-09.50.17:249][  0]LogConfig: Setting CVar [[r.SkyAtmosphere.TransmittanceLUT.UseSmallFormat:0]]
[2024.08.19-09.50.17:249][  0]LogConfig: Setting CVar [[r.SkyAtmosphere.TransmittanceLUT.SampleCount:10.0]]
[2024.08.19-09.50.17:249][  0]LogConfig: Setting CVar [[r.SkyAtmosphere.MultiScatteringLUT.SampleCount:15.0]]
[2024.08.19-09.50.17:249][  0]LogConfig: Applying CVar settings from Section [FoliageQuality@3] File [D:/Unreal Projects/Github/GMTKJam2024/GMTK2024/Saved/Config/Windows/Scalability.ini]
[2024.08.19-09.50.17:249][  0]LogConfig: Setting CVar [[foliage.DensityScale:1.0]]
[2024.08.19-09.50.17:249][  0]LogConfig: Setting CVar [[grass.DensityScale:1.0]]
[2024.08.19-09.50.17:249][  0]LogConfig: Applying CVar settings from Section [ShadingQuality@3] File [D:/Unreal Projects/Github/GMTKJam2024/GMTK2024/Saved/Config/Windows/Scalability.ini]
[2024.08.19-09.50.17:249][  0]LogConfig: Setting CVar [[r.HairStrands.SkyLighting.SampleCount:16]]
[2024.08.19-09.50.17:249][  0]LogConfig: Setting CVar [[r.HairStrands.SkyLighting.JitterIntegration:0]]
[2024.08.19-09.50.17:249][  0]LogConfig: Setting CVar [[r.HairStrands.SkyAO.SampleCount:16]]
[2024.08.19-09.50.17:249][  0]LogConfig: Setting CVar [[r.HairStrands.DeepShadow.SuperSampling:0]]
[2024.08.19-09.50.17:249][  0]LogConfig: Setting CVar [[r.HairStrands.VisibilityPPLL:0]]
[2024.08.19-09.50.17:249][  0]LogConfig: Setting CVar [[r.HairStrands.RasterizationScale:0.5]]
[2024.08.19-09.50.17:249][  0]LogConfig: Setting CVar [[r.HairStrands.VelocityRasterizationScale:1]]
[2024.08.19-09.50.17:249][  0]LogConfig: Applying CVar settings from Section [Startup] File [../../../Engine/Config/ConsoleVariables.ini]
[2024.08.19-09.50.17:250][  0]LogConfig: Setting CVar [[net.UseAdaptiveNetUpdateFrequency:0]]
[2024.08.19-09.50.17:250][  0]LogConfig: Setting CVar [[p.chaos.AllowCreatePhysxBodies:1]]
[2024.08.19-09.50.17:250][  0]LogConfig: Setting CVar [[fx.SkipVectorVMBackendOptimizations:1]]
[2024.08.19-09.50.17:250][  0]LogConfig: Applying CVar settings from Section [ConsoleVariables] File [D:/Unreal Projects/Github/GMTKJam2024/GMTK2024/Saved/Config/Windows/Engine.ini]
[2024.08.19-09.50.17:250][  0]LogInit: Computer: DESKTOP-V7FN6FK
[2024.08.19-09.50.17:250][  0]LogInit: User: 12sha
[2024.08.19-09.50.17:250][  0]LogInit: CPU Page size=4096, Cores=8
[2024.08.19-09.50.17:250][  0]LogInit: High frequency timer resolution =10.000000 MHz
[2024.08.19-09.50.17:250][  0]LogMemory: Memory total: Physical=23.9GB (24GB approx)
[2024.08.19-09.50.17:250][  0]LogMemory: Platform Memory Stats for Windows
[2024.08.19-09.50.17:250][  0]LogMemory: Process Physical Memory: 118.66 MB used, 118.67 MB peak
[2024.08.19-09.50.17:250][  0]LogMemory: Process Virtual Memory: 106.66 MB used, 106.66 MB peak
[2024.08.19-09.50.17:250][  0]LogMemory: Physical Memory: 18074.18 MB used,  6429.61 MB free, 24503.79 MB total
[2024.08.19-09.50.17:250][  0]LogMemory: Virtual Memory: 5196.18 MB used,  134212528.00 MB free, 134217728.00 MB total
[2024.08.19-09.50.17:260][  0]LogWindows: WindowsPlatformFeatures enabled
[2024.08.19-09.50.17:663][  0]LogInit: Physics initialised using underlying interface: PhysX
[2024.08.19-09.50.17:678][  0]LogInit: Using OS detected language (en-GB).
[2024.08.19-09.50.17:678][  0]LogInit: Using OS detected locale (en-GB).
[2024.08.19-09.50.17:682][  0]LogTextLocalizationManager: No specific localization for 'en-GB' exists, so the 'en' localization will be used.
[2024.08.19-09.50.18:658][  0]LogInit: Setting process to per monitor DPI aware
[2024.08.19-09.50.19:138][  0]LogSlate: New Slate User Created.  User Index 0, Is Virtual User: 0
[2024.08.19-09.50.19:138][  0]LogSlate: Slate User Registered.  User Index 0, Is Virtual User: 0
[2024.08.19-09.50.23:311][  0]LogHMD: Failed to initialize OpenVR with code 110
[2024.08.19-09.50.23:311][  0]LogD3D11RHI: D3D11 min allowed feature level: 11_0
[2024.08.19-09.50.23:311][  0]LogD3D11RHI: D3D11 max allowed feature level: 11_0
[2024.08.19-09.50.23:311][  0]LogD3D11RHI: D3D11 adapters:
[2024.08.19-09.50.23:376][  0]LogD3D11RHI:    0. 'AMD Radeon RX 5700 XT' (Feature Level 11_0)
[2024.08.19-09.50.23:376][  0]LogD3D11RHI:       8151/0/12251 MB DedicatedVideo/DedicatedSystem/SharedSystem, Outputs:2, VendorId:0x1002
[2024.08.19-09.50.23:379][  0]LogD3D11RHI:    1. 'Microsoft Basic Render Driver' (Feature Level 11_0)
[2024.08.19-09.50.23:379][  0]LogD3D11RHI:       0/0/12251 MB DedicatedVideo/DedicatedSystem/SharedSystem, Outputs:0, VendorId:0x1414
[2024.08.19-09.50.23:379][  0]LogD3D11RHI: Chosen D3D11 Adapter: 0
[2024.08.19-09.50.23:392][  0]LogD3D11RHI: Creating new Direct3DDevice
[2024.08.19-09.50.23:392][  0]LogD3D11RHI:     GPU DeviceId: 0x731f (for the marketing name, search the web for "GPU Device Id")
[2024.08.19-09.50.23:392][  0]LogWindows: EnumDisplayDevices:
[2024.08.19-09.50.23:392][  0]LogWindows:    0. 'AMD Radeon RX 5700 XT' (P:0 D:1)
[2024.08.19-09.50.23:392][  0]LogWindows:    1. 'AMD Radeon RX 5700 XT' (P:1 D:1)
[2024.08.19-09.50.23:393][  0]LogWindows:    2. 'AMD Radeon RX 5700 XT' (P:0 D:0)
[2024.08.19-09.50.23:393][  0]LogWindows:    3. 'AMD Radeon RX 5700 XT' (P:0 D:0)
[2024.08.19-09.50.23:393][  0]LogWindows:    4. 'AMD Radeon RX 5700 XT' (P:0 D:0)
[2024.08.19-09.50.23:393][  0]LogWindows:    5. 'AMD Radeon RX 5700 XT' (P:0 D:0)
[2024.08.19-09.50.23:394][  0]LogWindows:    6. 'AMD Radeon RX 5700 XT' (P:0 D:0)
[2024.08.19-09.50.23:394][  0]LogWindows: DebugString: FoundDriverCount:7 
[2024.08.19-09.50.23:394][  0]LogD3D11RHI:     Adapter Name: AMD Radeon RX 5700 XT
[2024.08.19-09.50.23:394][  0]LogD3D11RHI:   Driver Version: AMD Software: Adrenalin Edition 24.5.1 (internal:31.0.24033.1003, unified:31.0.24033.1003)
[2024.08.19-09.50.23:394][  0]LogD3D11RHI:      Driver Date: 5-8-2024
[2024.08.19-09.50.23:394][  0]LogRHI: Texture pool is 5168 MB (70% of 7383 MB)
[2024.08.19-09.50.23:503][  0]LogD3D11RHI: RHI has support for 64 bit atomics
[2024.08.19-09.50.23:503][  0]LogD3D11RHI: Async texture creation enabled
[2024.08.19-09.50.23:503][  0]LogD3D11RHI: Array index from any shader is supported
[2024.08.19-09.50.23:515][  0]LogD3D11RHI: GPU Timing Frequency: 100.000000 (Debug: 2 1)
[2024.08.19-09.50.23:849][  0]LogTargetPlatformManager: Display: Loaded TargetPlatform 'AllDesktop'
[2024.08.19-09.50.23:885][  0]LogTargetPlatformManager: Display: Loaded TargetPlatform 'Android'
[2024.08.19-09.50.23:885][  0]LogTargetPlatformManager: Display: Loaded TargetPlatform 'Android_ASTC'
[2024.08.19-09.50.23:885][  0]LogTargetPlatformManager: Display: Loaded TargetPlatform 'Android_DXT'
[2024.08.19-09.50.23:885][  0]LogTargetPlatformManager: Display: Loaded TargetPlatform 'Android_ETC2'
[2024.08.19-09.50.23:885][  0]LogTargetPlatformManager: Display: Loaded TargetPlatform 'AndroidClient'
[2024.08.19-09.50.23:885][  0]LogTargetPlatformManager: Display: Loaded TargetPlatform 'Android_ASTCClient'
[2024.08.19-09.50.23:885][  0]LogTargetPlatformManager: Display: Loaded TargetPlatform 'Android_DXTClient'
[2024.08.19-09.50.23:885][  0]LogTargetPlatformManager: Display: Loaded TargetPlatform 'Android_ETC2Client'
[2024.08.19-09.50.23:885][  0]LogTargetPlatformManager: Display: Loaded TargetPlatform 'Android_Multi'
[2024.08.19-09.50.23:885][  0]LogTargetPlatformManager: Display: Loaded TargetPlatform 'Android_MultiClient'
[2024.08.19-09.50.24:031][  0]LogTargetPlatformManager: Display: Loaded TargetPlatform 'IOSClient'
[2024.08.19-09.50.24:031][  0]LogTargetPlatformManager: Display: Loaded TargetPlatform 'IOS'
[2024.08.19-09.50.24:043][  0]LogTargetPlatformManager: Display: Loaded TargetPlatform 'Linux'
[2024.08.19-09.50.24:072][  0]LogTargetPlatformManager: Display: Loaded TargetPlatform 'LinuxNoEditor'
[2024.08.19-09.50.24:082][  0]LogTargetPlatformManager: Display: Loaded TargetPlatform 'LinuxClient'
[2024.08.19-09.50.24:091][  0]LogTargetPlatformManager: Display: Loaded TargetPlatform 'LinuxServer'
[2024.08.19-09.50.24:101][  0]LogTargetPlatformManager: Display: Loaded TargetPlatform 'LinuxAArch64NoEditor'
[2024.08.19-09.50.24:110][  0]LogTargetPlatformManager: Display: Loaded TargetPlatform 'LinuxAArch64Client'
[2024.08.19-09.50.24:120][  0]LogTargetPlatformManager: Display: Loaded TargetPlatform 'LinuxAArch64Server'
[2024.08.19-09.50.24:170][  0]LogTargetPlatformManager: Display: Loaded TargetPlatform 'Lumin'
[2024.08.19-09.50.24:170][  0]LogTargetPlatformManager: Display: Loaded TargetPlatform 'LuminClient'
[2024.08.19-09.50.24:199][  0]LogTargetPlatformManager: Display: Loaded TargetPlatform 'TVOSClient'
[2024.08.19-09.50.24:199][  0]LogTargetPlatformManager: Display: Loaded TargetPlatform 'TVOS'
[2024.08.19-09.50.24:209][  0]LogTargetPlatformManager: Display: Loaded TargetPlatform 'WindowsNoEditor'
[2024.08.19-09.50.24:261][  0]LogTargetPlatformManager: Display: Loaded TargetPlatform 'Windows'
[2024.08.19-09.50.24:295][  0]LogTargetPlatformManager: Display: Loaded TargetPlatform 'WindowsClient'
[2024.08.19-09.50.24:306][  0]LogTargetPlatformManager: Display: Loaded TargetPlatform 'WindowsServer'
[2024.08.19-09.50.24:306][  0]LogTargetPlatformManager: Display: Building Assets For Windows
[2024.08.19-09.50.24:386][  0]LogAudioDebug: Display: Lib vorbis DLL was dynamically loaded.
[2024.08.19-09.50.24:893][  0]LogShaderCompilers: Guid format shader working directory is -19 characters bigger than the processId version (../../../../../../../Unreal Projects/Github/GMTKJam2024/GMTK2024/Intermediate/Shaders/WorkingDirectory/20760/).
[2024.08.19-09.50.24:893][  0]LogShaderCompilers: Cleaned the shader compiler working directory 'C:/Users/12sha/AppData/Local/Temp/UnrealShaderWorkingDir/A8D77F29415B843AFC314180F2DDADC6/'.
[2024.08.19-09.50.24:908][  0]LogXGEController: Cleaning working directory: C:/Users/12sha/AppData/Local/Temp/UnrealXGEWorkingDir/
[2024.08.19-09.50.24:908][  0]LogXGEController: Cannot use XGE Controller as Incredibuild is not installed on this machine.
[2024.08.19-09.50.24:908][  0]LogShaderCompilers: Cannot use XGE Shader Compiler as Incredibuild is not installed on this machine.
[2024.08.19-09.50.24:908][  0]LogShaderCompilers: Display: Using Local Shader Compiler.
[2024.08.19-09.50.29:748][  0]LogDerivedDataCache: Display: Max Cache Size: 512 MB
[2024.08.19-09.50.29:950][  0]LogDerivedDataCache: Loaded boot cache 0.20s 79MB C:/Users/12sha/AppData/Local/UnrealEngine/4.25/DerivedDataCache/Boot.ddc.
[2024.08.19-09.50.29:950][  0]LogDerivedDataCache: Display: Loaded Boot cache: C:/Users/12sha/AppData/Local/UnrealEngine/4.25/DerivedDataCache/Boot.ddc
[2024.08.19-09.50.29:950][  0]LogDerivedDataCache: FDerivedDataBackendGraph:  Pak pak cache file ../../../../../../../Unreal Projects/Github/GMTKJam2024/GMTK2024/DerivedDataCache/DDC.ddp not found, will not use a pak cache.
[2024.08.19-09.50.29:950][  0]LogDerivedDataCache: Unable to find inner node Pak for hierarchical cache Hierarchy.
[2024.08.19-09.50.29:950][  0]LogDerivedDataCache: FDerivedDataBackendGraph:  CompressedPak pak cache file ../../../../../../../Unreal Projects/Github/GMTKJam2024/GMTK2024/DerivedDataCache/Compressed.ddp not found, will not use a pak cache.
[2024.08.19-09.50.29:950][  0]LogDerivedDataCache: Unable to find inner node CompressedPak for hierarchical cache Hierarchy.
[2024.08.19-09.50.29:960][  0]LogDerivedDataCache: Display: Pak cache opened for reading ../../../Engine/DerivedDataCache/Compressed.ddp.
[2024.08.19-09.50.29:960][  0]LogDerivedDataCache: FDerivedDataBackendGraph:  EnterprisePak pak cache file ../../../Enterprise/DerivedDataCache/Compressed.ddp not found, will not use a pak cache.
[2024.08.19-09.50.29:960][  0]LogDerivedDataCache: Unable to find inner node EnterprisePak for hierarchical cache Hierarchy.
[2024.08.19-09.50.29:961][  0]LogDerivedDataCache: Using Local data cache path C:/Users/12sha/AppData/Local/UnrealEngine/Common/DerivedDataCache: Writable
[2024.08.19-09.50.29:961][  0]LogDerivedDataCache: Shared data cache path not found in *engine.ini, will not use an Shared cache.
[2024.08.19-09.50.29:961][  0]LogDerivedDataCache: Unable to find inner node Shared for hierarchical cache Hierarchy.
[2024.08.19-09.50.30:005][  0]LogSlate: Using FreeType 2.10.0
[2024.08.19-09.50.30:051][  0]LogSlate: SlateFontServices - WITH_FREETYPE: 1, WITH_HARFBUZZ: 1
[2024.08.19-09.50.31:169][  0]LogAssetRegistry: FAssetRegistry took 0.0029 seconds to start up
[2024.08.19-09.50.31:411][  0]LogInit: Selected Device Profile: [Windows]
[2024.08.19-09.50.31:757][  0]LogMeshReduction: Using QuadricMeshReduction for automatic static mesh reduction
[2024.08.19-09.50.31:757][  0]LogMeshReduction: Using SimplygonMeshReduction for automatic skeletal mesh reduction
[2024.08.19-09.50.31:757][  0]LogMeshReduction: Using ProxyLODMeshReduction for automatic mesh merging
[2024.08.19-09.50.31:757][  0]LogMeshReduction: No distributed automatic mesh merging module available
[2024.08.19-09.50.31:757][  0]LogMeshMerging: No distributed automatic mesh merging module available
[2024.08.19-09.50.31:773][  0]LogNetVersion: GMTK2024 1.0.0, NetCL: 13144385, EngineNetVer: 14, GameNetVer: 0 (Checksum: 1982070914)
[2024.08.19-09.50.39:544][  0]LogAISub: UAISubsystem::UAISubsystem AISubsystem (0000021543391780), frame # 0
[2024.08.19-09.50.39:544][  0]LogAISub: UAISubsystem::UAISubsystem AIPerceptionSystem (0000021543241E40), frame # 0
[2024.08.19-09.50.39:545][  0]LogAISub: UAISubsystem::UAISubsystem EnvQueryManager (0000021543291C00), frame # 0
[2024.08.19-09.50.39:595][  0]LogPackageLocalizationCache: Processed 19 localized package path(s) for 1 prioritized culture(s) in 0.025691 seconds
[2024.08.19-09.50.39:600][  0]LogUObjectArray: 15917 objects as part of root set at end of initial load.
[2024.08.19-09.50.39:600][  0]LogUObjectAllocator: 3965568 out of 0 bytes used by permanent object pool.
[2024.08.19-09.50.39:600][  0]LogUObjectArray: CloseDisregardForGC: 0/0 objects in disregard for GC pool
[2024.08.19-09.50.41:981][  0]LogTcpMessaging: Initializing TcpMessaging bridge
[2024.08.19-09.50.41:996][  0]LogUdpMessaging: Initializing bridge on interface 0.0.0.0:0 to multicast group 230.0.0.1:6666.
[2024.08.19-09.50.42:600][  0]LogLinker: Warning: Failed to load '/Game/2DSideScrollerBP/2DSideScrollerOverview': Can't find file.
[2024.08.19-09.50.42:600][  0]LogLinker: Warning: Failed to load '/Game/2DSideScrollerBP/2DSideScrollerOverview': Can't find file.
[2024.08.19-09.50.42:600][  0]LogUObjectGlobals: Warning: Failed to find object 'Class /Game/2DSideScrollerBP/2DSideScrollerOverview.2DSideScrollerOverview_C'
[2024.08.19-09.50.42:830][  0]SourceControl: Source control is disabled
[2024.08.19-09.50.42:830][  0]SourceControl: Source control is disabled
[2024.08.19-09.50.42:870][  0]SourceControl: Source control is disabled
[2024.08.19-09.50.42:905][  0]SourceControl: Source control is disabled
[2024.08.19-09.50.42:970][  0]SourceControl: Source control is disabled
[2024.08.19-09.50.44:497][  0]LogAndroidPermission: UAndroidPermissionCallbackProxy::GetInstance
[2024.08.19-09.50.44:604][  0]LogAudioCaptureCore: Display: No Audio Capture implementations found. Audio input will be silent.
[2024.08.19-09.50.44:604][  0]LogAudioCaptureCore: Display: No Audio Capture implementations found. Audio input will be silent.
[2024.08.19-09.50.44:888][  0]LogOcInput: OculusInput pre-init called
[2024.08.19-09.50.44:928][  0]LogWindows: Failed to load 'OVRPlugin.dll' (GetLastError=126)
[2024.08.19-09.50.44:929][  0]LogWindows: File 'OVRPlugin.dll' does not exist
[2024.08.19-09.50.45:168][  0]LogEngine: Initializing Engine...
[2024.08.19-09.50.45:169][  0]LogHMD: Failed to initialize OpenVR with code 110
[2024.08.19-09.50.45:169][  0]LogMagicLeap: Warning: VR disabled because ZI is not enabled.  To enable, in the editor, Edit -> Project Settings -> Plugins -> Magic Leap Plugin -> Enable Zero Iteration
[2024.08.19-09.50.45:170][  0]LogStats: UGameplayTagsManager::InitializeManager -  0.000 s
[2024.08.19-09.50.45:278][  0]LogInit: Initializing FReadOnlyCVARCache
[2024.08.19-09.50.45:348][  0]LogAIModule: Creating AISystem for world Untitled
[2024.08.19-09.50.45:348][  0]LogAISub: UAISubsystem::UAISubsystem EnvQueryManager (000002154C855E00), frame # 0
[2024.08.19-09.50.45:348][  0]LogAISub: UAISubsystem::UAISubsystem AIPerceptionSystem (000002154C85F4C0), frame # 0
[2024.08.19-09.50.45:419][  0]LogAudioMixer: Display: Audio Mixer Platform Settings:
[2024.08.19-09.50.45:419][  0]LogAudioMixer: Display: 	Sample Rate:						  48000
[2024.08.19-09.50.45:419][  0]LogAudioMixer: Display: 	Callback Buffer Frame Size Requested: 1024
[2024.08.19-09.50.45:419][  0]LogAudioMixer: Display: 	Callback Buffer Frame Size To Use:	  1024
[2024.08.19-09.50.45:419][  0]LogAudioMixer: Display: 	Number of buffers to queue:			  2
[2024.08.19-09.50.45:419][  0]LogAudioMixer: Display: 	Max Channels (voices):				  32
[2024.08.19-09.50.45:419][  0]LogAudioMixer: Display: 	Number of Async Source Workers:		  0
[2024.08.19-09.50.45:419][  0]LogAudio: Display: AudioDevice MaxSources: 32
[2024.08.19-09.50.45:420][  0]LogAudio: Display: Using built-in audio occlusion.
[2024.08.19-09.50.45:420][  0]LogAudioMixer: Display: Initializing audio mixer.
[2024.08.19-09.50.45:460][  0]LogAudioMixer: Display: 0: FrontLeft
[2024.08.19-09.50.45:461][  0]LogAudioMixer: Display: 1: FrontRight
[2024.08.19-09.50.45:487][  0]LogAudioMixer: Display: Using Audio Device VoiceMeeter Input (VB-Audio VoiceMeeter VAIO)
[2024.08.19-09.50.45:490][  0]LogAudioMixer: Display: Initializing Sound Submixes...
[2024.08.19-09.50.45:492][  0]LogAudioMixer: Display: Creating Master Submix 'MasterSubmixDefault'
[2024.08.19-09.50.45:492][  0]LogAudioMixer: Display: Creating Master Submix 'MasterReverbSubmixDefault'
[2024.08.19-09.50.45:493][  0]LogAudioMixer: Display: Creating Master Submix 'MasterEQSubmixDefault'
[2024.08.19-09.50.45:494][  0]LogInit: FAudioDevice initialized.
[2024.08.19-09.50.45:494][  0]LogNetVersion: Set ProjectVersion to 1.0.0.0. Version Checksum will be recalculated on next use.
[2024.08.19-09.50.45:573][  0]LogDerivedDataCache: Saved boot cache 0.08s 79MB C:/Users/12sha/AppData/Local/UnrealEngine/4.25/DerivedDataCache/Boot.ddc.
[2024.08.19-09.50.45:578][  0]LogInit: Texture streaming: Enabled
[2024.08.19-09.50.45:642][  0]LogEngineSessionManager: EngineSessionManager initialized
[2024.08.19-09.50.45:642][  0]LogEditorSessionSummary: Verbose: Initializing EditorSessionSummaryWriter for editor session tracking
[2024.08.19-09.50.45:644][  0]LogEditorSessionSummary: EditorSessionSummaryWriter initialized
[2024.08.19-09.50.45:871][  0]LogInit: Transaction tracking system initialized
[2024.08.19-09.50.46:316][  0]BlueprintLog: New page: Editor Load
[2024.08.19-09.50.47:085][  0]LocalizationService: Localization service is disabled
[2024.08.19-09.50.47:938][  0]LogCook: Display: Max memory allowance for cook 16384mb min free memory 0mb
[2024.08.19-09.50.47:938][  0]LogCook: Display: Mobile HDR setting 1
[2024.08.19-09.50.48:835][  0]LogFileCache: Scanning file cache for directory 'D:/Unreal Projects/Github/GMTKJam2024/GMTK2024/Content/' took 0.01s
[2024.08.19-09.50.49:523][  0]SourceControl: Source control is disabled
[2024.08.19-09.50.49:523][  0]LogUnrealEdMisc: Loading editor; pre map load, took 37.535
[2024.08.19-09.50.49:523][  0]Cmd: MAP LOAD FILE="../../../../../../../Unreal Projects/Github/GMTKJam2024/GMTK2024/Content/ThirdPersonCPP/Maps/ThirdPersonExampleMap.umap" TEMPLATE=0 SHOWPROGRESS=1 FEATURELEVEL=3
[2024.08.19-09.50.49:524][  0]LightingResults: New page: Lighting Build
[2024.08.19-09.50.49:546][  0]LogWorld: UWorld::CleanupWorld for Untitled, bSessionEnded=true, bCleanupResources=true
[2024.08.19-09.50.49:546][  0]LogSlate: InvalidateAllWidgets triggered.  All widgets were invalidated
[2024.08.19-09.50.49:546][  0]MapCheck: New page: Map Check
[2024.08.19-09.50.49:546][  0]LightingResults: New page: Lighting Build
[2024.08.19-09.50.49:565][  0]LogAISub: UAISubsystem::~UAISubsystem EnvQueryManager (000002154C855E00), frame # 0
[2024.08.19-09.50.49:565][  0]LogAISub: UAISubsystem::~UAISubsystem AIPerceptionSystem (000002154C85F4C0), frame # 0
[2024.08.19-09.50.49:566][  0]LogUObjectHash: Compacting FUObjectHashTables data took   0.78ms
[2024.08.19-09.50.49:866][  0]LogAIModule: Creating AISystem for world ThirdPersonExampleMap
[2024.08.19-09.50.49:866][  0]LogAISub: UAISubsystem::UAISubsystem EnvQueryManager (00000215377E3E00), frame # 0
[2024.08.19-09.50.49:866][  0]LogAISub: UAISubsystem::UAISubsystem AIPerceptionSystem (0000021537802D40), frame # 0
[2024.08.19-09.50.49:871][  0]LogEditorServer: Finished looking for orphan Actors (0.000 secs)
[2024.08.19-09.50.49:883][  0]LogUObjectHash: Compacting FUObjectHashTables data took   0.75ms
[2024.08.19-09.50.49:884][  0]Cmd: MAP CHECKDEP NOCLEARLOG
[2024.08.19-09.50.49:884][  0]MapCheck: Map check complete: 0 Error(s), 0 Warning(s), took 0.132ms to complete.
[2024.08.19-09.50.49:884][  0]LogFileHelpers: Loading map 'ThirdPersonExampleMap' took 0.360
[2024.08.19-09.50.49:886][  0]LogUnrealEdMisc: Total Editor Startup Time, took 37.897
[2024.08.19-09.50.50:019][  0]LogSlate: Updating window title bar state: overlay mode, drag disabled, window buttons hidden, title bar hidden
[2024.08.19-09.50.50:026][  0]LogSlate: Updating window title bar state: overlay mode, drag disabled, window buttons hidden, title bar hidden
[2024.08.19-09.50.50:033][  0]LogSlate: Updating window title bar state: overlay mode, drag disabled, window buttons hidden, title bar hidden
[2024.08.19-09.50.50:039][  0]LogSlate: Updating window title bar state: overlay mode, drag disabled, window buttons hidden, title bar hidden
[2024.08.19-09.50.50:070][  0]LogCollectionManager: Loaded 0 collections in 0.000923 seconds
[2024.08.19-09.50.50:113][  0]LogFileCache: Scanning file cache for directory 'D:/Unreal Projects/Github/GMTKJam2024/GMTK2024/Saved/Collections/' took 0.00s
[2024.08.19-09.50.50:113][  0]LogFileCache: Scanning file cache for directory 'D:/Unreal Projects/Github/GMTKJam2024/GMTK2024/Content/Developers/12sha/Collections/' took 0.00s
[2024.08.19-09.50.50:113][  0]LogFileCache: Scanning file cache for directory 'D:/Unreal Projects/Github/GMTKJam2024/GMTK2024/Content/Collections/' took 0.00s
[2024.08.19-09.50.50:113][  0]LogContentBrowser: Native class hierarchy populated in 0.0114 seconds. Added 3434 classes and 824 folders.
[2024.08.19-09.50.50:154][  0]LogContentBrowser: Native class hierarchy updated for 'WidgetCarousel' in 0.0006 seconds. Added 0 classes and 0 folders.
[2024.08.19-09.50.52:593][  0]LogContentBrowser: Native class hierarchy updated for 'AddContentDialog' in 0.0005 seconds. Added 0 classes and 0 folders.
[2024.08.19-09.50.52:597][  0]LogContentBrowser: Native class hierarchy updated for 'SceneOutliner' in 0.0003 seconds. Added 2 classes and 0 folders.
[2024.08.19-09.50.52:726][  0]LogSlate: Took 0.021842 seconds to synchronously load lazily loaded font '../../../Engine/Content/Slate/Fonts/Roboto-Regular.ttf' (155K)
[2024.08.19-09.50.52:761][  0]LogSlate: Took 0.032733 seconds to synchronously load lazily loaded font '../../../Engine/Content/Slate/Fonts/Roboto-Bold.ttf' (160K)
[2024.08.19-09.50.52:791][  0]LogSlate: Took 0.026612 seconds to synchronously load lazily loaded font '../../../Engine/Content/Editor/Slate/Fonts/FontAwesome.ttf' (139K)
[2024.08.19-09.50.52:870][  0]LogRenderer: Reallocating scene render targets to support 1208x572 Format 10 NumSamples 1 (Frame:1).
[2024.08.19-09.50.52:999][  0]LogContentBrowser: Native class hierarchy updated for 'HierarchicalLODOutliner' in 0.0004 seconds. Added 0 classes and 0 folders.
[2024.08.19-09.50.52:999][  0]LogLoad: (Engine Initialization) Total time: 41.01 seconds
[2024.08.19-09.50.52:999][  0]LogLoad: (Engine Initialization) Total Blueprint compile time: 0.00 seconds
[2024.08.19-09.50.53:033][  0]LogAssetRegistry: Asset discovery search completed in 21.8647 seconds
[2024.08.19-09.50.53:036][  0]LogCollectionManager: Fixed up redirectors for 0 collections in 0.000003 seconds (updated 0 objects)
[2024.08.19-09.50.53:037][  0]LogContentStreaming: Texture pool size now 1000 MB
[2024.08.19-09.50.53:110][  0]LogSlate: Took 0.047255 seconds to synchronously load lazily loaded font '../../../Engine/Content/Slate/Fonts/Roboto-Light.ttf' (167K)
[2024.08.19-09.50.54:051][105]LogSlate: Took 0.000314 seconds to synchronously load lazily loaded font '../../../Engine/Content/Slate/Fonts/Roboto-Light.ttf' (167K)
[2024.08.19-09.52.56:298][417]LogUObjectHash: Compacting FUObjectHashTables data took   0.97ms
[2024.08.19-09.52.56:347][417]LogUObjectHash: Compacting FUObjectHashTables data took   0.78ms
[2024.08.19-09.52.56:355][417]LogMetaData: Removing '/Game/Game/Blueprints/Character/BP_Player.BP_Player:UserConstructionScript.K2Node_FunctionEntry_0' ref from Metadata '/Game/Game/Blueprints/Character/BP_TempPlayer.PackageMetaData'
[2024.08.19-09.52.56:355][417]LogMetaData: Removing '/Game/Game/Blueprints/Character/BP_Player.BP_Player_C' ref from Metadata '/Game/Game/Blueprints/Character/BP_TempPlayer.PackageMetaData'
[2024.08.19-09.52.56:355][417]LogMetaData: Removing '/Game/Game/Blueprints/Character/BP_Player.BP_Player:EventGraph.K2Node_Event_0' ref from Metadata '/Game/Game/Blueprints/Character/BP_TempPlayer.PackageMetaData'
[2024.08.19-09.52.56:355][417]LogMetaData: Removing '/Game/Game/Blueprints/Character/BP_Player.BP_Player:EventGraph.K2Node_Event_1' ref from Metadata '/Game/Game/Blueprints/Character/BP_TempPlayer.PackageMetaData'
[2024.08.19-09.52.56:355][417]LogMetaData: Removing '/Game/Game/Blueprints/Character/BP_Player.BP_Player:EventGraph.K2Node_Event_2' ref from Metadata '/Game/Game/Blueprints/Character/BP_TempPlayer.PackageMetaData'
[2024.08.19-09.52.56:355][417]LogMetaData: Removing '/Game/Game/Blueprints/Character/BP_Player.SKEL_BP_Player_C' ref from Metadata '/Game/Game/Blueprints/Character/BP_TempPlayer.PackageMetaData'
[2024.08.19-09.52.56:478][417]LogSavePackage: Moving '../../../../../../../Unreal Projects/Github/GMTKJam2024/GMTK2024/Saved/BP_Player08378DA746CF236BA2308C8EBC1B56C1.tmp' to '../../../../../../../Unreal Projects/Github/GMTKJam2024/GMTK2024/Content/Game/Blueprints/Character/BP_Player.uasset'
[2024.08.19-09.52.56:679][417]LogUObjectHash: Compacting FUObjectHashTables data took   0.75ms
[2024.08.19-09.52.56:701][417]LogUObjectHash: Compacting FUObjectHashTables data took   0.66ms
[2024.08.19-09.52.56:711][417]LogUObjectHash: Compacting FUObjectHashTables data took   0.26ms
[2024.08.19-09.52.56:845][417]LogSavePackage: Moving '../../../../../../../Unreal Projects/Github/GMTKJam2024/GMTK2024/Saved/ABP_Robot28C3586D414D59DDD519A49F62661C95.tmp' to '../../../../../../../Unreal Projects/Github/GMTKJam2024/GMTK2024/Content/Game/Blueprints/Character/ABP_Robot.uasset'
[2024.08.19-09.52.56:868][417]Cmd: OBJ SAVEPACKAGE PACKAGE="/Game/Game/Blueprints/GameMode/BP_GM" FILE="../../../../../../../Unreal Projects/Github/GMTKJam2024/GMTK2024/Content/Game/Blueprints/GameMode/BP_GM.uasset" SILENT=true
[2024.08.19-09.52.56:906][417]LogSavePackage: Moving '../../../../../../../Unreal Projects/Github/GMTKJam2024/GMTK2024/Saved/BP_GM7D22E8F548425D800CC1C5AF40D113E9.tmp' to '../../../../../../../Unreal Projects/Github/GMTKJam2024/GMTK2024/Content/Game/Blueprints/GameMode/BP_GM.uasset'
[2024.08.19-09.52.57:054][417]AssetCheck: New page: Asset Save: multiple assets
[2024.08.19-09.52.57:054][417]LogContentValidation: Display: Validating Blueprint /Game/Game/Blueprints/Character/BP_Player.BP_Player
[2024.08.19-09.52.57:054][417]LogContentValidation: Display: Validating AnimBlueprint /Game/Game/Blueprints/Character/ABP_Robot.ABP_Robot
[2024.08.19-09.52.57:054][417]LogContentValidation: Display: Validating Blueprint /Game/Game/Blueprints/GameMode/BP_GM.BP_GM
[2024.08.19-09.52.57:975][519]LogAssetEditorSubsystem: Opening Asset editor for Blueprint /Game/Game/Blueprints/Character/BP_Player.BP_Player
[2024.08.19-09.52.58:153][519]LogContentBrowser: Native class hierarchy updated for 'BlueprintGraph' in 0.0007 seconds. Added 125 classes and 0 folders.
[2024.08.19-09.53.02:029][761]LogSlate: Window 'BP_Player' being destroyed
[2024.08.19-09.53.03:200][895]LogWorld: UWorld::CleanupWorld for World_3, bSessionEnded=true, bCleanupResources=true
[2024.08.19-09.53.03:200][895]LogSlate: InvalidateAllWidgets triggered.  All widgets were invalidated
[2024.08.19-09.53.03:328][895]LogAssetEditorSubsystem: Opening Asset editor for Blueprint /Game/Game/Blueprints/Character/BP_Player.BP_Player
[2024.08.19-09.53.03:694][895]LogSlate: Took 0.000313 seconds to synchronously load lazily loaded font '../../../Engine/Content/Slate/Fonts/Roboto-BoldCondensed.ttf' (158K)
[2024.08.19-09.53.05:640][ 88]LogSlate: Window 'BP_Player' being destroyed
[2024.08.19-09.53.14:284][ 50]LogSlate: Took 0.000345 seconds to synchronously load lazily loaded font '../../../Engine/Content/Slate/Fonts/Roboto-Italic.ttf' (157K)
[2024.08.19-09.54.17:709][388]BlueprintLog: New page: Compile BP_Player
[2024.08.19-09.54.17:785][388]LogUObjectHash: Compacting FUObjectHashTables data took   2.67ms
[2024.08.19-09.54.17:825][388]LogSlate: Took 0.000510 seconds to synchronously load lazily loaded font '../../../Engine/Content/Slate/Fonts/DroidSansMono.ttf' (77K)
[2024.08.19-09.54.18:464][441]LogSavePackage: Moving '../../../../../../../Unreal Projects/Github/GMTKJam2024/GMTK2024/Saved/BP_PlayerDA042CE942D92B1D981CB692DF297B44.tmp' to '../../../../../../../Unreal Projects/Github/GMTKJam2024/GMTK2024/Content/Game/Blueprints/Character/BP_Player.uasset'
[2024.08.19-09.54.18:481][441]AssetCheck: New page: Asset Save: BP_Player
[2024.08.19-09.54.18:481][441]LogContentValidation: Display: Validating Blueprint /Game/Game/Blueprints/Character/BP_Player.BP_Player
[2024.08.19-09.54.32:079][908]LogEditorViewport: Clicking on Actor (LMB): BP_ShrinkObject_C (BP_ShrinkObject)
[2024.08.19-09.54.32:646][967]LogEditorViewport: Clicking on Actor (LMB): BP_ShrinkObject_C (BP_ShrinkObject)
[2024.08.19-09.54.34:137][131]LogAssetEditorSubsystem: Opening Asset editor for Blueprint /Game/Game/Blueprints/Grabbables/BP_ShrinkObject.BP_ShrinkObject
[2024.08.19-09.54.43:116][102]LogAssetEditorSubsystem: Opening Asset editor for Blueprint /Game/Game/Blueprints/Grabbables/BP_GrowObject.BP_GrowObject
[2024.08.19-09.54.46:023][389]BlueprintLog: New page: Compile BP_GrowObject
[2024.08.19-09.54.46:067][389]LogUObjectHash: Compacting FUObjectHashTables data took   2.12ms
[2024.08.19-09.54.46:702][447]LogSavePackage: Moving '../../../../../../../Unreal Projects/Github/GMTKJam2024/GMTK2024/Saved/BP_GrowObject6561FABE49A0E3FC7BD832BA030EBB06.tmp' to '../../../../../../../Unreal Projects/Github/GMTKJam2024/GMTK2024/Content/Game/Blueprints/Grabbables/BP_GrowObject.uasset'
[2024.08.19-09.54.46:717][447]AssetCheck: New page: Asset Save: BP_GrowObject
[2024.08.19-09.54.46:717][447]LogContentValidation: Display: Validating Blueprint /Game/Game/Blueprints/Grabbables/BP_GrowObject.BP_GrowObject
[2024.08.19-09.54.48:315][617]LogUObjectHash: Compacting FUObjectHashTables data took   1.93ms
[2024.08.19-09.54.48:374][617]LogSavePackage: Moving '../../../../../../../Unreal Projects/Github/GMTKJam2024/GMTK2024/Saved/ThirdPersonExampleMap6395662540D3C9DE9F638EBBFD9870DA.tmp' to '../../../../../../../Unreal Projects/Github/GMTKJam2024/GMTK2024/Content/ThirdPersonCPP/Maps/ThirdPersonExampleMap.umap'
[2024.08.19-09.54.48:487][617]LogSavePackage: Moving '../../../../../../../Unreal Projects/Github/GMTKJam2024/GMTK2024/Saved/ThirdPersonExampleMap_BuiltDataBC0AB7FA469F4BF5E8D4BBAEC8428641.tmp' to '../../../../../../../Unreal Projects/Github/GMTKJam2024/GMTK2024/Content/ThirdPersonCPP/Maps/ThirdPersonExampleMap_BuiltData.uasset'
[2024.08.19-09.54.48:505][617]AssetCheck: New page: Asset Save: multiple assets
[2024.08.19-09.54.48:505][617]LogContentValidation: Display: Validating World /Game/ThirdPersonCPP/Maps/ThirdPersonExampleMap.ThirdPersonExampleMap
[2024.08.19-09.54.48:505][617]LogContentValidation: Display: Validating MapBuildDataRegistry /Game/ThirdPersonCPP/Maps/ThirdPersonExampleMap_BuiltData.ThirdPersonExampleMap_BuiltData
[2024.08.19-09.54.50:142][788]LogTemp: Repeating last play command: Selected Viewport
[2024.08.19-09.54.50:215][788]BlueprintLog: New page: Pre-Play auto-recompile
[2024.08.19-09.54.50:216][788]LogPlayLevel: [PlayLevel] Compiling ABP_Robot before play...
[2024.08.19-09.54.50:301][788]LogUObjectHash: Compacting FUObjectHashTables data took   2.06ms
[2024.08.19-09.54.50:302][788]LogPlayLevel: PlayLevel: Blueprint regeneration took 86 ms (1 blueprints)
[2024.08.19-09.54.50:327][788]PIE: New page: PIE session: ThirdPersonExampleMap (19 Aug 2024, 11:54:50)
[2024.08.19-09.54.50:350][788]LogOnline: OSS: Creating online subsystem instance for: NULL
[2024.08.19-09.54.50:351][788]LogOnline: OSS: TryLoadSubsystemAndSetDefault: Loaded subsystem for module [NULL]
[2024.08.19-09.54.50:371][788]LogPlayLevel: Creating play world package: /Game/ThirdPersonCPP/Maps/UEDPIE_0_ThirdPersonExampleMap
[2024.08.19-09.54.50:420][788]LogPlayLevel: PIE: StaticDuplicateObject took: (0.048979s)
[2024.08.19-09.54.50:435][788]LogAIModule: Creating AISystem for world ThirdPersonExampleMap
[2024.08.19-09.54.50:435][788]LogAISub: UAISubsystem::UAISubsystem EnvQueryManager (00000215B4EDFE00), frame # 25788
[2024.08.19-09.54.50:435][788]LogAISub: UAISubsystem::UAISubsystem AIPerceptionSystem (00000215BCB81800), frame # 25788
[2024.08.19-09.54.50:435][788]LogPlayLevel: PIE: World Init took: (0.014693s)
[2024.08.19-09.54.50:435][788]LogPlayLevel: PIE: Created PIE world by copying editor world from /Game/ThirdPersonCPP/Maps/ThirdPersonExampleMap.ThirdPersonExampleMap to /Game/ThirdPersonCPP/Maps/UEDPIE_0_ThirdPersonExampleMap.ThirdPersonExampleMap (0.064831s)
[2024.08.19-09.54.50:462][788]LogUObjectHash: Compacting FUObjectHashTables data took   1.60ms
[2024.08.19-09.54.50:464][788]LogAudioMixer: Display: Audio Mixer Platform Settings:
[2024.08.19-09.54.50:464][788]LogAudioMixer: Display: 	Sample Rate:						  48000
[2024.08.19-09.54.50:464][788]LogAudioMixer: Display: 	Callback Buffer Frame Size Requested: 1024
[2024.08.19-09.54.50:464][788]LogAudioMixer: Display: 	Callback Buffer Frame Size To Use:	  1024
[2024.08.19-09.54.50:464][788]LogAudioMixer: Display: 	Number of buffers to queue:			  2
[2024.08.19-09.54.50:464][788]LogAudioMixer: Display: 	Max Channels (voices):				  32
[2024.08.19-09.54.50:464][788]LogAudioMixer: Display: 	Number of Async Source Workers:		  0
[2024.08.19-09.54.50:464][788]LogAudio: Display: AudioDevice MaxSources: 32
[2024.08.19-09.54.50:465][788]LogAudio: Display: Using built-in audio occlusion.
[2024.08.19-09.54.50:465][788]LogAudioMixer: Display: Initializing audio mixer.
[2024.08.19-09.54.50:469][788]LogAudioMixer: Display: 0: FrontLeft
[2024.08.19-09.54.50:469][788]LogAudioMixer: Display: 1: FrontRight
[2024.08.19-09.54.50:484][788]LogAudioMixer: Display: Using Audio Device VoiceMeeter Input (VB-Audio VoiceMeeter VAIO)
[2024.08.19-09.54.50:484][788]LogAudioMixer: Display: Initializing Sound Submixes...
[2024.08.19-09.54.50:484][788]LogAudioMixer: Display: Creating Master Submix 'MasterSubmixDefault'
[2024.08.19-09.54.50:484][788]LogAudioMixer: Display: Creating Master Submix 'MasterReverbSubmixDefault'
[2024.08.19-09.54.50:485][788]LogAudioMixer: Display: Creating Master Submix 'MasterEQSubmixDefault'
[2024.08.19-09.54.50:496][788]LogInit: FAudioDevice initialized.
[2024.08.19-09.54.50:563][788]LogLoad: Game class is 'BP_GM_C'
[2024.08.19-09.54.50:620][788]LogWorld: Bringing World /Game/ThirdPersonCPP/Maps/UEDPIE_0_ThirdPersonExampleMap.ThirdPersonExampleMap up for play (max tick rate 0) at 2024.08.19-10.54.50
[2024.08.19-09.54.50:651][788]LogWorld: Bringing up level for play took: 0.032048
[2024.08.19-09.54.50:652][788]LogOnline: OSS: Creating online subsystem instance for: :Context_12
[2024.08.19-09.54.50:721][788]LogContentBrowser: Native class hierarchy updated for 'MovieSceneCapture' in 0.0006 seconds. Added 20 classes and 0 folders.
[2024.08.19-09.54.50:779][788]LogPawn: Error: EnableInput can only be specified on a Pawn for its Controller
[2024.08.19-09.54.50:798][788]PIE: Server logged in
[2024.08.19-09.54.50:800][788]PIE: Play in editor total start time 0.647 seconds.
[2024.08.19-09.54.55:170][260]LogTemp: Warning: STARTING GRAB
[2024.08.19-09.54.56:584][427]LogTemp: Warning: USING HELD OBJECT
[2024.08.19-09.55.00:483][894]LogTemp: Warning: STARTING GRAB
[2024.08.19-09.55.03:058][203]LogTemp: Warning: USING HELD OBJECT
[2024.08.19-09.55.07:362][710]LogSlate: Updating window title bar state: overlay mode, drag disabled, window buttons hidden, title bar hidden
[2024.08.19-09.55.07:362][710]LogWorld: BeginTearingDown for /Game/ThirdPersonCPP/Maps/UEDPIE_0_ThirdPersonExampleMap
[2024.08.19-09.55.07:362][710]LogWorld: UWorld::CleanupWorld for ThirdPersonExampleMap, bSessionEnded=true, bCleanupResources=true
[2024.08.19-09.55.07:363][710]LogSlate: InvalidateAllWidgets triggered.  All widgets were invalidated
[2024.08.19-09.55.07:372][710]LogPlayLevel: Display: Shutting down PIE online subsystems
[2024.08.19-09.55.07:558][710]LogSlate: InvalidateAllWidgets triggered.  All widgets were invalidated
[2024.08.19-09.55.07:589][710]LogSlate: Updating window title bar state: overlay mode, drag disabled, window buttons hidden, title bar hidden
[2024.08.19-09.55.08:054][710]LogAISub: UAISubsystem::~UAISubsystem AIPerceptionSystem (00000215BCB81800), frame # 27710
[2024.08.19-09.55.08:054][710]LogAISub: UAISubsystem::~UAISubsystem EnvQueryManager (00000215B4EDFE00), frame # 27710
[2024.08.19-09.55.08:073][710]LogUObjectHash: Compacting FUObjectHashTables data took   3.30ms
[2024.08.19-09.55.08:104][711]LogPlayLevel: Display: Destroying online subsystem :Context_12
[2024.08.19-09.55.11:306][ 79]LogEditorViewport: Clicking on Actor (LMB): BP_ShrinkObject_C (BP_ShrinkObject)
[2024.08.19-09.55.16:857][708]LogEditorViewport: Clicking on Actor (LMB): BP_GrowObject_C (BP_GrowObject)
[2024.08.19-09.55.19:701][ 42]LogEditorViewport: Clicking on Actor (LMB): BP_GrowObject_C (BP_GrowObject)
[2024.08.19-09.55.22:001][313]LogEditorViewport: Clicking on Actor (LMB): BP_ShrinkObject_C (BP_ShrinkObject)
[2024.08.19-10.05.05:795][449]LogUObjectHash: Compacting FUObjectHashTables data took   3.11ms
[2024.08.19-10.05.05:830][449]LogSavePackage: Moving '../../../../../../../Unreal Projects/Github/GMTKJam2024/GMTK2024/Saved/ThirdPersonExampleMap_Auto1AD4828F34B68627A93F54090B45C1917.tmp' to '../../../../../../../Unreal Projects/Github/GMTKJam2024/GMTK2024/Saved/Autosaves/Game/ThirdPersonCPP/Maps/ThirdPersonExampleMap_Auto1.umap'
[2024.08.19-10.05.05:890][449]LogFileHelpers: Editor autosave (incl. sublevels) for '/Game/ThirdPersonCPP/Maps/ThirdPersonExampleMap' took 0.137
[2024.08.19-10.05.05:890][449]LogFileHelpers: Editor autosave (incl. sublevels) for all levels took 0.137
[2024.08.19-10.29.36:174][989]LogTemp: Repeating last play command: Selected Viewport
[2024.08.19-10.29.36:187][989]LogPlayLevel: PlayLevel: No blueprints needed recompiling
[2024.08.19-10.29.36:187][989]PIE: New page: PIE session: ThirdPersonExampleMap (19 Aug 2024, 12:29:36)
[2024.08.19-10.29.36:187][989]LogPlayLevel: Creating play world package: /Game/ThirdPersonCPP/Maps/UEDPIE_0_ThirdPersonExampleMap
[2024.08.19-10.29.36:202][989]LogPlayLevel: PIE: StaticDuplicateObject took: (0.014154s)
[2024.08.19-10.29.36:203][989]LogAIModule: Creating AISystem for world ThirdPersonExampleMap
[2024.08.19-10.29.36:203][989]LogAISub: UAISubsystem::UAISubsystem EnvQueryManager (000002159E455600), frame # 35989
[2024.08.19-10.29.36:223][989]LogAISub: UAISubsystem::UAISubsystem AIPerceptionSystem (00000215A42AB100), frame # 35989
[2024.08.19-10.29.36:224][989]LogPlayLevel: PIE: World Init took: (0.022134s)
[2024.08.19-10.29.36:224][989]LogPlayLevel: PIE: Created PIE world by copying editor world from /Game/ThirdPersonCPP/Maps/ThirdPersonExampleMap.ThirdPersonExampleMap to /Game/ThirdPersonCPP/Maps/UEDPIE_0_ThirdPersonExampleMap.ThirdPersonExampleMap (0.036467s)
[2024.08.19-10.29.36:255][989]LogUObjectHash: Compacting FUObjectHashTables data took   2.59ms
[2024.08.19-10.29.36:259][989]LogAudioMixer: Display: Audio Mixer Platform Settings:
[2024.08.19-10.29.36:259][989]LogAudioMixer: Display: 	Sample Rate:						  48000
[2024.08.19-10.29.36:259][989]LogAudioMixer: Display: 	Callback Buffer Frame Size Requested: 1024
[2024.08.19-10.29.36:259][989]LogAudioMixer: Display: 	Callback Buffer Frame Size To Use:	  1024
[2024.08.19-10.29.36:259][989]LogAudioMixer: Display: 	Number of buffers to queue:			  2
[2024.08.19-10.29.36:259][989]LogAudioMixer: Display: 	Max Channels (voices):				  32
[2024.08.19-10.29.36:259][989]LogAudioMixer: Display: 	Number of Async Source Workers:		  0
[2024.08.19-10.29.36:259][989]LogAudio: Display: AudioDevice MaxSources: 32
[2024.08.19-10.29.36:260][989]LogAudio: Display: Using built-in audio occlusion.
[2024.08.19-10.29.36:260][989]LogAudioMixer: Display: Initializing audio mixer.
[2024.08.19-10.29.36:265][989]LogAudioMixer: Display: 0: FrontLeft
[2024.08.19-10.29.36:265][989]LogAudioMixer: Display: 1: FrontRight
[2024.08.19-10.29.36:287][989]LogAudioMixer: Display: Using Audio Device VoiceMeeter Input (VB-Audio VoiceMeeter VAIO)
[2024.08.19-10.29.36:287][989]LogAudioMixer: Display: Initializing Sound Submixes...
[2024.08.19-10.29.36:287][989]LogAudioMixer: Display: Creating Master Submix 'MasterSubmixDefault'
[2024.08.19-10.29.36:287][989]LogAudioMixer: Display: Creating Master Submix 'MasterReverbSubmixDefault'
[2024.08.19-10.29.36:289][989]LogAudioMixer: Display: Creating Master Submix 'MasterEQSubmixDefault'
[2024.08.19-10.29.36:302][989]LogInit: FAudioDevice initialized.
[2024.08.19-10.29.36:314][989]LogLoad: Game class is 'BP_GM_C'
[2024.08.19-10.29.36:316][989]LogWorld: Bringing World /Game/ThirdPersonCPP/Maps/UEDPIE_0_ThirdPersonExampleMap.ThirdPersonExampleMap up for play (max tick rate 0) at 2024.08.19-11.29.36
[2024.08.19-10.29.36:317][989]LogWorld: Bringing up level for play took: 0.001691
[2024.08.19-10.29.36:317][989]LogOnline: OSS: Creating online subsystem instance for: :Context_13
[2024.08.19-10.29.36:345][989]LogPawn: Error: EnableInput can only be specified on a Pawn for its Controller
[2024.08.19-10.29.36:346][989]PIE: Server logged in
[2024.08.19-10.29.36:347][989]PIE: Play in editor total start time 0.162 seconds.
[2024.08.19-10.29.42:907][767]LogTemp: Warning: STARTING GRAB
[2024.08.19-10.29.46:031][141]LogTemp: Warning: STARTING GRAB
[2024.08.19-10.29.46:681][219]LogTemp: Warning: USING HELD OBJECT
[2024.08.19-10.29.48:247][407]LogTemp: Warning: STARTING GRAB
[2024.08.19-10.29.48:681][459]LogTemp: Warning: USING HELD OBJECT
[2024.08.19-10.29.54:890][175]LogTemp: Warning: STARTING GRAB
[2024.08.19-10.29.56:933][420]LogTemp: Warning: USING HELD OBJECT
[2024.08.19-10.29.59:279][701]LogTemp: Warning: STARTING GRAB
[2024.08.19-10.29.59:588][738]LogTemp: Warning: USING HELD OBJECT
[2024.08.19-10.30.02:006][ 28]LogTemp: Warning: STARTING GRAB
[2024.08.19-10.30.02:866][131]LogTemp: Warning: USING HELD OBJECT
[2024.08.19-10.30.06:999][621]LogSlate: Updating window title bar state: overlay mode, drag disabled, window buttons hidden, title bar hidden
[2024.08.19-10.30.06:999][621]LogWorld: BeginTearingDown for /Game/ThirdPersonCPP/Maps/UEDPIE_0_ThirdPersonExampleMap
[2024.08.19-10.30.06:999][621]LogWorld: UWorld::CleanupWorld for ThirdPersonExampleMap, bSessionEnded=true, bCleanupResources=true
[2024.08.19-10.30.07:000][621]LogSlate: InvalidateAllWidgets triggered.  All widgets were invalidated
[2024.08.19-10.30.07:007][621]LogPlayLevel: Display: Shutting down PIE online subsystems
[2024.08.19-10.30.07:012][621]LogSlate: InvalidateAllWidgets triggered.  All widgets were invalidated
[2024.08.19-10.30.07:041][621]LogSlate: Updating window title bar state: overlay mode, drag disabled, window buttons hidden, title bar hidden
[2024.08.19-10.30.07:056][621]LogAISub: UAISubsystem::~UAISubsystem AIPerceptionSystem (00000215A42AB100), frame # 39621
[2024.08.19-10.30.07:056][621]LogAISub: UAISubsystem::~UAISubsystem EnvQueryManager (000002159E455600), frame # 39621
[2024.08.19-10.30.07:059][621]LogUObjectHash: Compacting FUObjectHashTables data took   2.57ms
[2024.08.19-10.30.07:095][622]LogPlayLevel: Display: Destroying online subsystem :Context_13
[2024.08.19-11.21.21:727][917]LogSlate: Window 'Project Settings' being destroyed
[2024.08.19-11.21.21:733][917]LogSlate: Window 'Project Settings' being destroyed
[2024.08.19-12.27.56:425][734]LogUObjectHash: Compacting FUObjectHashTables data took   6.98ms
[2024.08.19-12.27.56:558][734]LogSavePackage: Moving '../../../../../../../Unreal Projects/Github/GMTKJam2024/GMTK2024/Saved/ThirdPersonExampleMap98EDDBE54DF1EE853972CE9A24EC72E5.tmp' to '../../../../../../../Unreal Projects/Github/GMTKJam2024/GMTK2024/Content/ThirdPersonCPP/Maps/ThirdPersonExampleMap.umap'
[2024.08.19-12.27.56:795][734]LogSavePackage: Moving '../../../../../../../Unreal Projects/Github/GMTKJam2024/GMTK2024/Saved/ThirdPersonExampleMap_BuiltDataD52BD31740055794E4A32E90DA4A824D.tmp' to '../../../../../../../Unreal Projects/Github/GMTKJam2024/GMTK2024/Content/ThirdPersonCPP/Maps/ThirdPersonExampleMap_BuiltData.uasset'
[2024.08.19-12.27.56:907][734]AssetCheck: New page: Asset Save: multiple assets
[2024.08.19-12.27.56:907][734]LogContentValidation: Display: Validating World /Game/ThirdPersonCPP/Maps/ThirdPersonExampleMap.ThirdPersonExampleMap
[2024.08.19-12.27.56:907][734]LogContentValidation: Display: Validating MapBuildDataRegistry /Game/ThirdPersonCPP/Maps/ThirdPersonExampleMap_BuiltData.ThirdPersonExampleMap_BuiltData
